[0.120s] DEBUG:colcon:Command line arguments: ['/usr/bin/colcon', 'build']
[0.120s] DEBUG:colcon:Parsed command line arguments: Namespace(log_base=None, log_level=None, verb_name='build', build_base='build', install_base='install', merge_install=False, symlink_install=False, test_result_base=None, continue_on_error=False, executor='parallel', parallel_workers=8, event_handlers=None, ignore_user_meta=False, metas=['./colcon.meta'], base_paths=['.'], packages_ignore=None, packages_ignore_regex=None, paths=None, packages_up_to=None, packages_up_to_regex=None, packages_above=None, packages_above_and_dependencies=None, packages_above_depth=None, packages_select_by_dep=None, packages_skip_by_dep=None, packages_skip_up_to=None, packages_select_build_failed=False, packages_skip_build_finished=False, packages_select_test_failures=False, packages_skip_test_passed=False, packages_select=None, packages_skip=None, packages_select_regex=None, packages_skip_regex=None, packages_start=None, packages_end=None, allow_overriding=[], cmake_args=None, cmake_target=None, cmake_target_skip_unavailable=False, cmake_clean_cache=False, cmake_clean_first=False, cmake_force_configure=False, ament_cmake_args=None, catkin_cmake_args=None, catkin_skip_building_tests=False, mixin_files=None, mixin=None, verb_parser=<colcon_mixin.mixin.mixin_argument.MixinArgumentDecorator object at 0x7989166a96d0>, verb_extension=<colcon_core.verb.build.BuildVerb object at 0x7989170764b0>, main=<bound method BuildVerb.main of <colcon_core.verb.build.BuildVerb object at 0x7989170764b0>>, mixin_verb=('build',))
[0.162s] Level 1:colcon.colcon_core.package_discovery:discover_packages(colcon_meta) check parameters
[0.162s] Level 1:colcon.colcon_core.package_discovery:discover_packages(recursive) check parameters
[0.162s] Level 1:colcon.colcon_core.package_discovery:discover_packages(ignore) check parameters
[0.162s] Level 1:colcon.colcon_core.package_discovery:discover_packages(path) check parameters
[0.162s] Level 1:colcon.colcon_core.package_discovery:discover_packages(colcon_meta) discover
[0.162s] Level 1:colcon.colcon_core.package_discovery:discover_packages(recursive) discover
[0.162s] INFO:colcon.colcon_core.package_discovery:Crawling recursively for packages in '/home/robot/Documents/sas_robot_driver_px100'
[0.162s] Level 1:colcon.colcon_core.package_identification:_identify(.) by extensions ['ignore', 'ignore_ament_install']
[0.162s] Level 1:colcon.colcon_core.package_identification:_identify(.) by extension 'ignore'
[0.162s] Level 1:colcon.colcon_core.package_identification:_identify(.) by extension 'ignore_ament_install'
[0.163s] Level 1:colcon.colcon_core.package_identification:_identify(.) by extensions ['colcon_pkg']
[0.163s] Level 1:colcon.colcon_core.package_identification:_identify(.) by extension 'colcon_pkg'
[0.163s] Level 1:colcon.colcon_core.package_identification:_identify(.) by extensions ['colcon_meta']
[0.163s] Level 1:colcon.colcon_core.package_identification:_identify(.) by extension 'colcon_meta'
[0.163s] Level 1:colcon.colcon_core.package_identification:_identify(.) by extensions ['ros']
[0.163s] Level 1:colcon.colcon_core.package_identification:_identify(.) by extension 'ros'
[0.190s] Level 1:colcon.colcon_core.package_identification:_identify(.) by extensions ['cmake', 'python']
[0.190s] Level 1:colcon.colcon_core.package_identification:_identify(.) by extension 'cmake'
[0.190s] Level 1:colcon.colcon_core.package_identification:_identify(.) by extension 'python'
[0.190s] Level 1:colcon.colcon_core.package_identification:_identify(.) by extensions ['python_setup_py']
[0.190s] Level 1:colcon.colcon_core.package_identification:_identify(.) by extension 'python_setup_py'
[0.190s] Level 1:colcon.colcon_core.package_identification:_identify(build) by extensions ['ignore', 'ignore_ament_install']
[0.190s] Level 1:colcon.colcon_core.package_identification:_identify(build) by extension 'ignore'
[0.190s] Level 1:colcon.colcon_core.package_identification:_identify(build) ignored
[0.191s] Level 1:colcon.colcon_core.package_identification:_identify(install) by extensions ['ignore', 'ignore_ament_install']
[0.191s] Level 1:colcon.colcon_core.package_identification:_identify(install) by extension 'ignore'
[0.191s] Level 1:colcon.colcon_core.package_identification:_identify(install) ignored
[0.191s] Level 1:colcon.colcon_core.package_identification:_identify(log) by extensions ['ignore', 'ignore_ament_install']
[0.191s] Level 1:colcon.colcon_core.package_identification:_identify(log) by extension 'ignore'
[0.191s] Level 1:colcon.colcon_core.package_identification:_identify(log) ignored
[0.191s] Level 1:colcon.colcon_core.package_identification:_identify(src) by extensions ['ignore', 'ignore_ament_install']
[0.191s] Level 1:colcon.colcon_core.package_identification:_identify(src) by extension 'ignore'
[0.191s] Level 1:colcon.colcon_core.package_identification:_identify(src) by extension 'ignore_ament_install'
[0.191s] Level 1:colcon.colcon_core.package_identification:_identify(src) by extensions ['colcon_pkg']
[0.191s] Level 1:colcon.colcon_core.package_identification:_identify(src) by extension 'colcon_pkg'
[0.191s] Level 1:colcon.colcon_core.package_identification:_identify(src) by extensions ['colcon_meta']
[0.191s] Level 1:colcon.colcon_core.package_identification:_identify(src) by extension 'colcon_meta'
[0.191s] Level 1:colcon.colcon_core.package_identification:_identify(src) by extensions ['ros']
[0.192s] Level 1:colcon.colcon_core.package_identification:_identify(src) by extension 'ros'
[0.192s] Level 1:colcon.colcon_core.package_identification:_identify(src) by extensions ['cmake', 'python']
[0.192s] Level 1:colcon.colcon_core.package_identification:_identify(src) by extension 'cmake'
[0.192s] Level 1:colcon.colcon_core.package_identification:_identify(src) by extension 'python'
[0.192s] Level 1:colcon.colcon_core.package_identification:_identify(src) by extensions ['python_setup_py']
[0.192s] Level 1:colcon.colcon_core.package_identification:_identify(src) by extension 'python_setup_py'
[0.192s] Level 1:colcon.colcon_core.package_identification:_identify(src/sas_robot_driver_px100) by extensions ['ignore', 'ignore_ament_install']
[0.192s] Level 1:colcon.colcon_core.package_identification:_identify(src/sas_robot_driver_px100) by extension 'ignore'
[0.192s] Level 1:colcon.colcon_core.package_identification:_identify(src/sas_robot_driver_px100) by extension 'ignore_ament_install'
[0.192s] Level 1:colcon.colcon_core.package_identification:_identify(src/sas_robot_driver_px100) by extensions ['colcon_pkg']
[0.192s] Level 1:colcon.colcon_core.package_identification:_identify(src/sas_robot_driver_px100) by extension 'colcon_pkg'
[0.192s] Level 1:colcon.colcon_core.package_identification:_identify(src/sas_robot_driver_px100) by extensions ['colcon_meta']
[0.192s] Level 1:colcon.colcon_core.package_identification:_identify(src/sas_robot_driver_px100) by extension 'colcon_meta'
[0.192s] Level 1:colcon.colcon_core.package_identification:_identify(src/sas_robot_driver_px100) by extensions ['ros']
[0.192s] Level 1:colcon.colcon_core.package_identification:_identify(src/sas_robot_driver_px100) by extension 'ros'
[0.195s] DEBUG:colcon.colcon_core.package_identification:Package 'src/sas_robot_driver_px100' with type 'ros.ament_cmake' and name 'sas_robot_driver_px100'
[0.195s] Level 1:colcon.colcon_core.package_discovery:discover_packages(recursive) using defaults
[0.195s] Level 1:colcon.colcon_core.package_discovery:discover_packages(ignore) discover
[0.195s] Level 1:colcon.colcon_core.package_discovery:discover_packages(ignore) using defaults
[0.195s] Level 1:colcon.colcon_core.package_discovery:discover_packages(path) discover
[0.195s] Level 1:colcon.colcon_core.package_discovery:discover_packages(path) using defaults
[0.214s] Level 1:colcon.colcon_core.package_discovery:discover_packages(prefix_path) check parameters
[0.214s] Level 1:colcon.colcon_core.package_discovery:discover_packages(prefix_path) discover
[0.216s] DEBUG:colcon.colcon_installed_package_information.package_discovery:Found 1 installed packages in /home/robot/Documents/sas_robot_driver_px100/install
[0.219s] DEBUG:colcon.colcon_installed_package_information.package_discovery:Found 313 installed packages in /opt/ros/jazzy
[0.222s] Level 1:colcon.colcon_core.package_discovery:discover_packages(prefix_path) using defaults
[0.274s] Level 5:colcon.colcon_core.verb:set package 'sas_robot_driver_px100' build argument 'cmake_args' from command line to 'None'
[0.274s] Level 5:colcon.colcon_core.verb:set package 'sas_robot_driver_px100' build argument 'cmake_target' from command line to 'None'
[0.274s] Level 5:colcon.colcon_core.verb:set package 'sas_robot_driver_px100' build argument 'cmake_target_skip_unavailable' from command line to 'False'
[0.274s] Level 5:colcon.colcon_core.verb:set package 'sas_robot_driver_px100' build argument 'cmake_clean_cache' from command line to 'False'
[0.274s] Level 5:colcon.colcon_core.verb:set package 'sas_robot_driver_px100' build argument 'cmake_clean_first' from command line to 'False'
[0.274s] Level 5:colcon.colcon_core.verb:set package 'sas_robot_driver_px100' build argument 'cmake_force_configure' from command line to 'False'
[0.274s] Level 5:colcon.colcon_core.verb:set package 'sas_robot_driver_px100' build argument 'ament_cmake_args' from command line to 'None'
[0.274s] Level 5:colcon.colcon_core.verb:set package 'sas_robot_driver_px100' build argument 'catkin_cmake_args' from command line to 'None'
[0.274s] Level 5:colcon.colcon_core.verb:set package 'sas_robot_driver_px100' build argument 'catkin_skip_building_tests' from command line to 'False'
[0.274s] DEBUG:colcon.colcon_core.verb:Building package 'sas_robot_driver_px100' with the following arguments: {'ament_cmake_args': None, 'build_base': '/home/robot/Documents/sas_robot_driver_px100/build/sas_robot_driver_px100', 'catkin_cmake_args': None, 'catkin_skip_building_tests': False, 'cmake_args': None, 'cmake_clean_cache': False, 'cmake_clean_first': False, 'cmake_force_configure': False, 'cmake_target': None, 'cmake_target_skip_unavailable': False, 'install_base': '/home/robot/Documents/sas_robot_driver_px100/install/sas_robot_driver_px100', 'merge_install': False, 'path': '/home/robot/Documents/sas_robot_driver_px100/src/sas_robot_driver_px100', 'symlink_install': False, 'test_result_base': None}
[0.274s] INFO:colcon.colcon_core.executor:Executing jobs using 'parallel' executor
[0.275s] DEBUG:colcon.colcon_parallel_executor.executor.parallel:run_until_complete
[0.275s] INFO:colcon.colcon_ros.task.ament_cmake.build:Building ROS package in '/home/robot/Documents/sas_robot_driver_px100/src/sas_robot_driver_px100' with build type 'ament_cmake'
[0.275s] INFO:colcon.colcon_cmake.task.cmake.build:Building CMake package in '/home/robot/Documents/sas_robot_driver_px100/src/sas_robot_driver_px100'
[0.278s] INFO:colcon.colcon_core.plugin_system:Skipping extension 'colcon_core.shell.bat': Not used on non-Windows systems
[0.278s] INFO:colcon.colcon_core.shell:Skip shell extension 'powershell' for command environment: Not usable outside of PowerShell
[0.278s] DEBUG:colcon.colcon_core.shell:Skip shell extension 'dsv' for command environment
[0.290s] DEBUG:colcon.colcon_core.event_handler.log_command:Invoking command in '/home/robot/Documents/sas_robot_driver_px100/build/sas_robot_driver_px100': CMAKE_PREFIX_PATH=${CMAKE_PREFIX_PATH}:/opt/ros/jazzy DEBUGINFOD_URLS=https://debuginfod.ubuntu.com /usr/bin/cmake --build /home/robot/Documents/sas_robot_driver_px100/build/sas_robot_driver_px100 -- -j8 -l8
[1.761s] DEBUG:colcon.colcon_core.event_handler.log_command:Invoked command in '/home/robot/Documents/sas_robot_driver_px100/build/sas_robot_driver_px100' returned '2': CMAKE_PREFIX_PATH=${CMAKE_PREFIX_PATH}:/opt/ros/jazzy DEBUGINFOD_URLS=https://debuginfod.ubuntu.com /usr/bin/cmake --build /home/robot/Documents/sas_robot_driver_px100/build/sas_robot_driver_px100 -- -j8 -l8
[1.762s] Level 1:colcon.colcon_core.environment:create_environment_scripts_only(sas_robot_driver_px100)
[1.764s] Level 1:colcon.colcon_core.environment:checking '/home/robot/Documents/sas_robot_driver_px100/install/sas_robot_driver_px100' for CMake module files
[1.764s] Level 1:colcon.colcon_core.environment:checking '/home/robot/Documents/sas_robot_driver_px100/install/sas_robot_driver_px100' for CMake config files
[1.764s] Level 1:colcon.colcon_core.shell:create_environment_hook('sas_robot_driver_px100', 'cmake_prefix_path')
[1.765s] INFO:colcon.colcon_core.shell:Creating environment hook '/home/robot/Documents/sas_robot_driver_px100/install/sas_robot_driver_px100/share/sas_robot_driver_px100/hook/cmake_prefix_path.ps1'
[1.765s] INFO:colcon.colcon_core.shell:Creating environment descriptor '/home/robot/Documents/sas_robot_driver_px100/install/sas_robot_driver_px100/share/sas_robot_driver_px100/hook/cmake_prefix_path.dsv'
[1.766s] INFO:colcon.colcon_core.shell:Creating environment hook '/home/robot/Documents/sas_robot_driver_px100/install/sas_robot_driver_px100/share/sas_robot_driver_px100/hook/cmake_prefix_path.sh'
[1.766s] Level 1:colcon.colcon_core.environment:checking '/home/robot/Documents/sas_robot_driver_px100/install/sas_robot_driver_px100/lib'
[1.767s] Level 1:colcon.colcon_core.shell:create_environment_hook('sas_robot_driver_px100', 'ld_library_path_lib')
[1.767s] INFO:colcon.colcon_core.shell:Creating environment hook '/home/robot/Documents/sas_robot_driver_px100/install/sas_robot_driver_px100/share/sas_robot_driver_px100/hook/ld_library_path_lib.ps1'
[1.767s] INFO:colcon.colcon_core.shell:Creating environment descriptor '/home/robot/Documents/sas_robot_driver_px100/install/sas_robot_driver_px100/share/sas_robot_driver_px100/hook/ld_library_path_lib.dsv'
[1.767s] INFO:colcon.colcon_core.shell:Creating environment hook '/home/robot/Documents/sas_robot_driver_px100/install/sas_robot_driver_px100/share/sas_robot_driver_px100/hook/ld_library_path_lib.sh'
[1.768s] Level 1:colcon.colcon_core.environment:checking '/home/robot/Documents/sas_robot_driver_px100/install/sas_robot_driver_px100/bin'
[1.768s] Level 1:colcon.colcon_core.environment:checking '/home/robot/Documents/sas_robot_driver_px100/install/sas_robot_driver_px100/lib/pkgconfig/sas_robot_driver_px100.pc'
[1.768s] Level 1:colcon.colcon_core.environment:checking '/home/robot/Documents/sas_robot_driver_px100/install/sas_robot_driver_px100/lib/python3.12/site-packages'
[1.769s] Level 1:colcon.colcon_core.environment:checking '/home/robot/Documents/sas_robot_driver_px100/install/sas_robot_driver_px100/bin'
[1.769s] INFO:colcon.colcon_core.shell:Creating package script '/home/robot/Documents/sas_robot_driver_px100/install/sas_robot_driver_px100/share/sas_robot_driver_px100/package.ps1'
[1.770s] INFO:colcon.colcon_core.shell:Creating package descriptor '/home/robot/Documents/sas_robot_driver_px100/install/sas_robot_driver_px100/share/sas_robot_driver_px100/package.dsv'
[1.771s] INFO:colcon.colcon_core.shell:Creating package script '/home/robot/Documents/sas_robot_driver_px100/install/sas_robot_driver_px100/share/sas_robot_driver_px100/package.sh'
[1.771s] INFO:colcon.colcon_core.shell:Creating package script '/home/robot/Documents/sas_robot_driver_px100/install/sas_robot_driver_px100/share/sas_robot_driver_px100/package.bash'
[1.772s] INFO:colcon.colcon_core.shell:Creating package script '/home/robot/Documents/sas_robot_driver_px100/install/sas_robot_driver_px100/share/sas_robot_driver_px100/package.zsh'
[1.773s] Level 1:colcon.colcon_core.environment:create_file_with_runtime_dependencies(/home/robot/Documents/sas_robot_driver_px100/install/sas_robot_driver_px100/share/colcon-core/packages/sas_robot_driver_px100)
[1.783s] DEBUG:colcon.colcon_parallel_executor.executor.parallel:closing loop
[1.783s] DEBUG:colcon.colcon_parallel_executor.executor.parallel:loop closed
[1.783s] DEBUG:colcon.colcon_parallel_executor.executor.parallel:run_until_complete finished with '2'
[1.783s] DEBUG:colcon.colcon_core.event_reactor:joining thread
[1.791s] INFO:colcon.colcon_core.plugin_system:Skipping extension 'colcon_notification.desktop_notification.terminal_notifier': Not used on non-Darwin systems
[1.791s] INFO:colcon.colcon_core.plugin_system:Skipping extension 'colcon_notification.desktop_notification.win32': Not used on non-Windows systems
[1.792s] INFO:colcon.colcon_notification.desktop_notification:Sending desktop notification using 'notify2'
[1.807s] DEBUG:colcon.colcon_core.event_reactor:joined thread
[1.808s] INFO:colcon.colcon_core.shell:Creating prefix script '/home/robot/Documents/sas_robot_driver_px100/install/local_setup.ps1'
[1.808s] INFO:colcon.colcon_core.shell:Creating prefix util module '/home/robot/Documents/sas_robot_driver_px100/install/_local_setup_util_ps1.py'
[1.810s] INFO:colcon.colcon_core.shell:Creating prefix chain script '/home/robot/Documents/sas_robot_driver_px100/install/setup.ps1'
[1.811s] INFO:colcon.colcon_core.shell:Creating prefix script '/home/robot/Documents/sas_robot_driver_px100/install/local_setup.sh'
[1.812s] INFO:colcon.colcon_core.shell:Creating prefix util module '/home/robot/Documents/sas_robot_driver_px100/install/_local_setup_util_sh.py'
[1.813s] INFO:colcon.colcon_core.shell:Creating prefix chain script '/home/robot/Documents/sas_robot_driver_px100/install/setup.sh'
[1.814s] INFO:colcon.colcon_core.shell:Creating prefix script '/home/robot/Documents/sas_robot_driver_px100/install/local_setup.bash'
[1.814s] INFO:colcon.colcon_core.shell:Creating prefix chain script '/home/robot/Documents/sas_robot_driver_px100/install/setup.bash'
[1.815s] INFO:colcon.colcon_core.shell:Creating prefix script '/home/robot/Documents/sas_robot_driver_px100/install/local_setup.zsh'
[1.816s] INFO:colcon.colcon_core.shell:Creating prefix chain script '/home/robot/Documents/sas_robot_driver_px100/install/setup.zsh'
