-- Found ament_cmake: 2.5.5 (/opt/ros/jazzy/share/ament_cmake/cmake)
-- Found rclcpp: 28.1.16 (/opt/ros/jazzy/share/rclcpp/cmake)
-- Found rosidl_generator_c: 4.6.7 (/opt/ros/jazzy/share/rosidl_generator_c/cmake)
-- Found rosidl_generator_cpp: 4.6.7 (/opt/ros/jazzy/share/rosidl_generator_cpp/cmake)
-- Using all available rosidl_typesupport_c: rosidl_typesupport_fastrtps_c;rosidl_typesupport_introspection_c
-- Using all available rosidl_typesupport_cpp: rosidl_typesupport_fastrtps_cpp;rosidl_typesupport_introspection_cpp
-- Found rmw_implementation_cmake: 7.3.3 (/opt/ros/jazzy/share/rmw_implementation_cmake/cmake)
-- Found rmw_fastrtps_cpp: 8.4.3 (/opt/ros/jazzy/share/rmw_fastrtps_cpp/cmake)
-- Using RMW implementation 'rmw_fastrtps_cpp' as default
-- Found sas_core: 25.12.16161141 (/opt/ros/jazzy/share/sas_core/cmake)
-- Found sas_common: 25.12.16161141 (/opt/ros/jazzy/share/sas_common/cmake)
-- Found sas_robot_driver: 25.12.16161141 (/opt/ros/jazzy/share/sas_robot_driver/cmake)
-- Found ament_lint_auto: 0.17.4 (/opt/ros/jazzy/share/ament_lint_auto/cmake)
-- Added test 'cppcheck' to perform static code analysis on C / C++ code
-- Configured cppcheck include dirs: $<BUILD_INTERFACE:/home/robot/Documents/sas_robot_driver_px100/src/sas_robot_driver_px100/include>
-- Configured cppcheck exclude dirs and/or files: 
-- Added test 'flake8' to check Python code syntax and style conventions
-- Configured 'flake8' exclude dirs and/or files: 
-- Added test 'lint_cmake' to check CMake code style
-- Added test 'pep257' to check Python code against some of the docstring style conventions in PEP 257
-- Added test 'uncrustify' to check C / C++ code style
-- Configured uncrustify additional arguments: 
-- Added test 'xmllint' to check XML markup files
-- Configuring done (1.0s)
-- Generating done (0.0s)
-- Build files have been written to: /home/robot/Documents/sas_robot_driver_px100/build/sas_robot_driver_px100
[ 25%] [32mBuilding CXX object CMakeFiles/sas_robot_driver_px100.dir/src/sas_robot_driver_PX100.cpp.o[0m
[ 50%] [32m[1mLinking CXX shared library libsas_robot_driver_px100.so[0m
[ 50%] Built target sas_robot_driver_px100
[ 75%] [32m[1mLinking CXX executable sas_robot_driver_PX100_node[0m
/usr/bin/ld: libsas_robot_driver_px100.so: undefined reference to `dynamixel::GroupSyncRead::addParam(unsigned char)'
/usr/bin/ld: libsas_robot_driver_px100.so: undefined reference to `dynamixel::GroupSyncWrite::clearParam()'
/usr/bin/ld: libsas_robot_driver_px100.so: undefined reference to `dynamixel::PacketHandler::getPacketHandler(float)'
/usr/bin/ld: libsas_robot_driver_px100.so: undefined reference to `dynamixel::GroupSyncRead::clearParam()'
/usr/bin/ld: libsas_robot_driver_px100.so: undefined reference to `dynamixel::GroupSyncRead::GroupSyncRead(dynamixel::PortHandler*, dynamixel::PacketHandler*, unsigned short, unsigned short)'
/usr/bin/ld: libsas_robot_driver_px100.so: undefined reference to `dynamixel::GroupSyncWrite::GroupSyncWrite(dynamixel::PortHandler*, dynamixel::PacketHandler*, unsigned short, unsigned short)'
/usr/bin/ld: libsas_robot_driver_px100.so: undefined reference to `dynamixel::PortHandler::getPortHandler(char const*)'
collect2: error: ld returned 1 exit status
gmake[2]: *** [CMakeFiles/sas_robot_driver_PX100_node.dir/build.make:199: sas_robot_driver_PX100_node] Error 1
gmake[1]: *** [CMakeFiles/Makefile2:165: CMakeFiles/sas_robot_driver_PX100_node.dir/all] Error 2
gmake: *** [Makefile:146: all] Error 2
