[ 25%] [32mBuilding CXX object CMakeFiles/sas_robot_driver_px100.dir/src/sas_robot_driver_PX100.cpp.o[0m
[01m[K/home/robot/Documents/sas_robot_driver_px100/src/sas_robot_driver_px100/src/sas_robot_driver_PX100.cpp:[m[K In member function ‘[01m[Kvirtual void sas::RobotDriverPX100::[01;32m[Kset_target_joint_positions[m[K(const Eigen::VectorXd&)[m[K’:
[01m[K/home/robot/Documents/sas_robot_driver_px100/src/sas_robot_driver_px100/src/sas_robot_driver_PX100.cpp:166:44:[m[K [01;35m[Kwarning: [m[Kcomparison of integer expressions of different signedness: ‘[01m[KEigen::EigenBase<Eigen::Matrix<double, -1, 1> >::Index[m[K’ {aka ‘[01m[Klong int[m[K’} and ‘[01m[Kstd::vector<unsigned char>::size_type[m[K’ {aka ‘[01m[Klong unsigned int[m[K’} [[01;35m[K]8;;https://gcc.gnu.org/onlinedocs/gcc/Warning-Options.html#index-Wsign-compare-Wsign-compare]8;;[m[K]
  166 |     if ([01;35m[Kdesired_joint_positions_rad.size() != configuration_.ids.size()[m[K)
      |         [01;35m[K~~~~~~~~~~~~~~~~~~~~~~~~~~~~~~~~~~~^~~~~~~~~~~~~~~~~~~~~~~~~~~~[m[K
[01m[K/home/robot/Documents/sas_robot_driver_px100/src/sas_robot_driver_px100/src/sas_robot_driver_PX100.cpp:[m[K In member function ‘[01m[Kvirtual void sas::RobotDriverPX100::[01;32m[Kset_target_joint_velocities[m[K(const Eigen::VectorXd&)[m[K’:
[01m[K/home/robot/Documents/sas_robot_driver_px100/src/sas_robot_driver_px100/src/sas_robot_driver_PX100.cpp:216:44:[m[K [01;35m[Kwarning: [m[Kcomparison of integer expressions of different signedness: ‘[01m[KEigen::EigenBase<Eigen::Matrix<double, -1, 1> >::Index[m[K’ {aka ‘[01m[Klong int[m[K’} and ‘[01m[Kstd::vector<unsigned char>::size_type[m[K’ {aka ‘[01m[Klong unsigned int[m[K’} [[01;35m[K]8;;https://gcc.gnu.org/onlinedocs/gcc/Warning-Options.html#index-Wsign-compare-Wsign-compare]8;;[m[K]
  216 |     if ([01;35m[Kset_target_joint_velocities.size() != configuration_.ids.size()[m[K)
      |         [01;35m[K~~~~~~~~~~~~~~~~~~~~~~~~~~~~~~~~~~~^~~~~~~~~~~~~~~~~~~~~~~~~~~~[m[K
[ 50%] [32m[1mLinking CXX shared library libsas_robot_driver_px100.so[0m
[ 50%] Built target sas_robot_driver_px100
[ 75%] [32m[1mLinking CXX executable sas_robot_driver_PX100_node[0m
[100%] Built target sas_robot_driver_PX100_node
-- Install configuration: ""
-- Up-to-date: /home/robot/Documents/sas_robot_driver_px100/install/sas_robot_driver_px100/share/sas_robot_driver_px100/environment/library_path.sh
-- Up-to-date: /home/robot/Documents/sas_robot_driver_px100/install/sas_robot_driver_px100/share/sas_robot_driver_px100/environment/library_path.dsv
-- Up-to-date: /home/robot/Documents/sas_robot_driver_px100/install/sas_robot_driver_px100/include
-- Up-to-date: /home/robot/Documents/sas_robot_driver_px100/install/sas_robot_driver_px100/include/sas_robot_driver_PX100
-- Up-to-date: /home/robot/Documents/sas_robot_driver_px100/install/sas_robot_driver_px100/include/sas_robot_driver_PX100/sas_robot_driver_PX100.hpp
-- Installing: /home/robot/Documents/sas_robot_driver_px100/install/sas_robot_driver_px100/lib/libsas_robot_driver_px100.so
-- Set non-toolchain portion of runtime path of "/home/robot/Documents/sas_robot_driver_px100/install/sas_robot_driver_px100/lib/libsas_robot_driver_px100.so" to ""
-- Installing: /home/robot/Documents/sas_robot_driver_px100/install/sas_robot_driver_px100/lib/sas_robot_driver_px100/sas_robot_driver_PX100_node
-- Set non-toolchain portion of runtime path of "/home/robot/Documents/sas_robot_driver_px100/install/sas_robot_driver_px100/lib/sas_robot_driver_px100/sas_robot_driver_PX100_node" to ""
-- Up-to-date: /home/robot/Documents/sas_robot_driver_px100/install/sas_robot_driver_px100/share/sas_robot_driver_px100//launch
-- Up-to-date: /home/robot/Documents/sas_robot_driver_px100/install/sas_robot_driver_px100/share/sas_robot_driver_px100//launch/real_robot_launch.py
-- Up-to-date: /home/robot/Documents/sas_robot_driver_px100/install/sas_robot_driver_px100/lib/sas_robot_driver_px100
-- Up-to-date: /home/robot/Documents/sas_robot_driver_px100/install/sas_robot_driver_px100/lib/sas_robot_driver_px100/joint_interface_example.py
-- Up-to-date: /home/robot/Documents/sas_robot_driver_px100/install/sas_robot_driver_px100/share/ament_index/resource_index/package_run_dependencies/sas_robot_driver_px100
-- Up-to-date: /home/robot/Documents/sas_robot_driver_px100/install/sas_robot_driver_px100/share/ament_index/resource_index/parent_prefix_path/sas_robot_driver_px100
-- Up-to-date: /home/robot/Documents/sas_robot_driver_px100/install/sas_robot_driver_px100/share/sas_robot_driver_px100/environment/ament_prefix_path.sh
-- Up-to-date: /home/robot/Documents/sas_robot_driver_px100/install/sas_robot_driver_px100/share/sas_robot_driver_px100/environment/ament_prefix_path.dsv
-- Up-to-date: /home/robot/Documents/sas_robot_driver_px100/install/sas_robot_driver_px100/share/sas_robot_driver_px100/environment/path.sh
-- Up-to-date: /home/robot/Documents/sas_robot_driver_px100/install/sas_robot_driver_px100/share/sas_robot_driver_px100/environment/path.dsv
-- Up-to-date: /home/robot/Documents/sas_robot_driver_px100/install/sas_robot_driver_px100/share/sas_robot_driver_px100/local_setup.bash
-- Up-to-date: /home/robot/Documents/sas_robot_driver_px100/install/sas_robot_driver_px100/share/sas_robot_driver_px100/local_setup.sh
-- Up-to-date: /home/robot/Documents/sas_robot_driver_px100/install/sas_robot_driver_px100/share/sas_robot_driver_px100/local_setup.zsh
-- Up-to-date: /home/robot/Documents/sas_robot_driver_px100/install/sas_robot_driver_px100/share/sas_robot_driver_px100/local_setup.dsv
-- Installing: /home/robot/Documents/sas_robot_driver_px100/install/sas_robot_driver_px100/share/sas_robot_driver_px100/package.dsv
-- Up-to-date: /home/robot/Documents/sas_robot_driver_px100/install/sas_robot_driver_px100/share/ament_index/resource_index/packages/sas_robot_driver_px100
-- Up-to-date: /home/robot/Documents/sas_robot_driver_px100/install/sas_robot_driver_px100/share/sas_robot_driver_px100/cmake/export_sas_robot_driver_px100Export.cmake
-- Up-to-date: /home/robot/Documents/sas_robot_driver_px100/install/sas_robot_driver_px100/share/sas_robot_driver_px100/cmake/export_sas_robot_driver_px100Export-noconfig.cmake
-- Up-to-date: /home/robot/Documents/sas_robot_driver_px100/install/sas_robot_driver_px100/share/sas_robot_driver_px100/cmake/ament_cmake_export_targets-extras.cmake
-- Up-to-date: /home/robot/Documents/sas_robot_driver_px100/install/sas_robot_driver_px100/share/sas_robot_driver_px100/cmake/ament_cmake_export_dependencies-extras.cmake
-- Up-to-date: /home/robot/Documents/sas_robot_driver_px100/install/sas_robot_driver_px100/share/sas_robot_driver_px100/cmake/sas_robot_driver_px100Config.cmake
-- Up-to-date: /home/robot/Documents/sas_robot_driver_px100/install/sas_robot_driver_px100/share/sas_robot_driver_px100/cmake/sas_robot_driver_px100Config-version.cmake
-- Up-to-date: /home/robot/Documents/sas_robot_driver_px100/install/sas_robot_driver_px100/share/sas_robot_driver_px100/package.xml
