[ 50%] Built target sas_robot_driver_px100
[100%] Built target sas_robot_driver_PX100_node
-- Install configuration: ""
-- Up-to-date: /home/robot/Documents/sas_robot_driver_px100/install/sas_robot_driver_px100/share/sas_robot_driver_px100/environment/library_path.sh
-- Up-to-date: /home/robot/Documents/sas_robot_driver_px100/install/sas_robot_driver_px100/share/sas_robot_driver_px100/environment/library_path.dsv
-- Up-to-date: /home/robot/Documents/sas_robot_driver_px100/install/sas_robot_driver_px100/include
-- Up-to-date: /home/robot/Documents/sas_robot_driver_px100/install/sas_robot_driver_px100/include/sas_robot_driver_PX100
-- Up-to-date: /home/robot/Documents/sas_robot_driver_px100/install/sas_robot_driver_px100/include/sas_robot_driver_PX100/sas_robot_driver_PX100.hpp
-- Up-to-date: /home/robot/Documents/sas_robot_driver_px100/install/sas_robot_driver_px100/lib/libsas_robot_driver_px100.so
-- Up-to-date: /home/robot/Documents/sas_robot_driver_px100/install/sas_robot_driver_px100/lib/sas_robot_driver_px100/sas_robot_driver_PX100_node
-- Up-to-date: /home/robot/Documents/sas_robot_driver_px100/install/sas_robot_driver_px100/share/sas_robot_driver_px100//launch
-- Installing: /home/robot/Documents/sas_robot_driver_px100/install/sas_robot_driver_px100/share/sas_robot_driver_px100//launch/real_robot_launch.py
-- Up-to-date: /home/robot/Documents/sas_robot_driver_px100/install/sas_robot_driver_px100/lib/sas_robot_driver_px100
-- Up-to-date: /home/robot/Documents/sas_robot_driver_px100/install/sas_robot_driver_px100/lib/sas_robot_driver_px100/joint_interface_example.py
-- Up-to-date: /home/robot/Documents/sas_robot_driver_px100/install/sas_robot_driver_px100/share/ament_index/resource_index/package_run_dependencies/sas_robot_driver_px100
-- Up-to-date: /home/robot/Documents/sas_robot_driver_px100/install/sas_robot_driver_px100/share/ament_index/resource_index/parent_prefix_path/sas_robot_driver_px100
-- Up-to-date: /home/robot/Documents/sas_robot_driver_px100/install/sas_robot_driver_px100/share/sas_robot_driver_px100/environment/ament_prefix_path.sh
-- Up-to-date: /home/robot/Documents/sas_robot_driver_px100/install/sas_robot_driver_px100/share/sas_robot_driver_px100/environment/ament_prefix_path.dsv
-- Up-to-date: /home/robot/Documents/sas_robot_driver_px100/install/sas_robot_driver_px100/share/sas_robot_driver_px100/environment/path.sh
-- Up-to-date: /home/robot/Documents/sas_robot_driver_px100/install/sas_robot_driver_px100/share/sas_robot_driver_px100/environment/path.dsv
-- Up-to-date: /home/robot/Documents/sas_robot_driver_px100/install/sas_robot_driver_px100/share/sas_robot_driver_px100/local_setup.bash
-- Up-to-date: /home/robot/Documents/sas_robot_driver_px100/install/sas_robot_driver_px100/share/sas_robot_driver_px100/local_setup.sh
-- Up-to-date: /home/robot/Documents/sas_robot_driver_px100/install/sas_robot_driver_px100/share/sas_robot_driver_px100/local_setup.zsh
-- Up-to-date: /home/robot/Documents/sas_robot_driver_px100/install/sas_robot_driver_px100/share/sas_robot_driver_px100/local_setup.dsv
-- Installing: /home/robot/Documents/sas_robot_driver_px100/install/sas_robot_driver_px100/share/sas_robot_driver_px100/package.dsv
-- Up-to-date: /home/robot/Documents/sas_robot_driver_px100/install/sas_robot_driver_px100/share/ament_index/resource_index/packages/sas_robot_driver_px100
-- Up-to-date: /home/robot/Documents/sas_robot_driver_px100/install/sas_robot_driver_px100/share/sas_robot_driver_px100/cmake/export_sas_robot_driver_px100Export.cmake
-- Up-to-date: /home/robot/Documents/sas_robot_driver_px100/install/sas_robot_driver_px100/share/sas_robot_driver_px100/cmake/export_sas_robot_driver_px100Export-noconfig.cmake
-- Up-to-date: /home/robot/Documents/sas_robot_driver_px100/install/sas_robot_driver_px100/share/sas_robot_driver_px100/cmake/ament_cmake_export_targets-extras.cmake
-- Up-to-date: /home/robot/Documents/sas_robot_driver_px100/install/sas_robot_driver_px100/share/sas_robot_driver_px100/cmake/ament_cmake_export_dependencies-extras.cmake
-- Up-to-date: /home/robot/Documents/sas_robot_driver_px100/install/sas_robot_driver_px100/share/sas_robot_driver_px100/cmake/sas_robot_driver_px100Config.cmake
-- Up-to-date: /home/robot/Documents/sas_robot_driver_px100/install/sas_robot_driver_px100/share/sas_robot_driver_px100/cmake/sas_robot_driver_px100Config-version.cmake
-- Up-to-date: /home/robot/Documents/sas_robot_driver_px100/install/sas_robot_driver_px100/share/sas_robot_driver_px100/package.xml
