[ 25%] [32mBuilding CXX object CMakeFiles/sas_robot_driver_px100.dir/src/sas_robot_driver_PX100.cpp.o[0m
[01m[K/home/robot/Documents/sas_robot_driver_px100/src/sas_robot_driver_px100/src/sas_robot_driver_PX100.cpp:[m[K In constructor ‘[01m[Ksas::RobotDriverPX100::[01;32m[KRobotDriverPX100[m[K(const sas::RobotDriverPX100Configuration&, std::atomic_bool*)[m[K’:
[01m[K/home/robot/Documents/sas_robot_driver_px100/src/sas_robot_driver_px100/src/sas_robot_driver_PX100.cpp:81:12:[m[K [01;31m[Kerror: [m[K‘[01m[Kclass sas::RobotDriverPX100::Impl[m[K’ has no member named ‘[01m[KgroupSyncWriteVelocity_[m[K’; did you mean ‘[01m[KgroupSyncWrite_[m[K’?
   81 |     impl_->[01;31m[KgroupSyncWriteVelocity_[m[K = std::make_shared<dynamixel::GroupSyncWrite>(
      |            [01;31m[K^~~~~~~~~~~~~~~~~~~~~~~[m[K
      |            [32m[KgroupSyncWrite_[m[K
[01m[K/home/robot/Documents/sas_robot_driver_px100/src/sas_robot_driver_px100/src/sas_robot_driver_PX100.cpp:88:12:[m[K [01;31m[Kerror: [m[K‘[01m[Kclass sas::RobotDriverPX100::Impl[m[K’ has no member named ‘[01m[KgroupSyncReadVelocity_[m[K’; did you mean ‘[01m[KgroupSyncRead_[m[K’?
   88 |     impl_->[01;31m[KgroupSyncReadVelocity_[m[K = std::make_shared<dynamixel::GroupSyncRead>(
      |            [01;31m[K^~~~~~~~~~~~~~~~~~~~~~[m[K
      |            [32m[KgroupSyncRead_[m[K
[01m[K/home/robot/Documents/sas_robot_driver_px100/src/sas_robot_driver_px100/src/sas_robot_driver_PX100.cpp:[m[K In member function ‘[01m[Kvirtual void sas::RobotDriverPX100::[01;32m[Kset_target_joint_positions[m[K(const Eigen::VectorXd&)[m[K’:
[01m[K/home/robot/Documents/sas_robot_driver_px100/src/sas_robot_driver_px100/src/sas_robot_driver_PX100.cpp:154:44:[m[K [01;35m[Kwarning: [m[Kcomparison of integer expressions of different signedness: ‘[01m[KEigen::EigenBase<Eigen::Matrix<double, -1, 1> >::Index[m[K’ {aka ‘[01m[Klong int[m[K’} and ‘[01m[Kstd::vector<unsigned char>::size_type[m[K’ {aka ‘[01m[Klong unsigned int[m[K’} [[01;35m[K]8;;https://gcc.gnu.org/onlinedocs/gcc/Warning-Options.html#index-Wsign-compare-Wsign-compare]8;;[m[K]
  154 |     if ([01;35m[Kdesired_joint_positions_rad.size() != configuration_.ids.size()[m[K)
      |         [01;35m[K~~~~~~~~~~~~~~~~~~~~~~~~~~~~~~~~~~~^~~~~~~~~~~~~~~~~~~~~~~~~~~~[m[K
[01m[K/home/robot/Documents/sas_robot_driver_px100/src/sas_robot_driver_px100/src/sas_robot_driver_PX100.cpp:[m[K In member function ‘[01m[Kvirtual Eigen::VectorXd sas::RobotDriverPX100::[01;32m[Kget_joint_velocities[m[K()[m[K’:
[01m[K/home/robot/Documents/sas_robot_driver_px100/src/sas_robot_driver_px100/src/sas_robot_driver_PX100.cpp:177:41:[m[K [01;31m[Kerror: [m[K‘[01m[Kclass sas::RobotDriverPX100::Impl[m[K’ has no member named ‘[01m[KgroupSyncReadVelocity_[m[K’; did you mean ‘[01m[KgroupSyncRead_[m[K’?
  177 |         impl_->dxl_comm_result = impl_->[01;31m[KgroupSyncReadVelocity_[m[K->txRxPacket();
      |                                         [01;31m[K^~~~~~~~~~~~~~~~~~~~~~[m[K
      |                                         [32m[KgroupSyncRead_[m[K
[01m[K/home/robot/Documents/sas_robot_driver_px100/src/sas_robot_driver_px100/src/sas_robot_driver_PX100.cpp:182:44:[m[K [01;31m[Kerror: [m[K‘[01m[Kclass sas::RobotDriverPX100::Impl[m[K’ has no member named ‘[01m[KgroupSyncReadVelocity_[m[K’; did you mean ‘[01m[KgroupSyncRead_[m[K’?
  182 |         impl_->dxl_getdata_result = impl_->[01;31m[KgroupSyncReadVelocity_[m[K->isAvailable(
      |                                            [01;31m[K^~~~~~~~~~~~~~~~~~~~~~[m[K
      |                                            [32m[KgroupSyncRead_[m[K
[01m[K/home/robot/Documents/sas_robot_driver_px100/src/sas_robot_driver_px100/src/sas_robot_driver_PX100.cpp:192:45:[m[K [01;31m[Kerror: [m[K‘[01m[Kclass sas::RobotDriverPX100::Impl[m[K’ has no member named ‘[01m[KgroupSyncReadVelocity_[m[K’; did you mean ‘[01m[KgroupSyncRead_[m[K’?
  192 |         temp_joint_velocities_(i) = (impl_->[01;31m[KgroupSyncReadVelocity_[m[K->getData(
      |                                             [01;31m[K^~~~~~~~~~~~~~~~~~~~~~[m[K
      |                                             [32m[KgroupSyncRead_[m[K
[01m[K/home/robot/Documents/sas_robot_driver_px100/src/sas_robot_driver_px100/src/sas_robot_driver_PX100.cpp:[m[K In member function ‘[01m[Kvirtual void sas::RobotDriverPX100::[01;32m[Kset_target_joint_velocities[m[K(const Eigen::VectorXd&)[m[K’:
[01m[K/home/robot/Documents/sas_robot_driver_px100/src/sas_robot_driver_px100/src/sas_robot_driver_PX100.cpp:211:44:[m[K [01;35m[Kwarning: [m[Kcomparison of integer expressions of different signedness: ‘[01m[KEigen::EigenBase<Eigen::Matrix<double, -1, 1> >::Index[m[K’ {aka ‘[01m[Klong int[m[K’} and ‘[01m[Kstd::vector<unsigned char>::size_type[m[K’ {aka ‘[01m[Klong unsigned int[m[K’} [[01;35m[K]8;;https://gcc.gnu.org/onlinedocs/gcc/Warning-Options.html#index-Wsign-compare-Wsign-compare]8;;[m[K]
  211 |     if ([01;35m[Kset_target_joint_velocities.size() != configuration_.ids.size()[m[K)
      |         [01;35m[K~~~~~~~~~~~~~~~~~~~~~~~~~~~~~~~~~~~^~~~~~~~~~~~~~~~~~~~~~~~~~~~[m[K
gmake[2]: *** [CMakeFiles/sas_robot_driver_px100.dir/build.make:76: CMakeFiles/sas_robot_driver_px100.dir/src/sas_robot_driver_PX100.cpp.o] Error 1
gmake[1]: *** [CMakeFiles/Makefile2:139: CMakeFiles/sas_robot_driver_px100.dir/all] Error 2
gmake: *** [Makefile:146: all] Error 2
