[0.010s] Invoking command in '/home/robot/Documents/sas_robot_driver_px100/build/sas_robot_driver_px100': CMAKE_PREFIX_PATH=${CMAKE_PREFIX_PATH}:/opt/ros/jazzy DEBUGINFOD_URLS=https://debuginfod.ubuntu.com /usr/bin/cmake --build /home/robot/Documents/sas_robot_driver_px100/build/sas_robot_driver_px100 -- -j8 -l8
[0.064s] [ 25%] [32mBuilding CXX object CMakeFiles/sas_robot_driver_px100.dir/src/sas_robot_driver_PX100.cpp.o[0m
[1.263s] In file included from [01m[K/home/robot/Documents/sas_robot_driver_px100/src/sas_robot_driver_px100/src/sas_robot_driver_PX100.cpp:1[m[K:
[1.263s] [01m[K/home/robot/Documents/sas_robot_driver_px100/src/sas_robot_driver_px100/include/sas_robot_driver_PX100/sas_robot_driver_PX100.hpp:15:23:[m[K [01;31m[Kerror: [m[Kwrong number of template arguments (1, should be 2)
[1.263s]    15 |     std::array<uint8_t[01;31m[K>[m[K ids;
[1.263s]       |                       [01;31m[K^[m[K
[1.263s] In file included from [01m[K/usr/include/c++/13/bits/unique_ptr.h:36[m[K,
[1.263s]                  from [01m[K/usr/include/c++/13/memory:78[m[K,
[1.264s]                  from [01m[K/home/robot/Documents/sas_robot_driver_px100/src/sas_robot_driver_px100/include/sas_robot_driver_PX100/sas_robot_driver_PX100.hpp:2[m[K:
[1.264s] [01m[K/usr/include/c++/13/tuple:2019:45:[m[K [01;36m[Knote: [m[Kprovided for ‘[01m[Ktemplate<class _Tp, long unsigned int _Nm> struct std::array[m[K’
[1.264s]  2019 |   template<typename _Tp, size_t _Nm> struct [01;36m[Karray[m[K;
[1.264s]       |                                             [01;36m[K^~~~~[m[K
[1.299s] [01m[K/home/robot/Documents/sas_robot_driver_px100/src/sas_robot_driver_px100/src/sas_robot_driver_PX100.cpp:[m[K In constructor ‘[01m[Ksas::RobotDriverPX100::[01;32m[KRobotDriverPX100[m[K(const sas::RobotDriverPX100Configuration&, std::atomic_bool*)[m[K’:
[1.299s] [01m[K/home/robot/Documents/sas_robot_driver_px100/src/sas_robot_driver_px100/src/sas_robot_driver_PX100.cpp:46:81:[m[K [01;31m[Kerror: [m[Kcannot convert ‘[01m[Kstd::string[m[K’ {aka ‘[01m[Kstd::__cxx11::basic_string<char>[m[K’} to ‘[01m[Kconst char*[m[K’
[1.299s]    46 | er_ = dynamixel::PortHandler::getPortHandler([01;31m[Kconfiguration_.usb[m[K); // your dxl port name
[1.299s]       |                                              [01;31m[K~~~~~~~~~~~~~~~^~~[m[K
[1.299s]       |                                                             [01;31m[K|[m[K
[1.300s]       |                                                             [01;31m[Kstd::string {aka std::__cxx11::basic_string<char>}[m[K
[1.300s] 
[1.300s] In file included from [01m[K/usr/local/include/dynamixel_sdk/group_bulk_read.h:26[m[K,
[1.300s]                  from [01m[K/usr/local/include/dynamixel_sdk/dynamixel_sdk.h:26[m[K,
[1.300s]                  from [01m[K/home/robot/Documents/sas_robot_driver_px100/src/sas_robot_driver_px100/src/sas_robot_driver_PX100.cpp:5[m[K:
[1.300s] [01m[K/usr/local/include/dynamixel_sdk/port_handler.h:65:50:[m[K [01;36m[Knote: [m[K  initializing argument 1 of ‘[01m[Kstatic dynamixel::PortHandler* dynamixel::PortHandler::[01;32m[KgetPortHandler[m[K(const char*)[m[K’
[1.300s]    65 |   static PortHandler *getPortHandler([01;36m[Kconst char *port_name[m[K);
[1.300s]       |                                      [01;36m[K~~~~~~~~~~~~^~~~~~~~~[m[K
[1.300s] [01m[K/home/robot/Documents/sas_robot_driver_px100/src/sas_robot_driver_px100/src/sas_robot_driver_PX100.cpp:47:95:[m[K [01;31m[Kerror: [m[Kno match for ‘[01m[Koperator=[m[K’ (operand types are ‘[01m[Kstd::shared_ptr<dynamixel::PacketHandler>[m[K’ and ‘[01m[Kdynamixel::PacketHandler*[m[K’)
[1.300s]    47 | xel::PacketHandler::getPacketHandler(configuration_.protocol[01;31m[K)[m[K; //protocol version
[1.301s]       |                                                             [01;31m[K^[m[K
[1.301s] 
[1.301s] In file included from [01m[K/usr/include/c++/13/memory:80[m[K:
[1.301s] [01m[K/usr/include/c++/13/bits/shared_ptr.h:418:9:[m[K [01;36m[Knote: [m[Kcandidate: ‘[01m[Ktemplate<class _Yp> std::shared_ptr<_Tp>::_Assignable<const std::shared_ptr<_Yp>&> std::shared_ptr<_Tp>::[01;32m[Koperator=[m[K(const std::shared_ptr<_Yp>&) [35m[K[with _Tp = dynamixel::PacketHandler][m[K[m[K’
[1.301s]   418 |         [01;36m[Koperator[m[K=(const shared_ptr<_Yp>& __r) noexcept
[1.301s]       |         [01;36m[K^~~~~~~~[m[K
[1.301s] [01m[K/usr/include/c++/13/bits/shared_ptr.h:418:9:[m[K [01;36m[Knote: [m[K  template argument deduction/substitution failed:
[1.301s] [01m[K/home/robot/Documents/sas_robot_driver_px100/src/sas_robot_driver_px100/src/sas_robot_driver_PX100.cpp:47:95:[m[K [01;36m[Knote: [m[K  mismatched types ‘[01m[Kconst std::shared_ptr<_Tp>[m[K’ and ‘[01m[Kdynamixel::PacketHandler*[m[K’
[1.301s]    47 | xel::PacketHandler::getPacketHandler(configuration_.protocol[01;36m[K)[m[K; //protocol version
[1.302s]       |                                                             [01;36m[K^[m[K
[1.302s] 
[1.302s] [01m[K/usr/include/c++/13/bits/shared_ptr.h:429:9:[m[K [01;36m[Knote: [m[Kcandidate: ‘[01m[Ktemplate<class _Yp> std::shared_ptr<_Tp>::_Assignable<std::auto_ptr<_Up> > std::shared_ptr<_Tp>::[01;32m[Koperator=[m[K(std::auto_ptr<_Up>&&) [35m[K[with _Tp = dynamixel::PacketHandler][m[K[m[K’
[1.302s]   429 |         [01;36m[Koperator[m[K=(auto_ptr<_Yp>&& __r)
[1.302s]       |         [01;36m[K^~~~~~~~[m[K
[1.302s] [01m[K/usr/include/c++/13/bits/shared_ptr.h:429:9:[m[K [01;36m[Knote: [m[K  template argument deduction/substitution failed:
[1.302s] [01m[K/home/robot/Documents/sas_robot_driver_px100/src/sas_robot_driver_px100/src/sas_robot_driver_PX100.cpp:47:95:[m[K [01;36m[Knote: [m[K  mismatched types ‘[01m[Kstd::auto_ptr<_Up>[m[K’ and ‘[01m[Kdynamixel::PacketHandler*[m[K’
[1.302s]    47 | xel::PacketHandler::getPacketHandler(configuration_.protocol[01;36m[K)[m[K; //protocol version
[1.303s]       |                                                             [01;36m[K^[m[K
[1.303s] 
[1.303s] [01m[K/usr/include/c++/13/bits/shared_ptr.h:446:9:[m[K [01;36m[Knote: [m[Kcandidate: ‘[01m[Ktemplate<class _Yp> std::shared_ptr<_Tp>::_Assignable<std::shared_ptr<_Yp> > std::shared_ptr<_Tp>::[01;32m[Koperator=[m[K(std::shared_ptr<_Yp>&&) [35m[K[with _Tp = dynamixel::PacketHandler][m[K[m[K’
[1.303s]   446 |         [01;36m[Koperator[m[K=(shared_ptr<_Yp>&& __r) noexcept
[1.303s]       |         [01;36m[K^~~~~~~~[m[K
[1.303s] [01m[K/usr/include/c++/13/bits/shared_ptr.h:446:9:[m[K [01;36m[Knote: [m[K  template argument deduction/substitution failed:
[1.303s] [01m[K/home/robot/Documents/sas_robot_driver_px100/src/sas_robot_driver_px100/src/sas_robot_driver_PX100.cpp:47:95:[m[K [01;36m[Knote: [m[K  mismatched types ‘[01m[Kstd::shared_ptr<_Tp>[m[K’ and ‘[01m[Kdynamixel::PacketHandler*[m[K’
[1.303s]    47 | xel::PacketHandler::getPacketHandler(configuration_.protocol[01;36m[K)[m[K; //protocol version
[1.304s]       |                                                             [01;36m[K^[m[K
[1.304s] 
[1.304s] [01m[K/usr/include/c++/13/bits/shared_ptr.h:454:9:[m[K [01;36m[Knote: [m[Kcandidate: ‘[01m[Ktemplate<class _Yp, class _Del> std::shared_ptr<_Tp>::_Assignable<std::unique_ptr<_Up, _Ep> > std::shared_ptr<_Tp>::[01;32m[Koperator=[m[K(std::unique_ptr<_Up, _Ep>&&) [35m[K[with _Del = _Yp; _Tp = dynamixel::PacketHandler][m[K[m[K’
[1.304s]   454 |         [01;36m[Koperator[m[K=(unique_ptr<_Yp, _Del>&& __r)
[1.304s]       |         [01;36m[K^~~~~~~~[m[K
[1.304s] [01m[K/usr/include/c++/13/bits/shared_ptr.h:454:9:[m[K [01;36m[Knote: [m[K  template argument deduction/substitution failed:
[1.304s] [01m[K/home/robot/Documents/sas_robot_driver_px100/src/sas_robot_driver_px100/src/sas_robot_driver_PX100.cpp:47:95:[m[K [01;36m[Knote: [m[K  mismatched types ‘[01m[Kstd::unique_ptr<_Tp, _Dp>[m[K’ and ‘[01m[Kdynamixel::PacketHandler*[m[K’
[1.304s]    47 | xel::PacketHandler::getPacketHandler(configuration_.protocol[01;36m[K)[m[K; //protocol version
[1.304s]       |                                                             [01;36m[K^[m[K
[1.305s] 
[1.305s] [01m[K/usr/include/c++/13/bits/shared_ptr.h:414:19:[m[K [01;36m[Knote: [m[Kcandidate: ‘[01m[Kstd::shared_ptr<_Tp>& std::shared_ptr<_Tp>::[01;32m[Koperator=[m[K(const std::shared_ptr<_Tp>&) [35m[K[with _Tp = dynamixel::PacketHandler][m[K[m[K’
[1.305s]   414 |       shared_ptr& [01;36m[Koperator[m[K=(const shared_ptr&) noexcept = default;
[1.305s]       |                   [01;36m[K^~~~~~~~[m[K
[1.305s] [01m[K/usr/include/c++/13/bits/shared_ptr.h:414:29:[m[K [01;36m[Knote: [m[K  no known conversion for argument 1 from ‘[01m[Kdynamixel::PacketHandler*[m[K’ to ‘[01m[Kconst std::shared_ptr<dynamixel::PacketHandler>&[m[K’
[1.305s]   414 |       shared_ptr& operator=([01;36m[Kconst shared_ptr&[m[K) noexcept = default;
[1.305s]       |                             [01;36m[K^~~~~~~~~~~~~~~~~[m[K
[1.305s] [01m[K/usr/include/c++/13/bits/shared_ptr.h:438:7:[m[K [01;36m[Knote: [m[Kcandidate: ‘[01m[Kstd::shared_ptr<_Tp>& std::shared_ptr<_Tp>::[01;32m[Koperator=[m[K(std::shared_ptr<_Tp>&&) [35m[K[with _Tp = dynamixel::PacketHandler][m[K[m[K’
[1.305s]   438 |       [01;36m[Koperator[m[K=(shared_ptr&& __r) noexcept
[1.306s]       |       [01;36m[K^~~~~~~~[m[K
[1.306s] [01m[K/usr/include/c++/13/bits/shared_ptr.h:438:30:[m[K [01;36m[Knote: [m[K  no known conversion for argument 1 from ‘[01m[Kdynamixel::PacketHandler*[m[K’ to ‘[01m[Kstd::shared_ptr<dynamixel::PacketHandler>&&[m[K’
[1.306s]   438 |       operator=([01;36m[Kshared_ptr&& __r[m[K) noexcept
[1.306s]       |                 [01;36m[K~~~~~~~~~~~~~^~~[m[K
[1.306s] [01m[K/home/robot/Documents/sas_robot_driver_px100/src/sas_robot_driver_px100/src/sas_robot_driver_PX100.cpp:48:145:[m[K [01;31m[Kerror: [m[Kno matching function for call to ‘[01m[Kdynamixel::GroupSyncWrite::GroupSyncWrite(std::shared_ptr<dynamixel::PortHandler>&, std::shared_ptr<dynamixel::PacketHandler>&, uint16_t&, uint16_t&)[m[K’
[1.306s]    48 | acketHandler_, impl_->goal_position_address, impl_->data_length_4byte[01;31m[K)[m[K;
[1.306s]       |                                                                      [01;31m[K^[m[K
[1.306s] 
[1.307s] In file included from [01m[K/usr/local/include/dynamixel_sdk/dynamixel_sdk.h:29[m[K:
[1.307s] [01m[K/usr/local/include/dynamixel_sdk/group_sync_write.h:52:3:[m[K [01;36m[Knote: [m[Kcandidate: ‘[01m[Kdynamixel::GroupSyncWrite::[01;32m[KGroupSyncWrite[m[K(dynamixel::PortHandler*, dynamixel::PacketHandler*, uint16_t, uint16_t)[m[K’
[1.307s]    52 |   [01;36m[KGroupSyncWrite[m[K(PortHandler *port, PacketHandler *ph, uint16_t start_address, uint16_t data_length);
[1.307s]       |   [01;36m[K^~~~~~~~~~~~~~[m[K
[1.307s] [01m[K/usr/local/include/dynamixel_sdk/group_sync_write.h:52:31:[m[K [01;36m[Knote: [m[K  no known conversion for argument 1 from ‘[01m[Kstd::shared_ptr<dynamixel::PortHandler>[m[K’ to ‘[01m[Kdynamixel::PortHandler*[m[K’
[1.307s]    52 |   GroupSyncWrite([01;36m[KPortHandler *port[m[K, PacketHandler *ph, uint16_t start_address, uint16_t data_length);
[1.307s]       |                  [01;36m[K~~~~~~~~~~~~~^~~~[m[K
[1.307s] [01m[K/usr/local/include/dynamixel_sdk/group_sync_write.h:36:19:[m[K [01;36m[Knote: [m[Kcandidate: ‘[01m[Kdynamixel::GroupSyncWrite::[01;32m[KGroupSyncWrite[m[K(const dynamixel::GroupSyncWrite&)[m[K’
[1.307s]    36 | class WINDECLSPEC [01;36m[KGroupSyncWrite[m[K : public GroupHandler
[1.307s]       |                   [01;36m[K^~~~~~~~~~~~~~[m[K
[1.308s] [01m[K/usr/local/include/dynamixel_sdk/group_sync_write.h:36:19:[m[K [01;36m[Knote: [m[K  candidate expects 1 argument, 4 provided
[1.308s] [01m[K/home/robot/Documents/sas_robot_driver_px100/src/sas_robot_driver_px100/src/sas_robot_driver_PX100.cpp:49:146:[m[K [01;31m[Kerror: [m[Kno matching function for call to ‘[01m[Kdynamixel::GroupSyncRead::GroupSyncRead(std::shared_ptr<dynamixel::PortHandler>&, std::shared_ptr<dynamixel::PacketHandler>&, uint16_t&, uint16_t&)[m[K’
[1.308s]    49 | etHandler_, impl_->present_position_address, impl_->data_length_4byte[01;31m[K)[m[K;
[1.308s]       |                                                                      [01;31m[K^[m[K
[1.308s] 
[1.308s] In file included from [01m[K/usr/local/include/dynamixel_sdk/dynamixel_sdk.h:28[m[K:
[1.308s] [01m[K/usr/local/include/dynamixel_sdk/group_sync_read.h:56:3:[m[K [01;36m[Knote: [m[Kcandidate: ‘[01m[Kdynamixel::GroupSyncRead::[01;32m[KGroupSyncRead[m[K(dynamixel::PortHandler*, dynamixel::PacketHandler*, uint16_t, uint16_t)[m[K’
[1.308s]    56 |   [01;36m[KGroupSyncRead[m[K(PortHandler *port, PacketHandler *ph, uint16_t start_address, uint16_t data_length);
[1.308s]       |   [01;36m[K^~~~~~~~~~~~~[m[K
[1.308s] [01m[K/usr/local/include/dynamixel_sdk/group_sync_read.h:56:30:[m[K [01;36m[Knote: [m[K  no known conversion for argument 1 from ‘[01m[Kstd::shared_ptr<dynamixel::PortHandler>[m[K’ to ‘[01m[Kdynamixel::PortHandler*[m[K’
[1.308s]    56 |   GroupSyncRead([01;36m[KPortHandler *port[m[K, PacketHandler *ph, uint16_t start_address, uint16_t data_length);
[1.308s]       |                 [01;36m[K~~~~~~~~~~~~~^~~~[m[K
[1.309s] [01m[K/usr/local/include/dynamixel_sdk/group_sync_read.h:36:19:[m[K [01;36m[Knote: [m[Kcandidate: ‘[01m[Kdynamixel::GroupSyncRead::[01;32m[KGroupSyncRead[m[K(const dynamixel::GroupSyncRead&)[m[K’
[1.309s]    36 | class WINDECLSPEC [01;36m[KGroupSyncRead[m[K : public GroupHandler
[1.309s]       |                   [01;36m[K^~~~~~~~~~~~~[m[K
[1.309s] [01m[K/usr/local/include/dynamixel_sdk/group_sync_read.h:36:19:[m[K [01;36m[Knote: [m[K  candidate expects 1 argument, 4 provided
[1.309s] [01m[K/home/robot/Documents/sas_robot_driver_px100/src/sas_robot_driver_px100/src/sas_robot_driver_PX100.cpp:[m[K In member function ‘[01m[Kvirtual void sas::RobotDriverPX100::[01;32m[Kinitialize[m[K()[m[K’:
[1.309s] [01m[K/home/robot/Documents/sas_robot_driver_px100/src/sas_robot_driver_px100/src/sas_robot_driver_PX100.cpp:137:33:[m[K [01;31m[Kerror: [m[K‘[01m[Kbegin[m[K’ was not declared in this scope; did you mean ‘[01m[Kstd::begin[m[K’?
[1.309s]   137 |     for(auto id: configuration_.[01;31m[Kids[m[K){
[1.309s]       |                                 [01;31m[K^~~[m[K
[1.309s]       |                                 [32m[Kstd::begin[m[K
[1.309s] In file included from [01m[K/usr/include/c++/13/map:65[m[K,
[1.309s]                  from [01m[K/opt/ros/jazzy/include/sas_core/sas_clock.hpp:28[m[K,
[1.309s]                  from [01m[K/opt/ros/jazzy/include/sas_core/sas_robot_driver.hpp:37[m[K,
[1.310s]                  from [01m[K/home/robot/Documents/sas_robot_driver_px100/src/sas_robot_driver_px100/include/sas_robot_driver_PX100/sas_robot_driver_PX100.hpp:3[m[K:
[1.310s] [01m[K/usr/include/c++/13/bits/range_access.h:114:37:[m[K [01;36m[Knote: [m[K‘[01m[Kstd::begin[m[K’ declared here
[1.310s]   114 |   template<typename _Tp> const _Tp* [01;36m[Kbegin[m[K(const valarray<_Tp>&) noexcept;
[1.310s]       |                                     [01;36m[K^~~~~[m[K
[1.310s] [01m[K/home/robot/Documents/sas_robot_driver_px100/src/sas_robot_driver_px100/src/sas_robot_driver_PX100.cpp:137:33:[m[K [01;31m[Kerror: [m[K‘[01m[Kend[m[K’ was not declared in this scope
[1.310s]   137 |     for(auto id: configuration_.[01;31m[Kids[m[K){
[1.310s]       |                                 [01;31m[K^~~[m[K
[1.310s] [01m[K/home/robot/Documents/sas_robot_driver_px100/src/sas_robot_driver_px100/src/sas_robot_driver_PX100.cpp:137:33:[m[K [01;36m[Knote: [m[Ksuggested alternatives:
[1.310s] [01m[K/usr/include/c++/13/bits/range_access.h:116:37:[m[K [01;36m[Knote: [m[K  ‘[01m[Kstd::end[m[K’
[1.310s]   116 |   template<typename _Tp> const _Tp* [01;36m[Kend[m[K(const valarray<_Tp>&) noexcept;
[1.310s]       |                                     [01;36m[K^~~[m[K
[1.310s] In file included from [01m[K/usr/include/eigen3/Eigen/Core:265[m[K,
[1.311s]                  from [01m[K/usr/include/eigen3/Eigen/Dense:1[m[K,
[1.311s]                  from [01m[K/opt/ros/jazzy/include/sas_core/sas_core.hpp:26[m[K,
[1.311s]                  from [01m[K/opt/ros/jazzy/include/sas_core/sas_clock.hpp:31[m[K:
[1.311s] [01m[K/usr/include/eigen3/Eigen/src/Core/util/IndexedViewHelper.h:181:40:[m[K [01;36m[Knote: [m[K  ‘[01m[KEigen::placeholders::end[m[K’
[1.311s]   181 |   EIGEN_DEPRECATED static const end_t  [01;36m[Kend[m[K  = Eigen::lastp1; // PLEASE use Eigen::lastp1 instead of Eigen::placeholders::end
[1.311s]       |                                        [01;36m[K^~~[m[K
[1.311s] [01m[K/home/robot/Documents/sas_robot_driver_px100/src/sas_robot_driver_px100/src/sas_robot_driver_PX100.cpp:148:33:[m[K [01;31m[Kerror: [m[K‘[01m[Kbegin[m[K’ was not declared in this scope; did you mean ‘[01m[Kstd::begin[m[K’?
[1.311s]   148 |     for(auto id: configuration_.[01;31m[Kids[m[K){
[1.311s]       |                                 [01;31m[K^~~[m[K
[1.311s]       |                                 [32m[Kstd::begin[m[K
[1.311s] [01m[K/usr/include/c++/13/bits/range_access.h:114:37:[m[K [01;36m[Knote: [m[K‘[01m[Kstd::begin[m[K’ declared here
[1.312s]   114 |   template<typename _Tp> const _Tp* [01;36m[Kbegin[m[K(const valarray<_Tp>&) noexcept;
[1.312s]       |                                     [01;36m[K^~~~~[m[K
[1.312s] [01m[K/home/robot/Documents/sas_robot_driver_px100/src/sas_robot_driver_px100/src/sas_robot_driver_PX100.cpp:148:33:[m[K [01;31m[Kerror: [m[K‘[01m[Kend[m[K’ was not declared in this scope
[1.312s]   148 |     for(auto id: configuration_.[01;31m[Kids[m[K){
[1.312s]       |                                 [01;31m[K^~~[m[K
[1.312s] [01m[K/home/robot/Documents/sas_robot_driver_px100/src/sas_robot_driver_px100/src/sas_robot_driver_PX100.cpp:148:33:[m[K [01;36m[Knote: [m[Ksuggested alternatives:
[1.312s] [01m[K/usr/include/c++/13/bits/range_access.h:116:37:[m[K [01;36m[Knote: [m[K  ‘[01m[Kstd::end[m[K’
[1.312s]   116 |   template<typename _Tp> const _Tp* [01;36m[Kend[m[K(const valarray<_Tp>&) noexcept;
[1.312s]       |                                     [01;36m[K^~~[m[K
[1.312s] [01m[K/usr/include/eigen3/Eigen/src/Core/util/IndexedViewHelper.h:181:40:[m[K [01;36m[Knote: [m[K  ‘[01m[KEigen::placeholders::end[m[K’
[1.312s]   181 |   EIGEN_DEPRECATED static const end_t  [01;36m[Kend[m[K  = Eigen::lastp1; // PLEASE use Eigen::lastp1 instead of Eigen::placeholders::end
[1.313s]       |                                        [01;36m[K^~~[m[K
[1.313s] [01m[K/home/robot/Documents/sas_robot_driver_px100/src/sas_robot_driver_px100/src/sas_robot_driver_PX100.cpp:149:38:[m[K [01;31m[Kerror: [m[K‘[01m[KgroupSyncRead[m[K’ was not declared in this scope
[1.313s]   149 |         impl_->dxl_addparam_result = [01;31m[KgroupSyncRead[m[K.addParam(id);
[1.313s]       |                                      [01;31m[K^~~~~~~~~~~~~[m[K
[1.313s] [01m[K/home/robot/Documents/sas_robot_driver_px100/src/sas_robot_driver_px100/src/sas_robot_driver_PX100.cpp:151:37:[m[K [01;31m[Kerror: [m[Kexpected primary-expression before ‘[01m[K([m[K’ token
[1.313s]   151 |             throw std::runtime_error[01;31m[K([m[K["ID:" + std::to_string(static_cast<int>(id)) +"]groupSyncRead addparam failed"]);
[1.313s]       |                                     [01;31m[K^[m[K
[1.313s] [01m[K/home/robot/Documents/sas_robot_driver_px100/src/sas_robot_driver_px100/src/sas_robot_driver_PX100.cpp:151:39:[m[K [01;31m[Kerror: [m[Kexpected identifier before string constant
[1.313s]   151 |             throw std::runtime_error([[01;31m[K"ID:"[m[K + std::to_string(static_cast<int>(id)) +"]groupSyncRead addparam failed"]);
[1.313s]       |                                       [01;31m[K^~~~~[m[K
[1.313s] [01m[K/home/robot/Documents/sas_robot_driver_px100/src/sas_robot_driver_px100/src/sas_robot_driver_PX100.cpp:[m[K In lambda function:
[1.313s] [01m[K/home/robot/Documents/sas_robot_driver_px100/src/sas_robot_driver_px100/src/sas_robot_driver_PX100.cpp:151:118:[m[K [01;31m[Kerror: [m[Kexpected ‘[01m[K{[m[K’ before ‘[01m[K)[m[K’ token
[1.314s]   151 | d::to_string(static_cast<int>(id)) +"]groupSyncRead addparam failed"][01;31m[K)[m[K;
[1.314s]       |                                                                      [01;31m[K^[m[K
[1.314s] 
[1.449s] gmake[2]: *** [CMakeFiles/sas_robot_driver_px100.dir/build.make:76: CMakeFiles/sas_robot_driver_px100.dir/src/sas_robot_driver_PX100.cpp.o] Error 1
[1.450s] gmake[1]: *** [CMakeFiles/Makefile2:139: CMakeFiles/sas_robot_driver_px100.dir/all] Error 2
[1.450s] gmake: *** [Makefile:146: all] Error 2
[1.452s] Invoked command in '/home/robot/Documents/sas_robot_driver_px100/build/sas_robot_driver_px100' returned '2': CMAKE_PREFIX_PATH=${CMAKE_PREFIX_PATH}:/opt/ros/jazzy DEBUGINFOD_URLS=https://debuginfod.ubuntu.com /usr/bin/cmake --build /home/robot/Documents/sas_robot_driver_px100/build/sas_robot_driver_px100 -- -j8 -l8
