[0.011s] Invoking command in '/home/robot/Documents/sas_robot_driver_px100/build/sas_robot_driver_px100': CMAKE_PREFIX_PATH=${CMAKE_PREFIX_PATH}:/opt/ros/jazzy DEBUGINFOD_URLS=https://debuginfod.ubuntu.com /usr/bin/cmake --build /home/robot/Documents/sas_robot_driver_px100/build/sas_robot_driver_px100 -- -j8 -l8
[0.065s] [ 25%] [32mBuilding CXX object CMakeFiles/sas_robot_driver_px100.dir/src/sas_robot_driver_PX100.cpp.o[0m
[1.272s] [01m[K/home/robot/Documents/sas_robot_driver_px100/src/sas_robot_driver_px100/src/sas_robot_driver_PX100.cpp:[m[K In member function ‘[01m[Kvirtual Eigen::VectorXd sas::RobotDriverPX100::[01;32m[Kget_joint_positions[m[K()[m[K’:
[1.272s] [01m[K/home/robot/Documents/sas_robot_driver_px100/src/sas_robot_driver_px100/src/sas_robot_driver_PX100.cpp:87:61:[m[K [01;31m[Kerror: [m[K‘[01m[Kusing std::__shared_ptr_access<dynamixel::GroupSyncRead, __gnu_cxx::_S_atomic, false, false>::element_type = class dynamixel::GroupSyncRead[m[K’ {aka ‘[01m[Kclass dynamixel::GroupSyncRead[m[K’} has no member named ‘[01m[KgetTxRxResult[m[K’
[1.272s]    87 |             throw std::runtime_error(impl_->groupSyncRead_->[01;31m[KgetTxRxResult[m[K(impl_->dxl_comm_result));
[1.272s]       |                                                             [01;31m[K^~~~~~~~~~~~~[m[K
[1.276s] [01m[K/home/robot/Documents/sas_robot_driver_px100/src/sas_robot_driver_px100/src/sas_robot_driver_PX100.cpp:89:9:[m[K [01;31m[Kerror: [m[K‘[01m[Kimpl[m[K’ was not declared in this scope; did you mean ‘[01m[KImpl[m[K’?
[1.276s]    89 |         [01;31m[Kimpl[m[K->dxl_getdata_result = impl_->groupSyncRead_->isAvailable(id, impl_->present_position_address, impl_->data_length_4byte);
[1.276s]       |         [01;31m[K^~~~[m[K
[1.276s]       |         [32m[KImpl[m[K
[1.276s] [01m[K/home/robot/Documents/sas_robot_driver_px100/src/sas_robot_driver_px100/src/sas_robot_driver_PX100.cpp:97:30:[m[K [01;31m[Kerror: [m[K‘[01m[Kclass std::vector<float>[m[K’ has no member named ‘[01m[Kpushback[m[K’; did you mean ‘[01m[Kpush_back[m[K’?
[1.277s]    97 |         temp_joint_position_.[01;31m[Kpushback[m[K(impl_->groupSyncRead_->getData(id, impl_->present_position_address, impl_->data_length_4byte));
[1.277s]       |                              [01;31m[K^~~~~~~~[m[K
[1.277s]       |                              [32m[Kpush_back[m[K
[1.277s] [01m[K/home/robot/Documents/sas_robot_driver_px100/src/sas_robot_driver_px100/src/sas_robot_driver_PX100.cpp:100:31:[m[K [01;31m[Kerror: [m[Kno match for ‘[01m[Koperator=[m[K’ (operand types are ‘[01m[KEigen::VectorXd[m[K’ {aka ‘[01m[KEigen::Matrix<double, -1, 1>[m[K’} and ‘[01m[Kstd::vector<float>[m[K’)
[1.277s]   100 |     impl_->joint_positions_ = [01;31m[Ktemp_joint_position_[m[K;
[1.277s]       |                               [01;31m[K^~~~~~~~~~~~~~~~~~~~[m[K
[1.277s] In file included from [01m[K/usr/include/eigen3/Eigen/Core:295[m[K,
[1.278s]                  from [01m[K/usr/include/eigen3/Eigen/Dense:1[m[K,
[1.278s]                  from [01m[K/opt/ros/jazzy/include/sas_core/sas_core.hpp:26[m[K,
[1.278s]                  from [01m[K/opt/ros/jazzy/include/sas_core/sas_clock.hpp:31[m[K,
[1.278s]                  from [01m[K/opt/ros/jazzy/include/sas_core/sas_robot_driver.hpp:37[m[K,
[1.278s]                  from [01m[K/home/robot/Documents/sas_robot_driver_px100/src/sas_robot_driver_px100/include/sas_robot_driver_PX100/sas_robot_driver_PX100.hpp:3[m[K,
[1.278s]                  from [01m[K/home/robot/Documents/sas_robot_driver_px100/src/sas_robot_driver_px100/src/sas_robot_driver_PX100.cpp:1[m[K:
[1.278s] [01m[K/usr/include/eigen3/Eigen/src/Core/Matrix.h:223:33:[m[K [01;36m[Knote: [m[Kcandidate: ‘[01m[Ktemplate<class OtherDerived> Eigen::Matrix<_Scalar, _Rows, _Cols, _Options, _MaxRows, _MaxCols>& Eigen::Matrix<_Scalar, _Rows, _Cols, _Options, _MaxRows, _MaxCols>::[01;32m[Koperator=[m[K(const Eigen::DenseBase<OtherDerived>&) [35m[K[with _Scalar = double; int _Rows = -1; int _Cols = 1; int _Options = 0; int _MaxRows = -1; int _MaxCols = 1][m[K[m[K’
[1.279s]   223 |     EIGEN_STRONG_INLINE Matrix& [01;36m[Koperator[m[K=(const DenseBase<OtherDerived>& other)
[1.279s]       |                                 [01;36m[K^~~~~~~~[m[K
[1.279s] [01m[K/usr/include/eigen3/Eigen/src/Core/Matrix.h:223:33:[m[K [01;36m[Knote: [m[K  template argument deduction/substitution failed:
[1.279s] [01m[K/home/robot/Documents/sas_robot_driver_px100/src/sas_robot_driver_px100/src/sas_robot_driver_PX100.cpp:100:31:[m[K [01;36m[Knote: [m[K  ‘[01m[Kstd::vector<float>[m[K’ is not derived from ‘[01m[Kconst Eigen::DenseBase<Derived>[m[K’
[1.279s]   100 |     impl_->joint_positions_ = [01;36m[Ktemp_joint_position_[m[K;
[1.279s]       |                               [01;36m[K^~~~~~~~~~~~~~~~~~~~[m[K
[1.279s] [01m[K/usr/include/eigen3/Eigen/src/Core/Matrix.h:236:33:[m[K [01;36m[Knote: [m[Kcandidate: ‘[01m[Ktemplate<class OtherDerived> Eigen::Matrix<_Scalar, _Rows, _Cols, _Options, _MaxRows, _MaxCols>& Eigen::Matrix<_Scalar, _Rows, _Cols, _Options, _MaxRows, _MaxCols>::[01;32m[Koperator=[m[K(const Eigen::EigenBase<OtherDerived>&) [35m[K[with _Scalar = double; int _Rows = -1; int _Cols = 1; int _Options = 0; int _MaxRows = -1; int _MaxCols = 1][m[K[m[K’
[1.280s]   236 |     EIGEN_STRONG_INLINE Matrix& [01;36m[Koperator[m[K=(const EigenBase<OtherDerived> &other)
[1.280s]       |                                 [01;36m[K^~~~~~~~[m[K
[1.280s] [01m[K/usr/include/eigen3/Eigen/src/Core/Matrix.h:236:33:[m[K [01;36m[Knote: [m[K  template argument deduction/substitution failed:
[1.280s] [01m[K/home/robot/Documents/sas_robot_driver_px100/src/sas_robot_driver_px100/src/sas_robot_driver_PX100.cpp:100:31:[m[K [01;36m[Knote: [m[K  ‘[01m[Kstd::vector<float>[m[K’ is not derived from ‘[01m[Kconst Eigen::EigenBase<Derived>[m[K’
[1.280s]   100 |     impl_->joint_positions_ = [01;36m[Ktemp_joint_position_[m[K;
[1.280s]       |                               [01;36m[K^~~~~~~~~~~~~~~~~~~~[m[K
[1.280s] [01m[K/usr/include/eigen3/Eigen/src/Core/Matrix.h:243:33:[m[K [01;36m[Knote: [m[Kcandidate: ‘[01m[Ktemplate<class OtherDerived> Eigen::Matrix<_Scalar, _Rows, _Cols, _Options, _MaxRows, _MaxCols>& Eigen::Matrix<_Scalar, _Rows, _Cols, _Options, _MaxRows, _MaxCols>::[01;32m[Koperator=[m[K(const Eigen::ReturnByValue<OtherDerived>&) [35m[K[with _Scalar = double; int _Rows = -1; int _Cols = 1; int _Options = 0; int _MaxRows = -1; int _MaxCols = 1][m[K[m[K’
[1.281s]   243 |     EIGEN_STRONG_INLINE Matrix& [01;36m[Koperator[m[K=(const ReturnByValue<OtherDerived>& func)
[1.281s]       |                                 [01;36m[K^~~~~~~~[m[K
[1.281s] [01m[K/usr/include/eigen3/Eigen/src/Core/Matrix.h:243:33:[m[K [01;36m[Knote: [m[K  template argument deduction/substitution failed:
[1.281s] [01m[K/home/robot/Documents/sas_robot_driver_px100/src/sas_robot_driver_px100/src/sas_robot_driver_PX100.cpp:100:31:[m[K [01;36m[Knote: [m[K  ‘[01m[Kstd::vector<float>[m[K’ is not derived from ‘[01m[Kconst Eigen::ReturnByValue<Derived>[m[K’
[1.281s]   100 |     impl_->joint_positions_ = [01;36m[Ktemp_joint_position_[m[K;
[1.281s]       |                               [01;36m[K^~~~~~~~~~~~~~~~~~~~[m[K
[1.281s] [01m[K/usr/include/eigen3/Eigen/src/Core/Matrix.h:438:13:[m[K [01;36m[Knote: [m[Kcandidate: ‘[01m[Ktemplate<class OtherDerived> Eigen::Matrix<_Scalar, _Rows, _Cols, _Options, _MaxRows, _MaxCols>& Eigen::Matrix<_Scalar, _Rows, _Cols, _Options, _MaxRows, _MaxCols>::[01;32m[Koperator=[m[K(const Eigen::RotationBase<OtherDerived, Eigen::Matrix<_Scalar, _Rows, _Cols, _Options, _MaxRows, _MaxCols>::ColsAtCompileTime>&) [35m[K[with _Scalar = double; int _Rows = -1; int _Cols = 1; int _Options = 0; int _MaxRows = -1; int _MaxCols = 1][m[K[m[K’
[1.282s]   438 |     Matrix& [01;36m[Koperator[m[K=(const RotationBase<OtherDerived,ColsAtCompileTime>& r);
[1.282s]       |             [01;36m[K^~~~~~~~[m[K
[1.282s] [01m[K/usr/include/eigen3/Eigen/src/Core/Matrix.h:438:13:[m[K [01;36m[Knote: [m[K  template argument deduction/substitution failed:
[1.282s] [01m[K/home/robot/Documents/sas_robot_driver_px100/src/sas_robot_driver_px100/src/sas_robot_driver_PX100.cpp:100:31:[m[K [01;36m[Knote: [m[K  ‘[01m[Kstd::vector<float>[m[K’ is not derived from ‘[01m[Kconst Eigen::RotationBase<OtherDerived, 1>[m[K’
[1.282s]   100 |     impl_->joint_positions_ = [01;36m[Ktemp_joint_position_[m[K;
[1.282s]       |                               [01;36m[K^~~~~~~~~~~~~~~~~~~~[m[K
[1.282s] [01m[K/usr/include/eigen3/Eigen/src/Core/Matrix.h:206:33:[m[K [01;36m[Knote: [m[Kcandidate: ‘[01m[KEigen::Matrix<_Scalar, _Rows, _Cols, _Options, _MaxRows, _MaxCols>& Eigen::Matrix<_Scalar, _Rows, _Cols, _Options, _MaxRows, _MaxCols>::[01;32m[Koperator=[m[K(const Eigen::Matrix<_Scalar, _Rows, _Cols, _Options, _MaxRows, _MaxCols>&) [35m[K[with _Scalar = double; int _Rows = -1; int _Cols = 1; int _Options = 0; int _MaxRows = -1; int _MaxCols = 1][m[K[m[K’
[1.283s]   206 |     EIGEN_STRONG_INLINE Matrix& [01;36m[Koperator[m[K=(const Matrix& other)
[1.283s]       |                                 [01;36m[K^~~~~~~~[m[K
[1.283s] [01m[K/usr/include/eigen3/Eigen/src/Core/Matrix.h:206:57:[m[K [01;36m[Knote: [m[K  no known conversion for argument 1 from ‘[01m[Kstd::vector<float>[m[K’ to ‘[01m[Kconst Eigen::Matrix<double, -1, 1>&[m[K’
[1.283s]   206 |     EIGEN_STRONG_INLINE Matrix& operator=([01;36m[Kconst Matrix& other[m[K)
[1.283s]       |                                           [01;36m[K~~~~~~~~~~~~~~^~~~~[m[K
[1.283s] [01m[K/usr/include/eigen3/Eigen/src/Core/Matrix.h:279:13:[m[K [01;36m[Knote: [m[Kcandidate: ‘[01m[KEigen::Matrix<_Scalar, _Rows, _Cols, _Options, _MaxRows, _MaxCols>& Eigen::Matrix<_Scalar, _Rows, _Cols, _Options, _MaxRows, _MaxCols>::[01;32m[Koperator=[m[K(Eigen::Matrix<_Scalar, _Rows, _Cols, _Options, _MaxRows, _MaxCols>&&) [35m[K[with _Scalar = double; int _Rows = -1; int _Cols = 1; int _Options = 0; int _MaxRows = -1; int _MaxCols = 1][m[K[m[K’
[1.283s]   279 |     Matrix& [01;36m[Koperator[m[K=(Matrix&& other) EIGEN_NOEXCEPT_IF(std::is_nothrow_move_assignable<Scalar>::value)
[1.284s]       |             [01;36m[K^~~~~~~~[m[K
[1.284s] [01m[K/usr/include/eigen3/Eigen/src/Core/Matrix.h:279:32:[m[K [01;36m[Knote: [m[K  no known conversion for argument 1 from ‘[01m[Kstd::vector<float>[m[K’ to ‘[01m[KEigen::Matrix<double, -1, 1>&&[m[K’
[1.284s]   279 |     Matrix& operator=([01;36m[KMatrix&& other[m[K) EIGEN_NOEXCEPT_IF(std::is_nothrow_move_assignable<Scalar>::value)
[1.284s]       |                       [01;36m[K~~~~~~~~~^~~~~[m[K
[1.446s] gmake[2]: *** [CMakeFiles/sas_robot_driver_px100.dir/build.make:76: CMakeFiles/sas_robot_driver_px100.dir/src/sas_robot_driver_PX100.cpp.o] Error 1
[1.447s] gmake[1]: *** [CMakeFiles/Makefile2:139: CMakeFiles/sas_robot_driver_px100.dir/all] Error 2
[1.447s] gmake: *** [Makefile:146: all] Error 2
[1.450s] Invoked command in '/home/robot/Documents/sas_robot_driver_px100/build/sas_robot_driver_px100' returned '2': CMAKE_PREFIX_PATH=${CMAKE_PREFIX_PATH}:/opt/ros/jazzy DEBUGINFOD_URLS=https://debuginfod.ubuntu.com /usr/bin/cmake --build /home/robot/Documents/sas_robot_driver_px100/build/sas_robot_driver_px100 -- -j8 -l8
