[0.011s] Invoking command in '/home/robot/Documents/sas_robot_driver_px100/build/sas_robot_driver_px100': CMAKE_PREFIX_PATH=${CMAKE_PREFIX_PATH}:/opt/ros/jazzy DEBUGINFOD_URLS=https://debuginfod.ubuntu.com /usr/bin/cmake --build /home/robot/Documents/sas_robot_driver_px100/build/sas_robot_driver_px100 -- -j8 -l8
[0.065s] [ 25%] [32mBuilding CXX object CMakeFiles/sas_robot_driver_px100.dir/src/sas_robot_driver_PX100.cpp.o[0m
[1.297s] [01m[K/home/robot/Documents/sas_robot_driver_px100/src/sas_robot_driver_px100/src/sas_robot_driver_PX100.cpp:[m[K In member function ‘[01m[Kvirtual void sas::RobotDriverPX100::[01;32m[Kinitialize[m[K()[m[K’:
[1.297s] [01m[K/home/robot/Documents/sas_robot_driver_px100/src/sas_robot_driver_px100/src/sas_robot_driver_PX100.cpp:138:79:[m[K [01;31m[Kerror: [m[Kcannot convert ‘[01m[Kstd::shared_ptr<dynamixel::PortHandler>[m[K’ to ‘[01m[Kdynamixel::PortHandler*[m[K’
[1.297s]   138 | _comm_result = impl_->packetHandler_->write1ByteTxRx([01;31m[Kimpl_->portHandler_[m[K, id, impl_->torque_on_address, data, &impl_->dxl_error);
[1.297s]       |                                                      [01;31m[K~~~~~~~^~~~~~~~~~~~[m[K
[1.297s]       |                                                             [01;31m[K|[m[K
[1.298s]       |                                                             [01;31m[Kstd::shared_ptr<dynamixel::PortHandler>[m[K
[1.298s] 
[1.298s] In file included from [01m[K/usr/local/include/dynamixel_sdk/group_bulk_read.h:27[m[K,
[1.298s]                  from [01m[K/usr/local/include/dynamixel_sdk/dynamixel_sdk.h:26[m[K,
[1.298s]                  from [01m[K/home/robot/Documents/sas_robot_driver_px100/src/sas_robot_driver_px100/src/sas_robot_driver_PX100.cpp:5[m[K:
[1.298s] [01m[K/usr/local/include/dynamixel_sdk/packet_handler.h:476:45:[m[K [01;36m[Knote: [m[K  initializing argument 1 of ‘[01m[Kvirtual int dynamixel::PacketHandler::[01;32m[Kwrite1ByteTxRx[m[K(dynamixel::PortHandler*, uint8_t, uint16_t, uint8_t, uint8_t*)[m[K’
[1.298s]   476 |   virtual int write1ByteTxRx  ([01;36m[KPortHandler *port[m[K, uint8_t id, uint16_t address, uint8_t data, uint8_t *error = 0) = 0;
[1.299s]       |                                [01;36m[K~~~~~~~~~~~~~^~~~[m[K
[1.304s] [01m[K/home/robot/Documents/sas_robot_driver_px100/src/sas_robot_driver_px100/src/sas_robot_driver_PX100.cpp:149:38:[m[K [01;31m[Kerror: [m[K‘[01m[KgroupSyncRead[m[K’ was not declared in this scope
[1.305s]   149 |         impl_->dxl_addparam_result = [01;31m[KgroupSyncRead[m[K.addParam(id);
[1.305s]       |                                      [01;31m[K^~~~~~~~~~~~~[m[K
[1.453s] gmake[2]: *** [CMakeFiles/sas_robot_driver_px100.dir/build.make:76: CMakeFiles/sas_robot_driver_px100.dir/src/sas_robot_driver_PX100.cpp.o] Error 1
[1.454s] gmake[1]: *** [CMakeFiles/Makefile2:139: CMakeFiles/sas_robot_driver_px100.dir/all] Error 2
[1.454s] gmake: *** [Makefile:146: all] Error 2
[1.456s] Invoked command in '/home/robot/Documents/sas_robot_driver_px100/build/sas_robot_driver_px100' returned '2': CMAKE_PREFIX_PATH=${CMAKE_PREFIX_PATH}:/opt/ros/jazzy DEBUGINFOD_URLS=https://debuginfod.ubuntu.com /usr/bin/cmake --build /home/robot/Documents/sas_robot_driver_px100/build/sas_robot_driver_px100 -- -j8 -l8
