[0.011s] Invoking command in '/home/robot/Documents/sas_robot_driver_px100/build/sas_robot_driver_px100': CMAKE_PREFIX_PATH=${CMAKE_PREFIX_PATH}:/opt/ros/jazzy DEBUGINFOD_URLS=https://debuginfod.ubuntu.com /usr/bin/cmake --build /home/robot/Documents/sas_robot_driver_px100/build/sas_robot_driver_px100 -- -j8 -l8
[0.035s] -- Found ament_cmake: 2.5.5 (/opt/ros/jazzy/share/ament_cmake/cmake)
[0.263s] -- Found rclcpp: 28.1.16 (/opt/ros/jazzy/share/rclcpp/cmake)
[0.295s] -- Found rosidl_generator_c: 4.6.7 (/opt/ros/jazzy/share/rosidl_generator_c/cmake)
[0.307s] -- Found rosidl_generator_cpp: 4.6.7 (/opt/ros/jazzy/share/rosidl_generator_cpp/cmake)
[0.320s] -- Using all available rosidl_typesupport_c: rosidl_typesupport_fastrtps_c;rosidl_typesupport_introspection_c
[0.335s] -- Using all available rosidl_typesupport_cpp: rosidl_typesupport_fastrtps_cpp;rosidl_typesupport_introspection_cpp
[0.402s] -- Found rmw_implementation_cmake: 7.3.3 (/opt/ros/jazzy/share/rmw_implementation_cmake/cmake)
[0.404s] -- Found rmw_fastrtps_cpp: 8.4.3 (/opt/ros/jazzy/share/rmw_fastrtps_cpp/cmake)
[0.476s] -- Using RMW implementation 'rmw_fastrtps_cpp' as default
[0.550s] -- Found sas_core: 25.12.16161141 (/opt/ros/jazzy/share/sas_core/cmake)
[0.551s] -- Found sas_common: 25.12.16161141 (/opt/ros/jazzy/share/sas_common/cmake)
[0.553s] -- Found sas_robot_driver: 25.12.16161141 (/opt/ros/jazzy/share/sas_robot_driver/cmake)
[0.651s] -- Found ament_lint_auto: 0.17.4 (/opt/ros/jazzy/share/ament_lint_auto/cmake)
[0.863s] -- Added test 'cppcheck' to perform static code analysis on C / C++ code
[0.864s] -- Configured cppcheck include dirs: $<BUILD_INTERFACE:/home/robot/Documents/sas_robot_driver_px100/src/sas_robot_driver_px100/include>
[0.864s] -- Configured cppcheck exclude dirs and/or files: 
[0.880s] -- Added test 'flake8' to check Python code syntax and style conventions
[0.880s] -- Configured 'flake8' exclude dirs and/or files: 
[0.910s] -- Added test 'lint_cmake' to check CMake code style
[0.924s] -- Added test 'pep257' to check Python code against some of the docstring style conventions in PEP 257
[1.033s] -- Added test 'uncrustify' to check C / C++ code style
[1.033s] -- Configured uncrustify additional arguments: 
[1.047s] -- Added test 'xmllint' to check XML markup files
[1.049s] -- Configuring done (1.0s)
[1.074s] -- Generating done (0.0s)
[1.083s] -- Build files have been written to: /home/robot/Documents/sas_robot_driver_px100/build/sas_robot_driver_px100
[1.125s] [ 50%] Built target sas_robot_driver_px100
[1.163s] [ 75%] [32m[1mLinking CXX executable sas_robot_driver_PX100_node[0m
[1.335s] [100%] Built target sas_robot_driver_PX100_node
[1.347s] Invoked command in '/home/robot/Documents/sas_robot_driver_px100/build/sas_robot_driver_px100' returned '0': CMAKE_PREFIX_PATH=${CMAKE_PREFIX_PATH}:/opt/ros/jazzy DEBUGINFOD_URLS=https://debuginfod.ubuntu.com /usr/bin/cmake --build /home/robot/Documents/sas_robot_driver_px100/build/sas_robot_driver_px100 -- -j8 -l8
[1.355s] Invoking command in '/home/robot/Documents/sas_robot_driver_px100/build/sas_robot_driver_px100': CMAKE_PREFIX_PATH=${CMAKE_PREFIX_PATH}:/opt/ros/jazzy DEBUGINFOD_URLS=https://debuginfod.ubuntu.com /usr/bin/cmake --install /home/robot/Documents/sas_robot_driver_px100/build/sas_robot_driver_px100
[1.362s] -- Install configuration: ""
[1.362s] -- Installing: /home/robot/Documents/sas_robot_driver_px100/install/sas_robot_driver_px100/share/sas_robot_driver_px100/environment/library_path.sh
[1.363s] -- Installing: /home/robot/Documents/sas_robot_driver_px100/install/sas_robot_driver_px100/share/sas_robot_driver_px100/environment/library_path.dsv
[1.363s] -- Installing: /home/robot/Documents/sas_robot_driver_px100/install/sas_robot_driver_px100/include
[1.363s] -- Installing: /home/robot/Documents/sas_robot_driver_px100/install/sas_robot_driver_px100/include/sas_robot_driver_PX100
[1.363s] -- Installing: /home/robot/Documents/sas_robot_driver_px100/install/sas_robot_driver_px100/include/sas_robot_driver_PX100/sas_robot_driver_PX100.hpp
[1.363s] -- Installing: /home/robot/Documents/sas_robot_driver_px100/install/sas_robot_driver_px100/lib/libsas_robot_driver_px100.so
[1.363s] -- Set non-toolchain portion of runtime path of "/home/robot/Documents/sas_robot_driver_px100/install/sas_robot_driver_px100/lib/libsas_robot_driver_px100.so" to ""
[1.363s] -- Installing: /home/robot/Documents/sas_robot_driver_px100/install/sas_robot_driver_px100/lib/sas_robot_driver_px100/sas_robot_driver_PX100_node
[1.364s] -- Set non-toolchain portion of runtime path of "/home/robot/Documents/sas_robot_driver_px100/install/sas_robot_driver_px100/lib/sas_robot_driver_px100/sas_robot_driver_PX100_node" to ""
[1.364s] -- Installing: /home/robot/Documents/sas_robot_driver_px100/install/sas_robot_driver_px100/share/sas_robot_driver_px100//launch
[1.364s] -- Installing: /home/robot/Documents/sas_robot_driver_px100/install/sas_robot_driver_px100/share/sas_robot_driver_px100//launch/real_robot_launch.py
[1.364s] -- Up-to-date: /home/robot/Documents/sas_robot_driver_px100/install/sas_robot_driver_px100/lib/sas_robot_driver_px100
[1.364s] -- Installing: /home/robot/Documents/sas_robot_driver_px100/install/sas_robot_driver_px100/lib/sas_robot_driver_px100/joint_interface_example.py
[1.365s] -- Installing: /home/robot/Documents/sas_robot_driver_px100/install/sas_robot_driver_px100/share/ament_index/resource_index/package_run_dependencies/sas_robot_driver_px100
[1.365s] -- Installing: /home/robot/Documents/sas_robot_driver_px100/install/sas_robot_driver_px100/share/ament_index/resource_index/parent_prefix_path/sas_robot_driver_px100
[1.365s] -- Installing: /home/robot/Documents/sas_robot_driver_px100/install/sas_robot_driver_px100/share/sas_robot_driver_px100/environment/ament_prefix_path.sh
[1.365s] -- Installing: /home/robot/Documents/sas_robot_driver_px100/install/sas_robot_driver_px100/share/sas_robot_driver_px100/environment/ament_prefix_path.dsv
[1.365s] -- Installing: /home/robot/Documents/sas_robot_driver_px100/install/sas_robot_driver_px100/share/sas_robot_driver_px100/environment/path.sh
[1.365s] -- Installing: /home/robot/Documents/sas_robot_driver_px100/install/sas_robot_driver_px100/share/sas_robot_driver_px100/environment/path.dsv
[1.365s] -- Installing: /home/robot/Documents/sas_robot_driver_px100/install/sas_robot_driver_px100/share/sas_robot_driver_px100/local_setup.bash
[1.366s] -- Installing: /home/robot/Documents/sas_robot_driver_px100/install/sas_robot_driver_px100/share/sas_robot_driver_px100/local_setup.sh
[1.366s] -- Installing: /home/robot/Documents/sas_robot_driver_px100/install/sas_robot_driver_px100/share/sas_robot_driver_px100/local_setup.zsh
[1.366s] -- Installing: /home/robot/Documents/sas_robot_driver_px100/install/sas_robot_driver_px100/share/sas_robot_driver_px100/local_setup.dsv
[1.366s] -- Installing: /home/robot/Documents/sas_robot_driver_px100/install/sas_robot_driver_px100/share/sas_robot_driver_px100/package.dsv
[1.366s] -- Installing: /home/robot/Documents/sas_robot_driver_px100/install/sas_robot_driver_px100/share/ament_index/resource_index/packages/sas_robot_driver_px100
[1.366s] -- Installing: /home/robot/Documents/sas_robot_driver_px100/install/sas_robot_driver_px100/share/sas_robot_driver_px100/cmake/export_sas_robot_driver_px100Export.cmake
[1.367s] -- Installing: /home/robot/Documents/sas_robot_driver_px100/install/sas_robot_driver_px100/share/sas_robot_driver_px100/cmake/export_sas_robot_driver_px100Export-noconfig.cmake
[1.367s] -- Installing: /home/robot/Documents/sas_robot_driver_px100/install/sas_robot_driver_px100/share/sas_robot_driver_px100/cmake/ament_cmake_export_targets-extras.cmake
[1.367s] -- Installing: /home/robot/Documents/sas_robot_driver_px100/install/sas_robot_driver_px100/share/sas_robot_driver_px100/cmake/ament_cmake_export_dependencies-extras.cmake
[1.367s] -- Installing: /home/robot/Documents/sas_robot_driver_px100/install/sas_robot_driver_px100/share/sas_robot_driver_px100/cmake/sas_robot_driver_px100Config.cmake
[1.367s] -- Installing: /home/robot/Documents/sas_robot_driver_px100/install/sas_robot_driver_px100/share/sas_robot_driver_px100/cmake/sas_robot_driver_px100Config-version.cmake
[1.367s] -- Installing: /home/robot/Documents/sas_robot_driver_px100/install/sas_robot_driver_px100/share/sas_robot_driver_px100/package.xml
[1.369s] Invoked command in '/home/robot/Documents/sas_robot_driver_px100/build/sas_robot_driver_px100' returned '0': CMAKE_PREFIX_PATH=${CMAKE_PREFIX_PATH}:/opt/ros/jazzy DEBUGINFOD_URLS=https://debuginfod.ubuntu.com /usr/bin/cmake --install /home/robot/Documents/sas_robot_driver_px100/build/sas_robot_driver_px100
