[0.011s] Invoking command in '/home/robot/Documents/sas_robot_driver_px100/build/sas_robot_driver_px100': CMAKE_PREFIX_PATH=${CMAKE_PREFIX_PATH}:/opt/ros/jazzy DEBUGINFOD_URLS=https://debuginfod.ubuntu.com /usr/bin/cmake --build /home/robot/Documents/sas_robot_driver_px100/build/sas_robot_driver_px100 -- -j8 -l8
[0.065s] [ 25%] [32mBuilding CXX object CMakeFiles/sas_robot_driver_px100.dir/src/sas_robot_driver_PX100.cpp.o[0m
[1.260s] [01m[K/home/robot/Documents/sas_robot_driver_px100/src/sas_robot_driver_px100/src/sas_robot_driver_PX100.cpp:[m[K In member function ‘[01m[Kvirtual Eigen::VectorXd sas::RobotDriverPX100::[01;32m[Kget_joint_positions[m[K()[m[K’:
[1.260s] [01m[K/home/robot/Documents/sas_robot_driver_px100/src/sas_robot_driver_px100/src/sas_robot_driver_PX100.cpp:87:61:[m[K [01;31m[Kerror: [m[K‘[01m[Kusing std::__shared_ptr_access<dynamixel::GroupSyncRead, __gnu_cxx::_S_atomic, false, false>::element_type = class dynamixel::GroupSyncRead[m[K’ {aka ‘[01m[Kclass dynamixel::GroupSyncRead[m[K’} has no member named ‘[01m[KgetTxRxResult[m[K’
[1.260s]    87 |             throw std::runtime_error(impl_->groupSyncRead_->[01;31m[KgetTxRxResult[m[K(impl_->dxl_comm_result));
[1.260s]       |                                                             [01;31m[K^~~~~~~~~~~~~[m[K
[1.264s] [01m[K/home/robot/Documents/sas_robot_driver_px100/src/sas_robot_driver_px100/src/sas_robot_driver_PX100.cpp:89:9:[m[K [01;31m[Kerror: [m[K‘[01m[Kimpl[m[K’ was not declared in this scope; did you mean ‘[01m[KImpl[m[K’?
[1.264s]    89 |         [01;31m[Kimpl[m[K->dxl_getdata_result = impl_->groupSyncRead_->isAvailable(id, impl_->present_position_address, impl_->data_length_4byte);
[1.264s]       |         [01;31m[K^~~~[m[K
[1.264s]       |         [32m[KImpl[m[K
[1.265s] [01m[K/home/robot/Documents/sas_robot_driver_px100/src/sas_robot_driver_px100/src/sas_robot_driver_PX100.cpp:97:30:[m[K [01;31m[Kerror: [m[K‘[01m[Kclass std::vector<float>[m[K’ has no member named ‘[01m[Kpushback[m[K’; did you mean ‘[01m[Kpush_back[m[K’?
[1.265s]    97 |         temp_joint_position_.[01;31m[Kpushback[m[K(impl_->groupSyncRead_->getData(id, impl_->present_position_address, impl_->data_length_4byte));
[1.265s]       |                              [01;31m[K^~~~~~~~[m[K
[1.265s]       |                              [32m[Kpush_back[m[K
[1.271s] [01m[K/home/robot/Documents/sas_robot_driver_px100/src/sas_robot_driver_px100/src/sas_robot_driver_PX100.cpp:100:5:[m[K [01;31m[Kerror: [m[K‘[01m[Kjoint_positions_[m[K’ was not declared in this scope; did you mean ‘[01m[Kget_joint_positions[m[K’?
[1.271s]   100 |     [01;31m[Kjoint_positions_[m[K = temp_joint_position_;
[1.271s]       |     [01;31m[K^~~~~~~~~~~~~~~~[m[K
[1.271s]       |     [32m[Kget_joint_positions[m[K
[1.442s] gmake[2]: *** [CMakeFiles/sas_robot_driver_px100.dir/build.make:76: CMakeFiles/sas_robot_driver_px100.dir/src/sas_robot_driver_PX100.cpp.o] Error 1
[1.442s] gmake[1]: *** [CMakeFiles/Makefile2:139: CMakeFiles/sas_robot_driver_px100.dir/all] Error 2
[1.442s] gmake: *** [Makefile:146: all] Error 2
[1.445s] Invoked command in '/home/robot/Documents/sas_robot_driver_px100/build/sas_robot_driver_px100' returned '2': CMAKE_PREFIX_PATH=${CMAKE_PREFIX_PATH}:/opt/ros/jazzy DEBUGINFOD_URLS=https://debuginfod.ubuntu.com /usr/bin/cmake --build /home/robot/Documents/sas_robot_driver_px100/build/sas_robot_driver_px100 -- -j8 -l8
