[0.011s] Invoking command in '/home/robot/Documents/sas_robot_driver_px100/build/sas_robot_driver_px100': CMAKE_PREFIX_PATH=${CMAKE_PREFIX_PATH}:/opt/ros/jazzy DEBUGINFOD_URLS=https://debuginfod.ubuntu.com /usr/bin/cmake --build /home/robot/Documents/sas_robot_driver_px100/build/sas_robot_driver_px100 -- -j8 -l8
[0.061s] [ 25%] [32mBuilding CXX object CMakeFiles/sas_robot_driver_px100.dir/src/sas_robot_driver_PX100.cpp.o[0m
[1.295s] [01m[K/home/robot/Documents/sas_robot_driver_px100/src/sas_robot_driver_px100/src/sas_robot_driver_PX100.cpp:[m[K In member function ‘[01m[Kvirtual void sas::RobotDriverPX100::[01;32m[Kset_target_joint_positions[m[K(const Eigen::VectorXd&)[m[K’:
[1.295s] [01m[K/home/robot/Documents/sas_robot_driver_px100/src/sas_robot_driver_px100/src/sas_robot_driver_PX100.cpp:114:44:[m[K [01;35m[Kwarning: [m[Kcomparison of integer expressions of different signedness: ‘[01m[KEigen::EigenBase<Eigen::Matrix<double, -1, 1> >::Index[m[K’ {aka ‘[01m[Klong int[m[K’} and ‘[01m[Kstd::vector<unsigned char>::size_type[m[K’ {aka ‘[01m[Klong unsigned int[m[K’} [[01;35m[K]8;;https://gcc.gnu.org/onlinedocs/gcc/Warning-Options.html#index-Wsign-compare-Wsign-compare]8;;[m[K]
[1.296s]   114 |     if ([01;35m[Kdesired_joint_positions_rad.size() != configuration_.ids.size()[m[K)
[1.296s]       |         [01;35m[K~~~~~~~~~~~~~~~~~~~~~~~~~~~~~~~~~~~^~~~~~~~~~~~~~~~~~~~~~~~~~~~[m[K
[1.686s] [ 50%] [32m[1mLinking CXX shared library libsas_robot_driver_px100.so[0m
[1.839s] [ 50%] Built target sas_robot_driver_px100
[1.877s] [ 75%] [32mBuilding CXX object CMakeFiles/sas_robot_driver_PX100_node.dir/src/sas_robot_driver_PX100_node.cpp.o[0m
[5.069s] [01m[K/home/robot/Documents/sas_robot_driver_px100/src/sas_robot_driver_px100/src/sas_robot_driver_PX100_node.cpp:[m[K In function ‘[01m[Kint[01;32m[K main[m[K(int, char**)[m[K’:
[5.070s] [01m[K/home/robot/Documents/sas_robot_driver_px100/src/sas_robot_driver_px100/src/sas_robot_driver_PX100_node.cpp:39:23:[m[K [01;31m[Kerror: [m[K‘[01m[Kids_param[m[K’ was not declared in this scope
[5.070s]    39 |         for (auto v : [01;31m[Kids_param[m[K) {
[5.070s]       |                       [01;31m[K^~~~~~~~~[m[K
[5.213s] In file included from [01m[K/opt/ros/jazzy/include/rclcpp/rclcpp/node.hpp:1663[m[K,
[5.213s]                  from [01m[K/opt/ros/jazzy/include/rclcpp/rclcpp/executors/single_threaded_executor.hpp:28[m[K,
[5.213s]                  from [01m[K/opt/ros/jazzy/include/rclcpp/rclcpp/executors.hpp:22[m[K,
[5.213s]                  from [01m[K/opt/ros/jazzy/include/rclcpp/rclcpp/rclcpp.hpp:172[m[K,
[5.213s]                  from [01m[K/home/robot/Documents/sas_robot_driver_px100/src/sas_robot_driver_px100/src/sas_robot_driver_PX100_node.cpp:1[m[K:
[5.214s] /opt/ros/jazzy/include/rclcpp/rclcpp/node_impl.hpp: In instantiation of ‘[01m[Kauto rclcpp::Node::[01;32m[Kdeclare_parameter[m[K(const std::string&, const rcl_interfaces::msg::ParameterDescriptor&, bool) [35m[K[with ParameterT = std::vector<long unsigned int>; std::string = std::__cxx11::basic_string<char>; rcl_interfaces::msg::ParameterDescriptor = rcl_interfaces::msg::ParameterDescriptor_<std::allocator<void> >][m[K[m[K’:
[5.215s] [01m[K/opt/ros/jazzy/include/sas_common/sas_common.hpp:117:52:[m[K   required from ‘[01m[Kvoid sas::[01;32m[Kget_ros_parameter[m[K(std::shared_ptr<rclcpp::Node>&, const std::string&, std::vector<BufferT>&) [35m[K[with T = long unsigned int; std::string = std::__cxx11::basic_string<char>][m[K[m[K’
[5.215s] [01m[K/home/robot/Documents/sas_robot_driver_px100/src/sas_robot_driver_px100/src/sas_robot_driver_PX100_node.cpp:38:31:[m[K   required from here
[5.215s] [01m[K/opt/ros/jazzy/include/rclcpp/rclcpp/node_impl.hpp:273:26:[m[K [01;31m[Kerror: [m[Kno matching function for call to ‘[01m[Krclcpp::ParameterValue::ParameterValue(<brace-enclosed initializer list>)[m[K’
[5.216s]   273 |   rclcpp::ParameterValue [01;31m[Kvalue[m[K{ParameterT{}};
[5.216s]       |                          [01;31m[K^~~~~[m[K
[5.216s] In file included from [01m[K/opt/ros/jazzy/include/rclcpp/rclcpp/parameter.hpp:26[m[K,
[5.216s]                  from [01m[K/opt/ros/jazzy/include/rclcpp/rclcpp/copy_all_parameter_values.hpp:25[m[K,
[5.216s]                  from [01m[K/opt/ros/jazzy/include/rclcpp/rclcpp/rclcpp.hpp:171[m[K:
[5.216s] [01m[K/opt/ros/jazzy/include/rclcpp/rclcpp/parameter_value.hpp:122:12:[m[K [01;36m[Knote: [m[Kcandidate: ‘[01m[Krclcpp::ParameterValue::[01;32m[KParameterValue[m[K(const std::vector<std::__cxx11::basic_string<char>, std::allocator<std::__cxx11::basic_string<char> > >&)[m[K’
[5.216s]   122 |   explicit [01;36m[KParameterValue[m[K(const std::vector<std::string> & string_array_value);
[5.216s]       |            [01;36m[K^~~~~~~~~~~~~~[m[K
[5.217s] [01m[K/opt/ros/jazzy/include/rclcpp/rclcpp/parameter_value.hpp:122:60:[m[K [01;36m[Knote: [m[K  no known conversion for argument 1 from ‘[01m[Kstd::vector<long unsigned int>[m[K’ to ‘[01m[Kconst std::vector<std::__cxx11::basic_string<char>, std::allocator<std::__cxx11::basic_string<char> > >&[m[K’
[5.217s]   122 |   explicit ParameterValue([01;36m[Kconst std::vector<std::string> & string_array_value[m[K);
[5.217s]       |                           [01;36m[K~~~~~~~~~~~~~~~~~~~~~~~~~~~~~~~~~^~~~~~~~~~~~~~~~~~[m[K
[5.217s] [01m[K/opt/ros/jazzy/include/rclcpp/rclcpp/parameter_value.hpp:119:12:[m[K [01;36m[Knote: [m[Kcandidate: ‘[01m[Krclcpp::ParameterValue::[01;32m[KParameterValue[m[K(const std::vector<double, std::allocator<double> >&)[m[K’
[5.217s]   119 |   explicit [01;36m[KParameterValue[m[K(const std::vector<double> & double_array_value);
[5.217s]       |            [01;36m[K^~~~~~~~~~~~~~[m[K
[5.217s] [01m[K/opt/ros/jazzy/include/rclcpp/rclcpp/parameter_value.hpp:119:55:[m[K [01;36m[Knote: [m[K  no known conversion for argument 1 from ‘[01m[Kstd::vector<long unsigned int>[m[K’ to ‘[01m[Kconst std::vector<double, std::allocator<double> >&[m[K’
[5.217s]   119 |   explicit ParameterValue([01;36m[Kconst std::vector<double> & double_array_value[m[K);
[5.217s]       |                           [01;36m[K~~~~~~~~~~~~~~~~~~~~~~~~~~~~^~~~~~~~~~~~~~~~~~[m[K
[5.217s] [01m[K/opt/ros/jazzy/include/rclcpp/rclcpp/parameter_value.hpp:116:12:[m[K [01;36m[Knote: [m[Kcandidate: ‘[01m[Krclcpp::ParameterValue::[01;32m[KParameterValue[m[K(const std::vector<float>&)[m[K’
[5.217s]   116 |   explicit [01;36m[KParameterValue[m[K(const std::vector<float> & double_array_value);
[5.218s]       |            [01;36m[K^~~~~~~~~~~~~~[m[K
[5.218s] [01m[K/opt/ros/jazzy/include/rclcpp/rclcpp/parameter_value.hpp:116:54:[m[K [01;36m[Knote: [m[K  no known conversion for argument 1 from ‘[01m[Kstd::vector<long unsigned int>[m[K’ to ‘[01m[Kconst std::vector<float>&[m[K’
[5.218s]   116 |   explicit ParameterValue([01;36m[Kconst std::vector<float> & double_array_value[m[K);
[5.218s]       |                           [01;36m[K~~~~~~~~~~~~~~~~~~~~~~~~~~~^~~~~~~~~~~~~~~~~~[m[K
[5.218s] [01m[K/opt/ros/jazzy/include/rclcpp/rclcpp/parameter_value.hpp:113:12:[m[K [01;36m[Knote: [m[Kcandidate: ‘[01m[Krclcpp::ParameterValue::[01;32m[KParameterValue[m[K(const std::vector<long int, std::allocator<long int> >&)[m[K’
[5.218s]   113 |   explicit [01;36m[KParameterValue[m[K(const std::vector<int64_t> & int_array_value);
[5.218s]       |            [01;36m[K^~~~~~~~~~~~~~[m[K
[5.218s] [01m[K/opt/ros/jazzy/include/rclcpp/rclcpp/parameter_value.hpp:113:56:[m[K [01;36m[Knote: [m[K  no known conversion for argument 1 from ‘[01m[Kstd::vector<long unsigned int>[m[K’ to ‘[01m[Kconst std::vector<long int, std::allocator<long int> >&[m[K’
[5.218s]   113 |   explicit ParameterValue([01;36m[Kconst std::vector<int64_t> & int_array_value[m[K);
[5.218s]       |                           [01;36m[K~~~~~~~~~~~~~~~~~~~~~~~~~~~~~^~~~~~~~~~~~~~~[m[K
[5.218s] [01m[K/opt/ros/jazzy/include/rclcpp/rclcpp/parameter_value.hpp:110:12:[m[K [01;36m[Knote: [m[Kcandidate: ‘[01m[Krclcpp::ParameterValue::[01;32m[KParameterValue[m[K(const std::vector<int>&)[m[K’
[5.218s]   110 |   explicit [01;36m[KParameterValue[m[K(const std::vector<int> & int_array_value);
[5.219s]       |            [01;36m[K^~~~~~~~~~~~~~[m[K
[5.219s] [01m[K/opt/ros/jazzy/include/rclcpp/rclcpp/parameter_value.hpp:110:52:[m[K [01;36m[Knote: [m[K  no known conversion for argument 1 from ‘[01m[Kstd::vector<long unsigned int>[m[K’ to ‘[01m[Kconst std::vector<int>&[m[K’
[5.219s]   110 |   explicit ParameterValue([01;36m[Kconst std::vector<int> & int_array_value[m[K);
[5.219s]       |                           [01;36m[K~~~~~~~~~~~~~~~~~~~~~~~~~^~~~~~~~~~~~~~~[m[K
[5.219s] [01m[K/opt/ros/jazzy/include/rclcpp/rclcpp/parameter_value.hpp:107:12:[m[K [01;36m[Knote: [m[Kcandidate: ‘[01m[Krclcpp::ParameterValue::[01;32m[KParameterValue[m[K(const std::vector<bool, std::allocator<bool> >&)[m[K’
[5.219s]   107 |   explicit [01;36m[KParameterValue[m[K(const std::vector<bool> & bool_array_value);
[5.219s]       |            [01;36m[K^~~~~~~~~~~~~~[m[K
[5.219s] [01m[K/opt/ros/jazzy/include/rclcpp/rclcpp/parameter_value.hpp:107:53:[m[K [01;36m[Knote: [m[K  no known conversion for argument 1 from ‘[01m[Kstd::vector<long unsigned int>[m[K’ to ‘[01m[Kconst std::vector<bool, std::allocator<bool> >&[m[K’
[5.219s]   107 |   explicit ParameterValue([01;36m[Kconst std::vector<bool> & bool_array_value[m[K);
[5.219s]       |                           [01;36m[K~~~~~~~~~~~~~~~~~~~~~~~~~~^~~~~~~~~~~~~~~~[m[K
[5.219s] [01m[K/opt/ros/jazzy/include/rclcpp/rclcpp/parameter_value.hpp:104:12:[m[K [01;36m[Knote: [m[Kcandidate: ‘[01m[Krclcpp::ParameterValue::[01;32m[KParameterValue[m[K(const std::vector<unsigned char, std::allocator<unsigned char> >&)[m[K’
[5.220s]   104 |   explicit [01;36m[KParameterValue[m[K(const std::vector<uint8_t> & byte_array_value);
[5.220s]       |            [01;36m[K^~~~~~~~~~~~~~[m[K
[5.220s] [01m[K/opt/ros/jazzy/include/rclcpp/rclcpp/parameter_value.hpp:104:56:[m[K [01;36m[Knote: [m[K  no known conversion for argument 1 from ‘[01m[Kstd::vector<long unsigned int>[m[K’ to ‘[01m[Kconst std::vector<unsigned char, std::allocator<unsigned char> >&[m[K’
[5.220s]   104 |   explicit ParameterValue([01;36m[Kconst std::vector<uint8_t> & byte_array_value[m[K);
[5.220s]       |                           [01;36m[K~~~~~~~~~~~~~~~~~~~~~~~~~~~~~^~~~~~~~~~~~~~~~[m[K
[5.220s] [01m[K/opt/ros/jazzy/include/rclcpp/rclcpp/parameter_value.hpp:101:12:[m[K [01;36m[Knote: [m[Kcandidate: ‘[01m[Krclcpp::ParameterValue::[01;32m[KParameterValue[m[K(const char*)[m[K’
[5.220s]   101 |   explicit [01;36m[KParameterValue[m[K(const char * string_value);
[5.220s]       |            [01;36m[K^~~~~~~~~~~~~~[m[K
[5.220s] [01m[K/opt/ros/jazzy/include/rclcpp/rclcpp/parameter_value.hpp:101:40:[m[K [01;36m[Knote: [m[K  no known conversion for argument 1 from ‘[01m[Kstd::vector<long unsigned int>[m[K’ to ‘[01m[Kconst char*[m[K’
[5.220s]   101 |   explicit ParameterValue([01;36m[Kconst char * string_value[m[K);
[5.221s]       |                           [01;36m[K~~~~~~~~~~~~~^~~~~~~~~~~~[m[K
[5.221s] [01m[K/opt/ros/jazzy/include/rclcpp/rclcpp/parameter_value.hpp:98:12:[m[K [01;36m[Knote: [m[Kcandidate: ‘[01m[Krclcpp::ParameterValue::[01;32m[KParameterValue[m[K(const std::string&)[m[K’
[5.221s]    98 |   explicit [01;36m[KParameterValue[m[K(const std::string & string_value);
[5.221s]       |            [01;36m[K^~~~~~~~~~~~~~[m[K
[5.221s] [01m[K/opt/ros/jazzy/include/rclcpp/rclcpp/parameter_value.hpp:98:47:[m[K [01;36m[Knote: [m[K  no known conversion for argument 1 from ‘[01m[Kstd::vector<long unsigned int>[m[K’ to ‘[01m[Kconst std::string&[m[K’ {aka ‘[01m[Kconst std::__cxx11::basic_string<char>&[m[K’}
[5.221s]    98 |   explicit ParameterValue([01;36m[Kconst std::string & string_value[m[K);
[5.221s]       |                           [01;36m[K~~~~~~~~~~~~~~~~~~~~^~~~~~~~~~~~[m[K
[5.221s] [01m[K/opt/ros/jazzy/include/rclcpp/rclcpp/parameter_value.hpp:95:12:[m[K [01;36m[Knote: [m[Kcandidate: ‘[01m[Krclcpp::ParameterValue::[01;32m[KParameterValue[m[K(double)[m[K’
[5.221s]    95 |   explicit [01;36m[KParameterValue[m[K(const double double_value);
[5.221s]       |            [01;36m[K^~~~~~~~~~~~~~[m[K
[5.221s] [01m[K/opt/ros/jazzy/include/rclcpp/rclcpp/parameter_value.hpp:95:40:[m[K [01;36m[Knote: [m[K  no known conversion for argument 1 from ‘[01m[Kstd::vector<long unsigned int>[m[K’ to ‘[01m[Kdouble[m[K’
[5.221s]    95 |   explicit ParameterValue([01;36m[Kconst double double_value[m[K);
[5.222s]       |                           [01;36m[K~~~~~~~~~~~~~^~~~~~~~~~~~[m[K
[5.222s] [01m[K/opt/ros/jazzy/include/rclcpp/rclcpp/parameter_value.hpp:92:12:[m[K [01;36m[Knote: [m[Kcandidate: ‘[01m[Krclcpp::ParameterValue::[01;32m[KParameterValue[m[K(float)[m[K’
[5.222s]    92 |   explicit [01;36m[KParameterValue[m[K(const float double_value);
[5.222s]       |            [01;36m[K^~~~~~~~~~~~~~[m[K
[5.222s] [01m[K/opt/ros/jazzy/include/rclcpp/rclcpp/parameter_value.hpp:92:39:[m[K [01;36m[Knote: [m[K  no known conversion for argument 1 from ‘[01m[Kstd::vector<long unsigned int>[m[K’ to ‘[01m[Kfloat[m[K’
[5.222s]    92 |   explicit ParameterValue([01;36m[Kconst float double_value[m[K);
[5.222s]       |                           [01;36m[K~~~~~~~~~~~~^~~~~~~~~~~~[m[K
[5.222s] [01m[K/opt/ros/jazzy/include/rclcpp/rclcpp/parameter_value.hpp:89:12:[m[K [01;36m[Knote: [m[Kcandidate: ‘[01m[Krclcpp::ParameterValue::[01;32m[KParameterValue[m[K(int64_t)[m[K’
[5.222s]    89 |   explicit [01;36m[KParameterValue[m[K(const int64_t int_value);
[5.222s]       |            [01;36m[K^~~~~~~~~~~~~~[m[K
[5.222s] [01m[K/opt/ros/jazzy/include/rclcpp/rclcpp/parameter_value.hpp:89:41:[m[K [01;36m[Knote: [m[K  no known conversion for argument 1 from ‘[01m[Kstd::vector<long unsigned int>[m[K’ to ‘[01m[Kint64_t[m[K’ {aka ‘[01m[Klong int[m[K’}
[5.222s]    89 |   explicit ParameterValue([01;36m[Kconst int64_t int_value[m[K);
[5.223s]       |                           [01;36m[K~~~~~~~~~~~~~~^~~~~~~~~[m[K
[5.223s] [01m[K/opt/ros/jazzy/include/rclcpp/rclcpp/parameter_value.hpp:86:12:[m[K [01;36m[Knote: [m[Kcandidate: ‘[01m[Krclcpp::ParameterValue::[01;32m[KParameterValue[m[K(int)[m[K’
[5.223s]    86 |   explicit [01;36m[KParameterValue[m[K(const int int_value);
[5.223s]       |            [01;36m[K^~~~~~~~~~~~~~[m[K
[5.223s] [01m[K/opt/ros/jazzy/include/rclcpp/rclcpp/parameter_value.hpp:86:37:[m[K [01;36m[Knote: [m[K  no known conversion for argument 1 from ‘[01m[Kstd::vector<long unsigned int>[m[K’ to ‘[01m[Kint[m[K’
[5.223s]    86 |   explicit ParameterValue([01;36m[Kconst int int_value[m[K);
[5.223s]       |                           [01;36m[K~~~~~~~~~~^~~~~~~~~[m[K
[5.223s] [01m[K/opt/ros/jazzy/include/rclcpp/rclcpp/parameter_value.hpp:83:12:[m[K [01;36m[Knote: [m[Kcandidate: ‘[01m[Krclcpp::ParameterValue::[01;32m[KParameterValue[m[K(bool)[m[K’
[5.223s]    83 |   explicit [01;36m[KParameterValue[m[K(const bool bool_value);
[5.223s]       |            [01;36m[K^~~~~~~~~~~~~~[m[K
[5.223s] [01m[K/opt/ros/jazzy/include/rclcpp/rclcpp/parameter_value.hpp:83:38:[m[K [01;36m[Knote: [m[K  no known conversion for argument 1 from ‘[01m[Kstd::vector<long unsigned int>[m[K’ to ‘[01m[Kbool[m[K’
[5.223s]    83 |   explicit ParameterValue([01;36m[Kconst bool bool_value[m[K);
[5.224s]       |                           [01;36m[K~~~~~~~~~~~^~~~~~~~~~[m[K
[5.224s] [01m[K/opt/ros/jazzy/include/rclcpp/rclcpp/parameter_value.hpp:80:12:[m[K [01;36m[Knote: [m[Kcandidate: ‘[01m[Krclcpp::ParameterValue::[01;32m[KParameterValue[m[K(const rcl_interfaces::msg::ParameterValue&)[m[K’
[5.224s]    80 |   explicit [01;36m[KParameterValue[m[K(const rcl_interfaces::msg::ParameterValue & value);
[5.224s]       |            [01;36m[K^~~~~~~~~~~~~~[m[K
[5.224s] [01m[K/opt/ros/jazzy/include/rclcpp/rclcpp/parameter_value.hpp:80:71:[m[K [01;36m[Knote: [m[K  no known conversion for argument 1 from ‘[01m[Kstd::vector<long unsigned int>[m[K’ to ‘[01m[Kconst rcl_interfaces::msg::ParameterValue&[m[K’ {aka ‘[01m[Kconst rcl_interfaces::msg::ParameterValue_<std::allocator<void> >&[m[K’}
[5.224s]    80 | icit ParameterValue([01;36m[Kconst rcl_interfaces::msg::ParameterValue & value[m[K);
[5.224s]       |                     [01;36m[K~~~~~~~~~~~~~~~~~~~~~~~~~~~~~~~~~~~~~~~~~~~~^~~~~[m[K
[5.224s] 
[5.225s] [01m[K/opt/ros/jazzy/include/rclcpp/rclcpp/parameter_value.hpp:77:3:[m[K [01;36m[Knote: [m[Kcandidate: ‘[01m[Krclcpp::ParameterValue::[01;32m[KParameterValue[m[K()[m[K’
[5.225s]    77 |   [01;36m[KParameterValue[m[K();
[5.225s]       |   [01;36m[K^~~~~~~~~~~~~~[m[K
[5.225s] [01m[K/opt/ros/jazzy/include/rclcpp/rclcpp/parameter_value.hpp:77:3:[m[K [01;36m[Knote: [m[K  candidate expects 0 arguments, 1 provided
[5.225s] [01m[K/opt/ros/jazzy/include/rclcpp/rclcpp/parameter_value.hpp:72:7:[m[K [01;36m[Knote: [m[Kcandidate: ‘[01m[Krclcpp::ParameterValue::[01;32m[KParameterValue[m[K(const rclcpp::ParameterValue&)[m[K’
[5.225s]    72 | class [01;36m[KParameterValue[m[K
[5.225s]       |       [01;36m[K^~~~~~~~~~~~~~[m[K
[5.225s] [01m[K/opt/ros/jazzy/include/rclcpp/rclcpp/parameter_value.hpp:72:7:[m[K [01;36m[Knote: [m[K  no known conversion for argument 1 from ‘[01m[Kstd::vector<long unsigned int>[m[K’ to ‘[01m[Kconst rclcpp::ParameterValue&[m[K’
[5.225s] [01m[K/opt/ros/jazzy/include/rclcpp/rclcpp/parameter_value.hpp:72:7:[m[K [01;36m[Knote: [m[Kcandidate: ‘[01m[Krclcpp::ParameterValue::[01;32m[KParameterValue[m[K(rclcpp::ParameterValue&&)[m[K’
[5.225s] [01m[K/opt/ros/jazzy/include/rclcpp/rclcpp/parameter_value.hpp:72:7:[m[K [01;36m[Knote: [m[K  no known conversion for argument 1 from ‘[01m[Kstd::vector<long unsigned int>[m[K’ to ‘[01m[Krclcpp::ParameterValue&&[m[K’
[5.225s] [01m[K/opt/ros/jazzy/include/rclcpp/rclcpp/node_impl.hpp:280:22:[m[K [01;31m[Kerror: [m[Kno matching function for call to ‘[01m[Krclcpp::ParameterValue::get<std::vector<long unsigned int, std::allocator<long unsigned int> > >() const[m[K’
[5.225s]   275 |     return [01;31m[Kthis->declare_parameter([m[K
[5.226s]       |            [01;31m[K~~~~~~~~~~~~~~~~~~~~~~~~[m[K
[5.226s]   276 | [01;31m[K      name,[m[K
[5.226s]       |       [01;31m[K~~~~~[m[K           
[5.226s]   277 | [01;31m[K      value.get_type(),[m[K
[5.226s]       |       [01;31m[K~~~~~~~~~~~~~~~~~[m[K
[5.226s]   278 | [01;31m[K      parameter_descriptor,[m[K
[5.226s]       |       [01;31m[K~~~~~~~~~~~~~~~~~~~~~[m[K
[5.226s]   279 | [01;31m[K      ignore_override[m[K
[5.226s]       |       [01;31m[K~~~~~~~~~~~~~~~[m[K 
[5.226s]   280 | [01;31m[K    ).get<ParameterT>()[m[K;
[5.226s]       |     [01;31m[K~~~~~~~~~~~~~~~~~^~[m[K
[5.226s] [01m[K/opt/ros/jazzy/include/rclcpp/rclcpp/parameter_value.hpp:149:3:[m[K [01;36m[Knote: [m[Kcandidate: ‘[01m[Ktemplate<rclcpp::ParameterType type> constexpr typename std::enable_if<(type == rclcpp::PARAMETER_BOOL), const bool&>::type rclcpp::ParameterValue::[01;32m[Kget[m[K() const[m[K’
[5.227s]   149 |   [01;36m[Kget[m[K() const
[5.227s]       |   [01;36m[K^~~[m[K
[5.227s] [01m[K/opt/ros/jazzy/include/rclcpp/rclcpp/parameter_value.hpp:149:3:[m[K [01;36m[Knote: [m[K  template argument deduction/substitution failed:
[5.227s] [01m[K/opt/ros/jazzy/include/rclcpp/rclcpp/node_impl.hpp:280:22:[m[K [01;31m[Kerror: [m[Ktype/value mismatch at argument 1 in template parameter list for ‘[01m[Ktemplate<rclcpp::ParameterType type> constexpr typename std::enable_if<(type == rclcpp::PARAMETER_BOOL), const bool&>::type rclcpp::ParameterValue::[01;32m[Kget[m[K() const[m[K’
[5.227s]   275 |     return [01;31m[Kthis->declare_parameter([m[K
[5.227s]       |            [01;31m[K~~~~~~~~~~~~~~~~~~~~~~~~[m[K
[5.227s]   276 | [01;31m[K      name,[m[K
[5.227s]       |       [01;31m[K~~~~~[m[K           
[5.227s]   277 | [01;31m[K      value.get_type(),[m[K
[5.227s]       |       [01;31m[K~~~~~~~~~~~~~~~~~[m[K
[5.227s]   278 | [01;31m[K      parameter_descriptor,[m[K
[5.228s]       |       [01;31m[K~~~~~~~~~~~~~~~~~~~~~[m[K
[5.228s]   279 | [01;31m[K      ignore_override[m[K
[5.228s]       |       [01;31m[K~~~~~~~~~~~~~~~[m[K 
[5.228s]   280 | [01;31m[K    ).get<ParameterT>()[m[K;
[5.228s]       |     [01;31m[K~~~~~~~~~~~~~~~~~^~[m[K
[5.228s] [01m[K/opt/ros/jazzy/include/rclcpp/rclcpp/node_impl.hpp:280:22:[m[K [01;36m[Knote: [m[K  expected a constant of type ‘[01m[Krclcpp::ParameterType[m[K’, got ‘[01m[Kstd::vector<long unsigned int>[m[K’
[5.228s] [01m[K/opt/ros/jazzy/include/rclcpp/rclcpp/parameter_value.hpp:160:3:[m[K [01;36m[Knote: [m[Kcandidate: ‘[01m[Ktemplate<rclcpp::ParameterType type> constexpr typename std::enable_if<(type == rclcpp::PARAMETER_INTEGER), const long int&>::type rclcpp::ParameterValue::[01;32m[Kget[m[K() const[m[K’
[5.228s]   160 |   [01;36m[Kget[m[K() const
[5.228s]       |   [01;36m[K^~~[m[K
[5.228s] [01m[K/opt/ros/jazzy/include/rclcpp/rclcpp/parameter_value.hpp:160:3:[m[K [01;36m[Knote: [m[K  template argument deduction/substitution failed:
[5.228s] [01m[K/opt/ros/jazzy/include/rclcpp/rclcpp/node_impl.hpp:280:22:[m[K [01;31m[Kerror: [m[Ktype/value mismatch at argument 1 in template parameter list for ‘[01m[Ktemplate<rclcpp::ParameterType type> constexpr typename std::enable_if<(type == rclcpp::PARAMETER_INTEGER), const long int&>::type rclcpp::ParameterValue::[01;32m[Kget[m[K() const[m[K’
[5.228s]   275 |     return [01;31m[Kthis->declare_parameter([m[K
[5.229s]       |            [01;31m[K~~~~~~~~~~~~~~~~~~~~~~~~[m[K
[5.229s]   276 | [01;31m[K      name,[m[K
[5.229s]       |       [01;31m[K~~~~~[m[K           
[5.229s]   277 | [01;31m[K      value.get_type(),[m[K
[5.229s]       |       [01;31m[K~~~~~~~~~~~~~~~~~[m[K
[5.229s]   278 | [01;31m[K      parameter_descriptor,[m[K
[5.229s]       |       [01;31m[K~~~~~~~~~~~~~~~~~~~~~[m[K
[5.229s]   279 | [01;31m[K      ignore_override[m[K
[5.229s]       |       [01;31m[K~~~~~~~~~~~~~~~[m[K 
[5.229s]   280 | [01;31m[K    ).get<ParameterT>()[m[K;
[5.229s]       |     [01;31m[K~~~~~~~~~~~~~~~~~^~[m[K
[5.229s] [01m[K/opt/ros/jazzy/include/rclcpp/rclcpp/node_impl.hpp:280:22:[m[K [01;36m[Knote: [m[K  expected a constant of type ‘[01m[Krclcpp::ParameterType[m[K’, got ‘[01m[Kstd::vector<long unsigned int>[m[K’
[5.230s] [01m[K/opt/ros/jazzy/include/rclcpp/rclcpp/parameter_value.hpp:171:3:[m[K [01;36m[Knote: [m[Kcandidate: ‘[01m[Ktemplate<rclcpp::ParameterType type> constexpr typename std::enable_if<(type == rclcpp::PARAMETER_DOUBLE), const double&>::type rclcpp::ParameterValue::[01;32m[Kget[m[K() const[m[K’
[5.230s]   171 |   [01;36m[Kget[m[K() const
[5.230s]       |   [01;36m[K^~~[m[K
[5.230s] [01m[K/opt/ros/jazzy/include/rclcpp/rclcpp/parameter_value.hpp:171:3:[m[K [01;36m[Knote: [m[K  template argument deduction/substitution failed:
[5.230s] [01m[K/opt/ros/jazzy/include/rclcpp/rclcpp/node_impl.hpp:280:22:[m[K [01;31m[Kerror: [m[Ktype/value mismatch at argument 1 in template parameter list for ‘[01m[Ktemplate<rclcpp::ParameterType type> constexpr typename std::enable_if<(type == rclcpp::PARAMETER_DOUBLE), const double&>::type rclcpp::ParameterValue::[01;32m[Kget[m[K() const[m[K’
[5.230s]   275 |     return [01;31m[Kthis->declare_parameter([m[K
[5.230s]       |            [01;31m[K~~~~~~~~~~~~~~~~~~~~~~~~[m[K
[5.230s]   276 | [01;31m[K      name,[m[K
[5.230s]       |       [01;31m[K~~~~~[m[K           
[5.230s]   277 | [01;31m[K      value.get_type(),[m[K
[5.230s]       |       [01;31m[K~~~~~~~~~~~~~~~~~[m[K
[5.231s]   278 | [01;31m[K      parameter_descriptor,[m[K
[5.231s]       |       [01;31m[K~~~~~~~~~~~~~~~~~~~~~[m[K
[5.231s]   279 | [01;31m[K      ignore_override[m[K
[5.231s]       |       [01;31m[K~~~~~~~~~~~~~~~[m[K 
[5.231s]   280 | [01;31m[K    ).get<ParameterT>()[m[K;
[5.231s]       |     [01;31m[K~~~~~~~~~~~~~~~~~^~[m[K
[5.231s] [01m[K/opt/ros/jazzy/include/rclcpp/rclcpp/node_impl.hpp:280:22:[m[K [01;36m[Knote: [m[K  expected a constant of type ‘[01m[Krclcpp::ParameterType[m[K’, got ‘[01m[Kstd::vector<long unsigned int>[m[K’
[5.231s] [01m[K/opt/ros/jazzy/include/rclcpp/rclcpp/parameter_value.hpp:182:3:[m[K [01;36m[Knote: [m[Kcandidate: ‘[01m[Ktemplate<rclcpp::ParameterType type> constexpr typename std::enable_if<(type == rclcpp::PARAMETER_STRING), const std::__cxx11::basic_string<char>&>::type rclcpp::ParameterValue::[01;32m[Kget[m[K() const[m[K’
[5.231s]   182 |   [01;36m[Kget[m[K() const
[5.231s]       |   [01;36m[K^~~[m[K
[5.231s] [01m[K/opt/ros/jazzy/include/rclcpp/rclcpp/parameter_value.hpp:182:3:[m[K [01;36m[Knote: [m[K  template argument deduction/substitution failed:
[5.231s] [01m[K/opt/ros/jazzy/include/rclcpp/rclcpp/node_impl.hpp:280:22:[m[K [01;31m[Kerror: [m[Ktype/value mismatch at argument 1 in template parameter list for ‘[01m[Ktemplate<rclcpp::ParameterType type> constexpr typename std::enable_if<(type == rclcpp::PARAMETER_STRING), const std::__cxx11::basic_string<char>&>::type rclcpp::ParameterValue::[01;32m[Kget[m[K() const[m[K’
[5.232s]   275 |     return [01;31m[Kthis->declare_parameter([m[K
[5.232s]       |            [01;31m[K~~~~~~~~~~~~~~~~~~~~~~~~[m[K
[5.232s]   276 | [01;31m[K      name,[m[K
[5.232s]       |       [01;31m[K~~~~~[m[K           
[5.232s]   277 | [01;31m[K      value.get_type(),[m[K
[5.232s]       |       [01;31m[K~~~~~~~~~~~~~~~~~[m[K
[5.232s]   278 | [01;31m[K      parameter_descriptor,[m[K
[5.232s]       |       [01;31m[K~~~~~~~~~~~~~~~~~~~~~[m[K
[5.232s]   279 | [01;31m[K      ignore_override[m[K
[5.232s]       |       [01;31m[K~~~~~~~~~~~~~~~[m[K 
[5.232s]   280 | [01;31m[K    ).get<ParameterT>()[m[K;
[5.232s]       |     [01;31m[K~~~~~~~~~~~~~~~~~^~[m[K
[5.233s] [01m[K/opt/ros/jazzy/include/rclcpp/rclcpp/node_impl.hpp:280:22:[m[K [01;36m[Knote: [m[K  expected a constant of type ‘[01m[Krclcpp::ParameterType[m[K’, got ‘[01m[Kstd::vector<long unsigned int>[m[K’
[5.233s] [01m[K/opt/ros/jazzy/include/rclcpp/rclcpp/parameter_value.hpp:194:3:[m[K [01;36m[Knote: [m[Kcandidate: ‘[01m[Ktemplate<rclcpp::ParameterType type> constexpr typename std::enable_if<(type == rclcpp::PARAMETER_BYTE_ARRAY), const std::vector<unsigned char, std::allocator<unsigned char> >&>::type rclcpp::ParameterValue::[01;32m[Kget[m[K() const[m[K’
[5.233s]   194 |   [01;36m[Kget[m[K() const
[5.233s]       |   [01;36m[K^~~[m[K
[5.233s] [01m[K/opt/ros/jazzy/include/rclcpp/rclcpp/parameter_value.hpp:194:3:[m[K [01;36m[Knote: [m[K  template argument deduction/substitution failed:
[5.233s] [01m[K/opt/ros/jazzy/include/rclcpp/rclcpp/node_impl.hpp:280:22:[m[K [01;31m[Kerror: [m[Ktype/value mismatch at argument 1 in template parameter list for ‘[01m[Ktemplate<rclcpp::ParameterType type> constexpr typename std::enable_if<(type == rclcpp::PARAMETER_BYTE_ARRAY), const std::vector<unsigned char, std::allocator<unsigned char> >&>::type rclcpp::ParameterValue::[01;32m[Kget[m[K() const[m[K’
[5.233s]   275 |     return [01;31m[Kthis->declare_parameter([m[K
[5.233s]       |            [01;31m[K~~~~~~~~~~~~~~~~~~~~~~~~[m[K
[5.233s]   276 | [01;31m[K      name,[m[K
[5.233s]       |       [01;31m[K~~~~~[m[K           
[5.233s]   277 | [01;31m[K      value.get_type(),[m[K
[5.233s]       |       [01;31m[K~~~~~~~~~~~~~~~~~[m[K
[5.234s]   278 | [01;31m[K      parameter_descriptor,[m[K
[5.234s]       |       [01;31m[K~~~~~~~~~~~~~~~~~~~~~[m[K
[5.234s]   279 | [01;31m[K      ignore_override[m[K
[5.234s]       |       [01;31m[K~~~~~~~~~~~~~~~[m[K 
[5.234s]   280 | [01;31m[K    ).get<ParameterT>()[m[K;
[5.234s]       |     [01;31m[K~~~~~~~~~~~~~~~~~^~[m[K
[5.234s] [01m[K/opt/ros/jazzy/include/rclcpp/rclcpp/node_impl.hpp:280:22:[m[K [01;36m[Knote: [m[K  expected a constant of type ‘[01m[Krclcpp::ParameterType[m[K’, got ‘[01m[Kstd::vector<long unsigned int>[m[K’
[5.234s] [01m[K/opt/ros/jazzy/include/rclcpp/rclcpp/parameter_value.hpp:206:3:[m[K [01;36m[Knote: [m[Kcandidate: ‘[01m[Ktemplate<rclcpp::ParameterType type> constexpr typename std::enable_if<(type == rclcpp::PARAMETER_BOOL_ARRAY), const std::vector<bool, std::allocator<bool> >&>::type rclcpp::ParameterValue::[01;32m[Kget[m[K() const[m[K’
[5.234s]   206 |   [01;36m[Kget[m[K() const
[5.234s]       |   [01;36m[K^~~[m[K
[5.234s] [01m[K/opt/ros/jazzy/include/rclcpp/rclcpp/parameter_value.hpp:206:3:[m[K [01;36m[Knote: [m[K  template argument deduction/substitution failed:
[5.234s] [01m[K/opt/ros/jazzy/include/rclcpp/rclcpp/node_impl.hpp:280:22:[m[K [01;31m[Kerror: [m[Ktype/value mismatch at argument 1 in template parameter list for ‘[01m[Ktemplate<rclcpp::ParameterType type> constexpr typename std::enable_if<(type == rclcpp::PARAMETER_BOOL_ARRAY), const std::vector<bool, std::allocator<bool> >&>::type rclcpp::ParameterValue::[01;32m[Kget[m[K() const[m[K’
[5.235s]   275 |     return [01;31m[Kthis->declare_parameter([m[K
[5.235s]       |            [01;31m[K~~~~~~~~~~~~~~~~~~~~~~~~[m[K
[5.235s]   276 | [01;31m[K      name,[m[K
[5.235s]       |       [01;31m[K~~~~~[m[K           
[5.235s]   277 | [01;31m[K      value.get_type(),[m[K
[5.235s]       |       [01;31m[K~~~~~~~~~~~~~~~~~[m[K
[5.235s]   278 | [01;31m[K      parameter_descriptor,[m[K
[5.235s]       |       [01;31m[K~~~~~~~~~~~~~~~~~~~~~[m[K
[5.235s]   279 | [01;31m[K      ignore_override[m[K
[5.235s]       |       [01;31m[K~~~~~~~~~~~~~~~[m[K 
[5.235s]   280 | [01;31m[K    ).get<ParameterT>()[m[K;
[5.236s]       |     [01;31m[K~~~~~~~~~~~~~~~~~^~[m[K
[5.236s] [01m[K/opt/ros/jazzy/include/rclcpp/rclcpp/node_impl.hpp:280:22:[m[K [01;36m[Knote: [m[K  expected a constant of type ‘[01m[Krclcpp::ParameterType[m[K’, got ‘[01m[Kstd::vector<long unsigned int>[m[K’
[5.236s] [01m[K/opt/ros/jazzy/include/rclcpp/rclcpp/parameter_value.hpp:218:3:[m[K [01;36m[Knote: [m[Kcandidate: ‘[01m[Ktemplate<rclcpp::ParameterType type> constexpr typename std::enable_if<(type == rclcpp::PARAMETER_INTEGER_ARRAY), const std::vector<long int, std::allocator<long int> >&>::type rclcpp::ParameterValue::[01;32m[Kget[m[K() const[m[K’
[5.236s]   218 |   [01;36m[Kget[m[K() const
[5.236s]       |   [01;36m[K^~~[m[K
[5.236s] [01m[K/opt/ros/jazzy/include/rclcpp/rclcpp/parameter_value.hpp:218:3:[m[K [01;36m[Knote: [m[K  template argument deduction/substitution failed:
[5.236s] [01m[K/opt/ros/jazzy/include/rclcpp/rclcpp/node_impl.hpp:280:22:[m[K [01;31m[Kerror: [m[Ktype/value mismatch at argument 1 in template parameter list for ‘[01m[Ktemplate<rclcpp::ParameterType type> constexpr typename std::enable_if<(type == rclcpp::PARAMETER_INTEGER_ARRAY), const std::vector<long int, std::allocator<long int> >&>::type rclcpp::ParameterValue::[01;32m[Kget[m[K() const[m[K’
[5.236s]   275 |     return [01;31m[Kthis->declare_parameter([m[K
[5.236s]       |            [01;31m[K~~~~~~~~~~~~~~~~~~~~~~~~[m[K
[5.236s]   276 | [01;31m[K      name,[m[K
[5.236s]       |       [01;31m[K~~~~~[m[K           
[5.236s]   277 | [01;31m[K      value.get_type(),[m[K
[5.237s]       |       [01;31m[K~~~~~~~~~~~~~~~~~[m[K
[5.237s]   278 | [01;31m[K      parameter_descriptor,[m[K
[5.237s]       |       [01;31m[K~~~~~~~~~~~~~~~~~~~~~[m[K
[5.237s]   279 | [01;31m[K      ignore_override[m[K
[5.237s]       |       [01;31m[K~~~~~~~~~~~~~~~[m[K 
[5.237s]   280 | [01;31m[K    ).get<ParameterT>()[m[K;
[5.237s]       |     [01;31m[K~~~~~~~~~~~~~~~~~^~[m[K
[5.237s] [01m[K/opt/ros/jazzy/include/rclcpp/rclcpp/node_impl.hpp:280:22:[m[K [01;36m[Knote: [m[K  expected a constant of type ‘[01m[Krclcpp::ParameterType[m[K’, got ‘[01m[Kstd::vector<long unsigned int>[m[K’
[5.237s] [01m[K/opt/ros/jazzy/include/rclcpp/rclcpp/parameter_value.hpp:230:3:[m[K [01;36m[Knote: [m[Kcandidate: ‘[01m[Ktemplate<rclcpp::ParameterType type> constexpr typename std::enable_if<(type == rclcpp::PARAMETER_DOUBLE_ARRAY), const std::vector<double, std::allocator<double> >&>::type rclcpp::ParameterValue::[01;32m[Kget[m[K() const[m[K’
[5.237s]   230 |   [01;36m[Kget[m[K() const
[5.237s]       |   [01;36m[K^~~[m[K
[5.237s] [01m[K/opt/ros/jazzy/include/rclcpp/rclcpp/parameter_value.hpp:230:3:[m[K [01;36m[Knote: [m[K  template argument deduction/substitution failed:
[5.238s] [01m[K/opt/ros/jazzy/include/rclcpp/rclcpp/node_impl.hpp:280:22:[m[K [01;31m[Kerror: [m[Ktype/value mismatch at argument 1 in template parameter list for ‘[01m[Ktemplate<rclcpp::ParameterType type> constexpr typename std::enable_if<(type == rclcpp::PARAMETER_DOUBLE_ARRAY), const std::vector<double, std::allocator<double> >&>::type rclcpp::ParameterValue::[01;32m[Kget[m[K() const[m[K’
[5.238s]   275 |     return [01;31m[Kthis->declare_parameter([m[K
[5.238s]       |            [01;31m[K~~~~~~~~~~~~~~~~~~~~~~~~[m[K
[5.238s]   276 | [01;31m[K      name,[m[K
[5.238s]       |       [01;31m[K~~~~~[m[K           
[5.238s]   277 | [01;31m[K      value.get_type(),[m[K
[5.238s]       |       [01;31m[K~~~~~~~~~~~~~~~~~[m[K
[5.238s]   278 | [01;31m[K      parameter_descriptor,[m[K
[5.238s]       |       [01;31m[K~~~~~~~~~~~~~~~~~~~~~[m[K
[5.238s]   279 | [01;31m[K      ignore_override[m[K
[5.238s]       |       [01;31m[K~~~~~~~~~~~~~~~[m[K 
[5.238s]   280 | [01;31m[K    ).get<ParameterT>()[m[K;
[5.239s]       |     [01;31m[K~~~~~~~~~~~~~~~~~^~[m[K
[5.239s] [01m[K/opt/ros/jazzy/include/rclcpp/rclcpp/node_impl.hpp:280:22:[m[K [01;36m[Knote: [m[K  expected a constant of type ‘[01m[Krclcpp::ParameterType[m[K’, got ‘[01m[Kstd::vector<long unsigned int>[m[K’
[5.239s] [01m[K/opt/ros/jazzy/include/rclcpp/rclcpp/parameter_value.hpp:242:3:[m[K [01;36m[Knote: [m[Kcandidate: ‘[01m[Ktemplate<rclcpp::ParameterType type> constexpr typename std::enable_if<(type == rclcpp::PARAMETER_STRING_ARRAY), const std::vector<std::__cxx11::basic_string<char>, std::allocator<std::__cxx11::basic_string<char> > >&>::type rclcpp::ParameterValue::[01;32m[Kget[m[K() const[m[K’
[5.239s]   242 |   [01;36m[Kget[m[K() const
[5.239s]       |   [01;36m[K^~~[m[K
[5.239s] [01m[K/opt/ros/jazzy/include/rclcpp/rclcpp/parameter_value.hpp:242:3:[m[K [01;36m[Knote: [m[K  template argument deduction/substitution failed:
[5.239s] [01m[K/opt/ros/jazzy/include/rclcpp/rclcpp/node_impl.hpp:280:22:[m[K [01;31m[Kerror: [m[Ktype/value mismatch at argument 1 in template parameter list for ‘[01m[Ktemplate<rclcpp::ParameterType type> constexpr typename std::enable_if<(type == rclcpp::PARAMETER_STRING_ARRAY), const std::vector<std::__cxx11::basic_string<char>, std::allocator<std::__cxx11::basic_string<char> > >&>::type rclcpp::ParameterValue::[01;32m[Kget[m[K() const[m[K’
[5.239s]   275 |     return [01;31m[Kthis->declare_parameter([m[K
[5.239s]       |            [01;31m[K~~~~~~~~~~~~~~~~~~~~~~~~[m[K
[5.239s]   276 | [01;31m[K      name,[m[K
[5.239s]       |       [01;31m[K~~~~~[m[K           
[5.240s]   277 | [01;31m[K      value.get_type(),[m[K
[5.240s]       |       [01;31m[K~~~~~~~~~~~~~~~~~[m[K
[5.240s]   278 | [01;31m[K      parameter_descriptor,[m[K
[5.240s]       |       [01;31m[K~~~~~~~~~~~~~~~~~~~~~[m[K
[5.240s]   279 | [01;31m[K      ignore_override[m[K
[5.240s]       |       [01;31m[K~~~~~~~~~~~~~~~[m[K 
[5.240s]   280 | [01;31m[K    ).get<ParameterT>()[m[K;
[5.240s]       |     [01;31m[K~~~~~~~~~~~~~~~~~^~[m[K
[5.240s] [01m[K/opt/ros/jazzy/include/rclcpp/rclcpp/node_impl.hpp:280:22:[m[K [01;36m[Knote: [m[K  expected a constant of type ‘[01m[Krclcpp::ParameterType[m[K’, got ‘[01m[Kstd::vector<long unsigned int>[m[K’
[5.240s] [01m[K/opt/ros/jazzy/include/rclcpp/rclcpp/parameter_value.hpp:255:3:[m[K [01;36m[Knote: [m[Kcandidate: ‘[01m[Ktemplate<class type> constexpr typename std::enable_if<std::is_same<T, bool>::value, const bool&>::type rclcpp::ParameterValue::[01;32m[Kget[m[K() const[m[K’
[5.241s]   255 |   [01;36m[Kget[m[K() const
[5.241s]       |   [01;36m[K^~~[m[K
[5.241s] [01m[K/opt/ros/jazzy/include/rclcpp/rclcpp/parameter_value.hpp:255:3:[m[K [01;36m[Knote: [m[K  template argument deduction/substitution failed:
[5.241s] /opt/ros/jazzy/include/rclcpp/rclcpp/parameter_value.hpp: In substitution of ‘[01m[Ktemplate<class type> constexpr typename std::enable_if<std::is_same<T, bool>::value, const bool&>::type rclcpp::ParameterValue::[01;32m[Kget[m[K() const [35m[K[with type = std::vector<long unsigned int>][m[K[m[K’:
[5.241s] [01m[K/opt/ros/jazzy/include/rclcpp/rclcpp/node_impl.hpp:280:22:[m[K   required from ‘[01m[Kauto rclcpp::Node::[01;32m[Kdeclare_parameter[m[K(const std::string&, const rcl_interfaces::msg::ParameterDescriptor&, bool) [35m[K[with ParameterT = std::vector<long unsigned int>; std::string = std::__cxx11::basic_string<char>; rcl_interfaces::msg::ParameterDescriptor = rcl_interfaces::msg::ParameterDescriptor_<std::allocator<void> >][m[K[m[K’
[5.241s] [01m[K/opt/ros/jazzy/include/sas_common/sas_common.hpp:117:52:[m[K   required from ‘[01m[Kvoid sas::[01;32m[Kget_ros_parameter[m[K(std::shared_ptr<rclcpp::Node>&, const std::string&, std::vector<BufferT>&) [35m[K[with T = long unsigned int; std::string = std::__cxx11::basic_string<char>][m[K[m[K’
[5.241s] [01m[K/home/robot/Documents/sas_robot_driver_px100/src/sas_robot_driver_px100/src/sas_robot_driver_PX100_node.cpp:38:31:[m[K   required from here
[5.242s] [01m[K/opt/ros/jazzy/include/rclcpp/rclcpp/parameter_value.hpp:255:3:[m[K [01;31m[Kerror: [m[Kno type named ‘[01m[Ktype[m[K’ in ‘[01m[Kstruct std::enable_if<false, const bool&>[m[K’
[5.242s] /opt/ros/jazzy/include/rclcpp/rclcpp/node_impl.hpp: In instantiation of ‘[01m[Kauto rclcpp::Node::[01;32m[Kdeclare_parameter[m[K(const std::string&, const rcl_interfaces::msg::ParameterDescriptor&, bool) [35m[K[with ParameterT = std::vector<long unsigned int>; std::string = std::__cxx11::basic_string<char>; rcl_interfaces::msg::ParameterDescriptor = rcl_interfaces::msg::ParameterDescriptor_<std::allocator<void> >][m[K[m[K’:
[5.242s] [01m[K/opt/ros/jazzy/include/sas_common/sas_common.hpp:117:52:[m[K   required from ‘[01m[Kvoid sas::[01;32m[Kget_ros_parameter[m[K(std::shared_ptr<rclcpp::Node>&, const std::string&, std::vector<BufferT>&) [35m[K[with T = long unsigned int; std::string = std::__cxx11::basic_string<char>][m[K[m[K’
[5.242s] [01m[K/home/robot/Documents/sas_robot_driver_px100/src/sas_robot_driver_px100/src/sas_robot_driver_PX100_node.cpp:38:31:[m[K   required from here
[5.242s] [01m[K/opt/ros/jazzy/include/rclcpp/rclcpp/parameter_value.hpp:264:3:[m[K [01;36m[Knote: [m[Kcandidate: ‘[01m[Ktemplate<class type> constexpr typename std::enable_if<(std::is_integral<_Tp>::value && (! std::is_same<T, bool>::value)), const long int&>::type rclcpp::ParameterValue::[01;32m[Kget[m[K() const[m[K’
[5.242s]   264 |   [01;36m[Kget[m[K() const
[5.242s]       |   [01;36m[K^~~[m[K
[5.242s] [01m[K/opt/ros/jazzy/include/rclcpp/rclcpp/parameter_value.hpp:264:3:[m[K [01;36m[Knote: [m[K  template argument deduction/substitution failed:
[5.243s] /opt/ros/jazzy/include/rclcpp/rclcpp/parameter_value.hpp: In substitution of ‘[01m[Ktemplate<class type> constexpr typename std::enable_if<(std::is_integral<_Tp>::value && (! std::is_same<T, bool>::value)), const long int&>::type rclcpp::ParameterValue::[01;32m[Kget[m[K() const [35m[K[with type = std::vector<long unsigned int>][m[K[m[K’:
[5.243s] [01m[K/opt/ros/jazzy/include/rclcpp/rclcpp/node_impl.hpp:280:22:[m[K   required from ‘[01m[Kauto rclcpp::Node::[01;32m[Kdeclare_parameter[m[K(const std::string&, const rcl_interfaces::msg::ParameterDescriptor&, bool) [35m[K[with ParameterT = std::vector<long unsigned int>; std::string = std::__cxx11::basic_string<char>; rcl_interfaces::msg::ParameterDescriptor = rcl_interfaces::msg::ParameterDescriptor_<std::allocator<void> >][m[K[m[K’
[5.243s] [01m[K/opt/ros/jazzy/include/sas_common/sas_common.hpp:117:52:[m[K   required from ‘[01m[Kvoid sas::[01;32m[Kget_ros_parameter[m[K(std::shared_ptr<rclcpp::Node>&, const std::string&, std::vector<BufferT>&) [35m[K[with T = long unsigned int; std::string = std::__cxx11::basic_string<char>][m[K[m[K’
[5.243s] [01m[K/home/robot/Documents/sas_robot_driver_px100/src/sas_robot_driver_px100/src/sas_robot_driver_PX100_node.cpp:38:31:[m[K   required from here
[5.243s] [01m[K/opt/ros/jazzy/include/rclcpp/rclcpp/parameter_value.hpp:264:3:[m[K [01;31m[Kerror: [m[Kno type named ‘[01m[Ktype[m[K’ in ‘[01m[Kstruct std::enable_if<false, const long int&>[m[K’
[5.243s] /opt/ros/jazzy/include/rclcpp/rclcpp/node_impl.hpp: In instantiation of ‘[01m[Kauto rclcpp::Node::[01;32m[Kdeclare_parameter[m[K(const std::string&, const rcl_interfaces::msg::ParameterDescriptor&, bool) [35m[K[with ParameterT = std::vector<long unsigned int>; std::string = std::__cxx11::basic_string<char>; rcl_interfaces::msg::ParameterDescriptor = rcl_interfaces::msg::ParameterDescriptor_<std::allocator<void> >][m[K[m[K’:
[5.243s] [01m[K/opt/ros/jazzy/include/sas_common/sas_common.hpp:117:52:[m[K   required from ‘[01m[Kvoid sas::[01;32m[Kget_ros_parameter[m[K(std::shared_ptr<rclcpp::Node>&, const std::string&, std::vector<BufferT>&) [35m[K[with T = long unsigned int; std::string = std::__cxx11::basic_string<char>][m[K[m[K’
[5.243s] [01m[K/home/robot/Documents/sas_robot_driver_px100/src/sas_robot_driver_px100/src/sas_robot_driver_PX100_node.cpp:38:31:[m[K   required from here
[5.243s] [01m[K/opt/ros/jazzy/include/rclcpp/rclcpp/parameter_value.hpp:272:3:[m[K [01;36m[Knote: [m[Kcandidate: ‘[01m[Ktemplate<class type> constexpr typename std::enable_if<std::is_floating_point<_Tp>::value, const double&>::type rclcpp::ParameterValue::[01;32m[Kget[m[K() const[m[K’
[5.244s]   272 |   [01;36m[Kget[m[K() const
[5.244s]       |   [01;36m[K^~~[m[K
[5.244s] [01m[K/opt/ros/jazzy/include/rclcpp/rclcpp/parameter_value.hpp:272:3:[m[K [01;36m[Knote: [m[K  template argument deduction/substitution failed:
[5.244s] /opt/ros/jazzy/include/rclcpp/rclcpp/parameter_value.hpp: In substitution of ‘[01m[Ktemplate<class type> constexpr typename std::enable_if<std::is_floating_point<_Tp>::value, const double&>::type rclcpp::ParameterValue::[01;32m[Kget[m[K() const [35m[K[with type = std::vector<long unsigned int>][m[K[m[K’:
[5.244s] [01m[K/opt/ros/jazzy/include/rclcpp/rclcpp/node_impl.hpp:280:22:[m[K   required from ‘[01m[Kauto rclcpp::Node::[01;32m[Kdeclare_parameter[m[K(const std::string&, const rcl_interfaces::msg::ParameterDescriptor&, bool) [35m[K[with ParameterT = std::vector<long unsigned int>; std::string = std::__cxx11::basic_string<char>; rcl_interfaces::msg::ParameterDescriptor = rcl_interfaces::msg::ParameterDescriptor_<std::allocator<void> >][m[K[m[K’
[5.244s] [01m[K/opt/ros/jazzy/include/sas_common/sas_common.hpp:117:52:[m[K   required from ‘[01m[Kvoid sas::[01;32m[Kget_ros_parameter[m[K(std::shared_ptr<rclcpp::Node>&, const std::string&, std::vector<BufferT>&) [35m[K[with T = long unsigned int; std::string = std::__cxx11::basic_string<char>][m[K[m[K’
[5.244s] [01m[K/home/robot/Documents/sas_robot_driver_px100/src/sas_robot_driver_px100/src/sas_robot_driver_PX100_node.cpp:38:31:[m[K   required from here
[5.244s] [01m[K/opt/ros/jazzy/include/rclcpp/rclcpp/parameter_value.hpp:272:3:[m[K [01;31m[Kerror: [m[Kno type named ‘[01m[Ktype[m[K’ in ‘[01m[Kstruct std::enable_if<false, const double&>[m[K’
[5.244s] /opt/ros/jazzy/include/rclcpp/rclcpp/node_impl.hpp: In instantiation of ‘[01m[Kauto rclcpp::Node::[01;32m[Kdeclare_parameter[m[K(const std::string&, const rcl_interfaces::msg::ParameterDescriptor&, bool) [35m[K[with ParameterT = std::vector<long unsigned int>; std::string = std::__cxx11::basic_string<char>; rcl_interfaces::msg::ParameterDescriptor = rcl_interfaces::msg::ParameterDescriptor_<std::allocator<void> >][m[K[m[K’:
[5.244s] [01m[K/opt/ros/jazzy/include/sas_common/sas_common.hpp:117:52:[m[K   required from ‘[01m[Kvoid sas::[01;32m[Kget_ros_parameter[m[K(std::shared_ptr<rclcpp::Node>&, const std::string&, std::vector<BufferT>&) [35m[K[with T = long unsigned int; std::string = std::__cxx11::basic_string<char>][m[K[m[K’
[5.245s] [01m[K/home/robot/Documents/sas_robot_driver_px100/src/sas_robot_driver_px100/src/sas_robot_driver_PX100_node.cpp:38:31:[m[K   required from here
[5.245s] [01m[K/opt/ros/jazzy/include/rclcpp/rclcpp/parameter_value.hpp:280:3:[m[K [01;36m[Knote: [m[Kcandidate: ‘[01m[Ktemplate<class type> constexpr typename std::enable_if<std::is_convertible<type, std::__cxx11::basic_string<char> >::value, const std::__cxx11::basic_string<char>&>::type rclcpp::ParameterValue::[01;32m[Kget[m[K() const[m[K’
[5.245s]   280 |   [01;36m[Kget[m[K() const
[5.245s]       |   [01;36m[K^~~[m[K
[5.245s] [01m[K/opt/ros/jazzy/include/rclcpp/rclcpp/parameter_value.hpp:280:3:[m[K [01;36m[Knote: [m[K  template argument deduction/substitution failed:
[5.245s] /opt/ros/jazzy/include/rclcpp/rclcpp/parameter_value.hpp: In substitution of ‘[01m[Ktemplate<class type> constexpr typename std::enable_if<std::is_convertible<type, std::__cxx11::basic_string<char> >::value, const std::__cxx11::basic_string<char>&>::type rclcpp::ParameterValue::[01;32m[Kget[m[K() const [35m[K[with type = std::vector<long unsigned int>][m[K[m[K’:
[5.245s] [01m[K/opt/ros/jazzy/include/rclcpp/rclcpp/node_impl.hpp:280:22:[m[K   required from ‘[01m[Kauto rclcpp::Node::[01;32m[Kdeclare_parameter[m[K(const std::string&, const rcl_interfaces::msg::ParameterDescriptor&, bool) [35m[K[with ParameterT = std::vector<long unsigned int>; std::string = std::__cxx11::basic_string<char>; rcl_interfaces::msg::ParameterDescriptor = rcl_interfaces::msg::ParameterDescriptor_<std::allocator<void> >][m[K[m[K’
[5.245s] [01m[K/opt/ros/jazzy/include/sas_common/sas_common.hpp:117:52:[m[K   required from ‘[01m[Kvoid sas::[01;32m[Kget_ros_parameter[m[K(std::shared_ptr<rclcpp::Node>&, const std::string&, std::vector<BufferT>&) [35m[K[with T = long unsigned int; std::string = std::__cxx11::basic_string<char>][m[K[m[K’
[5.245s] [01m[K/home/robot/Documents/sas_robot_driver_px100/src/sas_robot_driver_px100/src/sas_robot_driver_PX100_node.cpp:38:31:[m[K   required from here
[5.246s] [01m[K/opt/ros/jazzy/include/rclcpp/rclcpp/parameter_value.hpp:280:3:[m[K [01;31m[Kerror: [m[Kno type named ‘[01m[Ktype[m[K’ in ‘[01m[Kstruct std::enable_if<false, const std::__cxx11::basic_string<char>&>[m[K’
[5.246s] /opt/ros/jazzy/include/rclcpp/rclcpp/node_impl.hpp: In instantiation of ‘[01m[Kauto rclcpp::Node::[01;32m[Kdeclare_parameter[m[K(const std::string&, const rcl_interfaces::msg::ParameterDescriptor&, bool) [35m[K[with ParameterT = std::vector<long unsigned int>; std::string = std::__cxx11::basic_string<char>; rcl_interfaces::msg::ParameterDescriptor = rcl_interfaces::msg::ParameterDescriptor_<std::allocator<void> >][m[K[m[K’:
[5.246s] [01m[K/opt/ros/jazzy/include/sas_common/sas_common.hpp:117:52:[m[K   required from ‘[01m[Kvoid sas::[01;32m[Kget_ros_parameter[m[K(std::shared_ptr<rclcpp::Node>&, const std::string&, std::vector<BufferT>&) [35m[K[with T = long unsigned int; std::string = std::__cxx11::basic_string<char>][m[K[m[K’
[5.246s] [01m[K/home/robot/Documents/sas_robot_driver_px100/src/sas_robot_driver_px100/src/sas_robot_driver_PX100_node.cpp:38:31:[m[K   required from here
[5.246s] [01m[K/opt/ros/jazzy/include/rclcpp/rclcpp/parameter_value.hpp:290:3:[m[K [01;36m[Knote: [m[Kcandidate: ‘[01m[Ktemplate<class type> constexpr typename std::enable_if<std::is_convertible<type, const std::vector<unsigned char, std::allocator<unsigned char> >&>::value, const std::vector<unsigned char, std::allocator<unsigned char> >&>::type rclcpp::ParameterValue::[01;32m[Kget[m[K() const[m[K’
[5.246s]   290 |   [01;36m[Kget[m[K() const
[5.246s]       |   [01;36m[K^~~[m[K
[5.246s] [01m[K/opt/ros/jazzy/include/rclcpp/rclcpp/parameter_value.hpp:290:3:[m[K [01;36m[Knote: [m[K  template argument deduction/substitution failed:
[5.246s] /opt/ros/jazzy/include/rclcpp/rclcpp/parameter_value.hpp: In substitution of ‘[01m[Ktemplate<class type> constexpr typename std::enable_if<std::is_convertible<type, const std::vector<unsigned char, std::allocator<unsigned char> >&>::value, const std::vector<unsigned char, std::allocator<unsigned char> >&>::type rclcpp::ParameterValue::[01;32m[Kget[m[K() const [35m[K[with type = std::vector<long unsigned int>][m[K[m[K’:
[5.247s] [01m[K/opt/ros/jazzy/include/rclcpp/rclcpp/node_impl.hpp:280:22:[m[K   required from ‘[01m[Kauto rclcpp::Node::[01;32m[Kdeclare_parameter[m[K(const std::string&, const rcl_interfaces::msg::ParameterDescriptor&, bool) [35m[K[with ParameterT = std::vector<long unsigned int>; std::string = std::__cxx11::basic_string<char>; rcl_interfaces::msg::ParameterDescriptor = rcl_interfaces::msg::ParameterDescriptor_<std::allocator<void> >][m[K[m[K’
[5.247s] [01m[K/opt/ros/jazzy/include/sas_common/sas_common.hpp:117:52:[m[K   required from ‘[01m[Kvoid sas::[01;32m[Kget_ros_parameter[m[K(std::shared_ptr<rclcpp::Node>&, const std::string&, std::vector<BufferT>&) [35m[K[with T = long unsigned int; std::string = std::__cxx11::basic_string<char>][m[K[m[K’
[5.247s] [01m[K/home/robot/Documents/sas_robot_driver_px100/src/sas_robot_driver_px100/src/sas_robot_driver_PX100_node.cpp:38:31:[m[K   required from here
[5.247s] [01m[K/opt/ros/jazzy/include/rclcpp/rclcpp/parameter_value.hpp:290:3:[m[K [01;31m[Kerror: [m[Kno type named ‘[01m[Ktype[m[K’ in ‘[01m[Kstruct std::enable_if<false, const std::vector<unsigned char, std::allocator<unsigned char> >&>[m[K’
[5.247s] /opt/ros/jazzy/include/rclcpp/rclcpp/node_impl.hpp: In instantiation of ‘[01m[Kauto rclcpp::Node::[01;32m[Kdeclare_parameter[m[K(const std::string&, const rcl_interfaces::msg::ParameterDescriptor&, bool) [35m[K[with ParameterT = std::vector<long unsigned int>; std::string = std::__cxx11::basic_string<char>; rcl_interfaces::msg::ParameterDescriptor = rcl_interfaces::msg::ParameterDescriptor_<std::allocator<void> >][m[K[m[K’:
[5.247s] [01m[K/opt/ros/jazzy/include/sas_common/sas_common.hpp:117:52:[m[K   required from ‘[01m[Kvoid sas::[01;32m[Kget_ros_parameter[m[K(std::shared_ptr<rclcpp::Node>&, const std::string&, std::vector<BufferT>&) [35m[K[with T = long unsigned int; std::string = std::__cxx11::basic_string<char>][m[K[m[K’
[5.247s] [01m[K/home/robot/Documents/sas_robot_driver_px100/src/sas_robot_driver_px100/src/sas_robot_driver_PX100_node.cpp:38:31:[m[K   required from here
[5.247s] [01m[K/opt/ros/jazzy/include/rclcpp/rclcpp/parameter_value.hpp:300:3:[m[K [01;36m[Knote: [m[Kcandidate: ‘[01m[Ktemplate<class type> constexpr typename std::enable_if<std::is_convertible<type, const std::vector<bool, std::allocator<bool> >&>::value, const std::vector<bool, std::allocator<bool> >&>::type rclcpp::ParameterValue::[01;32m[Kget[m[K() const[m[K’
[5.247s]   300 |   [01;36m[Kget[m[K() const
[5.248s]       |   [01;36m[K^~~[m[K
[5.248s] [01m[K/opt/ros/jazzy/include/rclcpp/rclcpp/parameter_value.hpp:300:3:[m[K [01;36m[Knote: [m[K  template argument deduction/substitution failed:
[5.248s] /opt/ros/jazzy/include/rclcpp/rclcpp/parameter_value.hpp: In substitution of ‘[01m[Ktemplate<class type> constexpr typename std::enable_if<std::is_convertible<type, const std::vector<bool, std::allocator<bool> >&>::value, const std::vector<bool, std::allocator<bool> >&>::type rclcpp::ParameterValue::[01;32m[Kget[m[K() const [35m[K[with type = std::vector<long unsigned int>][m[K[m[K’:
[5.248s] [01m[K/opt/ros/jazzy/include/rclcpp/rclcpp/node_impl.hpp:280:22:[m[K   required from ‘[01m[Kauto rclcpp::Node::[01;32m[Kdeclare_parameter[m[K(const std::string&, const rcl_interfaces::msg::ParameterDescriptor&, bool) [35m[K[with ParameterT = std::vector<long unsigned int>; std::string = std::__cxx11::basic_string<char>; rcl_interfaces::msg::ParameterDescriptor = rcl_interfaces::msg::ParameterDescriptor_<std::allocator<void> >][m[K[m[K’
[5.248s] [01m[K/opt/ros/jazzy/include/sas_common/sas_common.hpp:117:52:[m[K   required from ‘[01m[Kvoid sas::[01;32m[Kget_ros_parameter[m[K(std::shared_ptr<rclcpp::Node>&, const std::string&, std::vector<BufferT>&) [35m[K[with T = long unsigned int; std::string = std::__cxx11::basic_string<char>][m[K[m[K’
[5.248s] [01m[K/home/robot/Documents/sas_robot_driver_px100/src/sas_robot_driver_px100/src/sas_robot_driver_PX100_node.cpp:38:31:[m[K   required from here
[5.248s] [01m[K/opt/ros/jazzy/include/rclcpp/rclcpp/parameter_value.hpp:300:3:[m[K [01;31m[Kerror: [m[Kno type named ‘[01m[Ktype[m[K’ in ‘[01m[Kstruct std::enable_if<false, const std::vector<bool, std::allocator<bool> >&>[m[K’
[5.248s] /opt/ros/jazzy/include/rclcpp/rclcpp/node_impl.hpp: In instantiation of ‘[01m[Kauto rclcpp::Node::[01;32m[Kdeclare_parameter[m[K(const std::string&, const rcl_interfaces::msg::ParameterDescriptor&, bool) [35m[K[with ParameterT = std::vector<long unsigned int>; std::string = std::__cxx11::basic_string<char>; rcl_interfaces::msg::ParameterDescriptor = rcl_interfaces::msg::ParameterDescriptor_<std::allocator<void> >][m[K[m[K’:
[5.248s] [01m[K/opt/ros/jazzy/include/sas_common/sas_common.hpp:117:52:[m[K   required from ‘[01m[Kvoid sas::[01;32m[Kget_ros_parameter[m[K(std::shared_ptr<rclcpp::Node>&, const std::string&, std::vector<BufferT>&) [35m[K[with T = long unsigned int; std::string = std::__cxx11::basic_string<char>][m[K[m[K’
[5.249s] [01m[K/home/robot/Documents/sas_robot_driver_px100/src/sas_robot_driver_px100/src/sas_robot_driver_PX100_node.cpp:38:31:[m[K   required from here
[5.249s] [01m[K/opt/ros/jazzy/include/rclcpp/rclcpp/parameter_value.hpp:310:3:[m[K [01;36m[Knote: [m[Kcandidate: ‘[01m[Ktemplate<class type> constexpr typename std::enable_if<std::is_convertible<type, const std::vector<int>&>::value, const std::vector<long int, std::allocator<long int> >&>::type rclcpp::ParameterValue::[01;32m[Kget[m[K() const[m[K’
[5.249s]   310 |   [01;36m[Kget[m[K() const
[5.249s]       |   [01;36m[K^~~[m[K
[5.249s] [01m[K/opt/ros/jazzy/include/rclcpp/rclcpp/parameter_value.hpp:310:3:[m[K [01;36m[Knote: [m[K  template argument deduction/substitution failed:
[5.249s] /opt/ros/jazzy/include/rclcpp/rclcpp/parameter_value.hpp: In substitution of ‘[01m[Ktemplate<class type> constexpr typename std::enable_if<std::is_convertible<type, const std::vector<int>&>::value, const std::vector<long int, std::allocator<long int> >&>::type rclcpp::ParameterValue::[01;32m[Kget[m[K() const [35m[K[with type = std::vector<long unsigned int>][m[K[m[K’:
[5.249s] [01m[K/opt/ros/jazzy/include/rclcpp/rclcpp/node_impl.hpp:280:22:[m[K   required from ‘[01m[Kauto rclcpp::Node::[01;32m[Kdeclare_parameter[m[K(const std::string&, const rcl_interfaces::msg::ParameterDescriptor&, bool) [35m[K[with ParameterT = std::vector<long unsigned int>; std::string = std::__cxx11::basic_string<char>; rcl_interfaces::msg::ParameterDescriptor = rcl_interfaces::msg::ParameterDescriptor_<std::allocator<void> >][m[K[m[K’
[5.249s] [01m[K/opt/ros/jazzy/include/sas_common/sas_common.hpp:117:52:[m[K   required from ‘[01m[Kvoid sas::[01;32m[Kget_ros_parameter[m[K(std::shared_ptr<rclcpp::Node>&, const std::string&, std::vector<BufferT>&) [35m[K[with T = long unsigned int; std::string = std::__cxx11::basic_string<char>][m[K[m[K’
[5.249s] [01m[K/home/robot/Documents/sas_robot_driver_px100/src/sas_robot_driver_px100/src/sas_robot_driver_PX100_node.cpp:38:31:[m[K   required from here
[5.249s] [01m[K/opt/ros/jazzy/include/rclcpp/rclcpp/parameter_value.hpp:310:3:[m[K [01;31m[Kerror: [m[Kno type named ‘[01m[Ktype[m[K’ in ‘[01m[Kstruct std::enable_if<false, const std::vector<long int, std::allocator<long int> >&>[m[K’
[5.250s] /opt/ros/jazzy/include/rclcpp/rclcpp/node_impl.hpp: In instantiation of ‘[01m[Kauto rclcpp::Node::[01;32m[Kdeclare_parameter[m[K(const std::string&, const rcl_interfaces::msg::ParameterDescriptor&, bool) [35m[K[with ParameterT = std::vector<long unsigned int>; std::string = std::__cxx11::basic_string<char>; rcl_interfaces::msg::ParameterDescriptor = rcl_interfaces::msg::ParameterDescriptor_<std::allocator<void> >][m[K[m[K’:
[5.250s] [01m[K/opt/ros/jazzy/include/sas_common/sas_common.hpp:117:52:[m[K   required from ‘[01m[Kvoid sas::[01;32m[Kget_ros_parameter[m[K(std::shared_ptr<rclcpp::Node>&, const std::string&, std::vector<BufferT>&) [35m[K[with T = long unsigned int; std::string = std::__cxx11::basic_string<char>][m[K[m[K’
[5.250s] [01m[K/home/robot/Documents/sas_robot_driver_px100/src/sas_robot_driver_px100/src/sas_robot_driver_PX100_node.cpp:38:31:[m[K   required from here
[5.250s] [01m[K/opt/ros/jazzy/include/rclcpp/rclcpp/parameter_value.hpp:320:3:[m[K [01;36m[Knote: [m[Kcandidate: ‘[01m[Ktemplate<class type> constexpr typename std::enable_if<std::is_convertible<type, const std::vector<long int, std::allocator<long int> >&>::value, const std::vector<long int, std::allocator<long int> >&>::type rclcpp::ParameterValue::[01;32m[Kget[m[K() const[m[K’
[5.250s]   320 |   [01;36m[Kget[m[K() const
[5.250s]       |   [01;36m[K^~~[m[K
[5.250s] [01m[K/opt/ros/jazzy/include/rclcpp/rclcpp/parameter_value.hpp:320:3:[m[K [01;36m[Knote: [m[K  template argument deduction/substitution failed:
[5.250s] /opt/ros/jazzy/include/rclcpp/rclcpp/parameter_value.hpp: In substitution of ‘[01m[Ktemplate<class type> constexpr typename std::enable_if<std::is_convertible<type, const std::vector<long int, std::allocator<long int> >&>::value, const std::vector<long int, std::allocator<long int> >&>::type rclcpp::ParameterValue::[01;32m[Kget[m[K() const [35m[K[with type = std::vector<long unsigned int>][m[K[m[K’:
[5.250s] [01m[K/opt/ros/jazzy/include/rclcpp/rclcpp/node_impl.hpp:280:22:[m[K   required from ‘[01m[Kauto rclcpp::Node::[01;32m[Kdeclare_parameter[m[K(const std::string&, const rcl_interfaces::msg::ParameterDescriptor&, bool) [35m[K[with ParameterT = std::vector<long unsigned int>; std::string = std::__cxx11::basic_string<char>; rcl_interfaces::msg::ParameterDescriptor = rcl_interfaces::msg::ParameterDescriptor_<std::allocator<void> >][m[K[m[K’
[5.251s] [01m[K/opt/ros/jazzy/include/sas_common/sas_common.hpp:117:52:[m[K   required from ‘[01m[Kvoid sas::[01;32m[Kget_ros_parameter[m[K(std::shared_ptr<rclcpp::Node>&, const std::string&, std::vector<BufferT>&) [35m[K[with T = long unsigned int; std::string = std::__cxx11::basic_string<char>][m[K[m[K’
[5.251s] [01m[K/home/robot/Documents/sas_robot_driver_px100/src/sas_robot_driver_px100/src/sas_robot_driver_PX100_node.cpp:38:31:[m[K   required from here
[5.251s] [01m[K/opt/ros/jazzy/include/rclcpp/rclcpp/parameter_value.hpp:320:3:[m[K [01;31m[Kerror: [m[Kno type named ‘[01m[Ktype[m[K’ in ‘[01m[Kstruct std::enable_if<false, const std::vector<long int, std::allocator<long int> >&>[m[K’
[5.251s] /opt/ros/jazzy/include/rclcpp/rclcpp/node_impl.hpp: In instantiation of ‘[01m[Kauto rclcpp::Node::[01;32m[Kdeclare_parameter[m[K(const std::string&, const rcl_interfaces::msg::ParameterDescriptor&, bool) [35m[K[with ParameterT = std::vector<long unsigned int>; std::string = std::__cxx11::basic_string<char>; rcl_interfaces::msg::ParameterDescriptor = rcl_interfaces::msg::ParameterDescriptor_<std::allocator<void> >][m[K[m[K’:
[5.251s] [01m[K/opt/ros/jazzy/include/sas_common/sas_common.hpp:117:52:[m[K   required from ‘[01m[Kvoid sas::[01;32m[Kget_ros_parameter[m[K(std::shared_ptr<rclcpp::Node>&, const std::string&, std::vector<BufferT>&) [35m[K[with T = long unsigned int; std::string = std::__cxx11::basic_string<char>][m[K[m[K’
[5.251s] [01m[K/home/robot/Documents/sas_robot_driver_px100/src/sas_robot_driver_px100/src/sas_robot_driver_PX100_node.cpp:38:31:[m[K   required from here
[5.251s] [01m[K/opt/ros/jazzy/include/rclcpp/rclcpp/parameter_value.hpp:330:3:[m[K [01;36m[Knote: [m[Kcandidate: ‘[01m[Ktemplate<class type> constexpr typename std::enable_if<std::is_convertible<type, const std::vector<float>&>::value, const std::vector<double, std::allocator<double> >&>::type rclcpp::ParameterValue::[01;32m[Kget[m[K() const[m[K’
[5.251s]   330 |   [01;36m[Kget[m[K() const
[5.251s]       |   [01;36m[K^~~[m[K
[5.251s] [01m[K/opt/ros/jazzy/include/rclcpp/rclcpp/parameter_value.hpp:330:3:[m[K [01;36m[Knote: [m[K  template argument deduction/substitution failed:
[5.252s] /opt/ros/jazzy/include/rclcpp/rclcpp/parameter_value.hpp: In substitution of ‘[01m[Ktemplate<class type> constexpr typename std::enable_if<std::is_convertible<type, const std::vector<float>&>::value, const std::vector<double, std::allocator<double> >&>::type rclcpp::ParameterValue::[01;32m[Kget[m[K() const [35m[K[with type = std::vector<long unsigned int>][m[K[m[K’:
[5.252s] [01m[K/opt/ros/jazzy/include/rclcpp/rclcpp/node_impl.hpp:280:22:[m[K   required from ‘[01m[Kauto rclcpp::Node::[01;32m[Kdeclare_parameter[m[K(const std::string&, const rcl_interfaces::msg::ParameterDescriptor&, bool) [35m[K[with ParameterT = std::vector<long unsigned int>; std::string = std::__cxx11::basic_string<char>; rcl_interfaces::msg::ParameterDescriptor = rcl_interfaces::msg::ParameterDescriptor_<std::allocator<void> >][m[K[m[K’
[5.252s] [01m[K/opt/ros/jazzy/include/sas_common/sas_common.hpp:117:52:[m[K   required from ‘[01m[Kvoid sas::[01;32m[Kget_ros_parameter[m[K(std::shared_ptr<rclcpp::Node>&, const std::string&, std::vector<BufferT>&) [35m[K[with T = long unsigned int; std::string = std::__cxx11::basic_string<char>][m[K[m[K’
[5.252s] [01m[K/home/robot/Documents/sas_robot_driver_px100/src/sas_robot_driver_px100/src/sas_robot_driver_PX100_node.cpp:38:31:[m[K   required from here
[5.252s] [01m[K/opt/ros/jazzy/include/rclcpp/rclcpp/parameter_value.hpp:330:3:[m[K [01;31m[Kerror: [m[Kno type named ‘[01m[Ktype[m[K’ in ‘[01m[Kstruct std::enable_if<false, const std::vector<double, std::allocator<double> >&>[m[K’
[5.252s] /opt/ros/jazzy/include/rclcpp/rclcpp/node_impl.hpp: In instantiation of ‘[01m[Kauto rclcpp::Node::[01;32m[Kdeclare_parameter[m[K(const std::string&, const rcl_interfaces::msg::ParameterDescriptor&, bool) [35m[K[with ParameterT = std::vector<long unsigned int>; std::string = std::__cxx11::basic_string<char>; rcl_interfaces::msg::ParameterDescriptor = rcl_interfaces::msg::ParameterDescriptor_<std::allocator<void> >][m[K[m[K’:
[5.252s] [01m[K/opt/ros/jazzy/include/sas_common/sas_common.hpp:117:52:[m[K   required from ‘[01m[Kvoid sas::[01;32m[Kget_ros_parameter[m[K(std::shared_ptr<rclcpp::Node>&, const std::string&, std::vector<BufferT>&) [35m[K[with T = long unsigned int; std::string = std::__cxx11::basic_string<char>][m[K[m[K’
[5.252s] [01m[K/home/robot/Documents/sas_robot_driver_px100/src/sas_robot_driver_px100/src/sas_robot_driver_PX100_node.cpp:38:31:[m[K   required from here
[5.253s] [01m[K/opt/ros/jazzy/include/rclcpp/rclcpp/parameter_value.hpp:340:3:[m[K [01;36m[Knote: [m[Kcandidate: ‘[01m[Ktemplate<class type> constexpr typename std::enable_if<std::is_convertible<type, const std::vector<double, std::allocator<double> >&>::value, const std::vector<double, std::allocator<double> >&>::type rclcpp::ParameterValue::[01;32m[Kget[m[K() const[m[K’
[5.253s]   340 |   [01;36m[Kget[m[K() const
[5.253s]       |   [01;36m[K^~~[m[K
[5.253s] [01m[K/opt/ros/jazzy/include/rclcpp/rclcpp/parameter_value.hpp:340:3:[m[K [01;36m[Knote: [m[K  template argument deduction/substitution failed:
[5.253s] /opt/ros/jazzy/include/rclcpp/rclcpp/parameter_value.hpp: In substitution of ‘[01m[Ktemplate<class type> constexpr typename std::enable_if<std::is_convertible<type, const std::vector<double, std::allocator<double> >&>::value, const std::vector<double, std::allocator<double> >&>::type rclcpp::ParameterValue::[01;32m[Kget[m[K() const [35m[K[with type = std::vector<long unsigned int>][m[K[m[K’:
[5.253s] [01m[K/opt/ros/jazzy/include/rclcpp/rclcpp/node_impl.hpp:280:22:[m[K   required from ‘[01m[Kauto rclcpp::Node::[01;32m[Kdeclare_parameter[m[K(const std::string&, const rcl_interfaces::msg::ParameterDescriptor&, bool) [35m[K[with ParameterT = std::vector<long unsigned int>; std::string = std::__cxx11::basic_string<char>; rcl_interfaces::msg::ParameterDescriptor = rcl_interfaces::msg::ParameterDescriptor_<std::allocator<void> >][m[K[m[K’
[5.253s] [01m[K/opt/ros/jazzy/include/sas_common/sas_common.hpp:117:52:[m[K   required from ‘[01m[Kvoid sas::[01;32m[Kget_ros_parameter[m[K(std::shared_ptr<rclcpp::Node>&, const std::string&, std::vector<BufferT>&) [35m[K[with T = long unsigned int; std::string = std::__cxx11::basic_string<char>][m[K[m[K’
[5.253s] [01m[K/home/robot/Documents/sas_robot_driver_px100/src/sas_robot_driver_px100/src/sas_robot_driver_PX100_node.cpp:38:31:[m[K   required from here
[5.253s] [01m[K/opt/ros/jazzy/include/rclcpp/rclcpp/parameter_value.hpp:340:3:[m[K [01;31m[Kerror: [m[Kno type named ‘[01m[Ktype[m[K’ in ‘[01m[Kstruct std::enable_if<false, const std::vector<double, std::allocator<double> >&>[m[K’
[5.253s] /opt/ros/jazzy/include/rclcpp/rclcpp/node_impl.hpp: In instantiation of ‘[01m[Kauto rclcpp::Node::[01;32m[Kdeclare_parameter[m[K(const std::string&, const rcl_interfaces::msg::ParameterDescriptor&, bool) [35m[K[with ParameterT = std::vector<long unsigned int>; std::string = std::__cxx11::basic_string<char>; rcl_interfaces::msg::ParameterDescriptor = rcl_interfaces::msg::ParameterDescriptor_<std::allocator<void> >][m[K[m[K’:
[5.254s] [01m[K/opt/ros/jazzy/include/sas_common/sas_common.hpp:117:52:[m[K   required from ‘[01m[Kvoid sas::[01;32m[Kget_ros_parameter[m[K(std::shared_ptr<rclcpp::Node>&, const std::string&, std::vector<BufferT>&) [35m[K[with T = long unsigned int; std::string = std::__cxx11::basic_string<char>][m[K[m[K’
[5.254s] [01m[K/home/robot/Documents/sas_robot_driver_px100/src/sas_robot_driver_px100/src/sas_robot_driver_PX100_node.cpp:38:31:[m[K   required from here
[5.254s] [01m[K/opt/ros/jazzy/include/rclcpp/rclcpp/parameter_value.hpp:350:3:[m[K [01;36m[Knote: [m[Kcandidate: ‘[01m[Ktemplate<class type> constexpr typename std::enable_if<std::is_convertible<type, const std::vector<std::__cxx11::basic_string<char>, std::allocator<std::__cxx11::basic_string<char> > >&>::value, const std::vector<std::__cxx11::basic_string<char>, std::allocator<std::__cxx11::basic_string<char> > >&>::type rclcpp::ParameterValue::[01;32m[Kget[m[K() const[m[K’
[5.254s]   350 |   [01;36m[Kget[m[K() const
[5.254s]       |   [01;36m[K^~~[m[K
[5.254s] [01m[K/opt/ros/jazzy/include/rclcpp/rclcpp/parameter_value.hpp:350:3:[m[K [01;36m[Knote: [m[K  template argument deduction/substitution failed:
[5.254s] /opt/ros/jazzy/include/rclcpp/rclcpp/parameter_value.hpp: In substitution of ‘[01m[Ktemplate<class type> constexpr typename std::enable_if<std::is_convertible<type, const std::vector<std::__cxx11::basic_string<char>, std::allocator<std::__cxx11::basic_string<char> > >&>::value, const std::vector<std::__cxx11::basic_string<char>, std::allocator<std::__cxx11::basic_string<char> > >&>::type rclcpp::ParameterValue::[01;32m[Kget[m[K() const [35m[K[with type = std::vector<long unsigned int>][m[K[m[K’:
[5.254s] [01m[K/opt/ros/jazzy/include/rclcpp/rclcpp/node_impl.hpp:280:22:[m[K   required from ‘[01m[Kauto rclcpp::Node::[01;32m[Kdeclare_parameter[m[K(const std::string&, const rcl_interfaces::msg::ParameterDescriptor&, bool) [35m[K[with ParameterT = std::vector<long unsigned int>; std::string = std::__cxx11::basic_string<char>; rcl_interfaces::msg::ParameterDescriptor = rcl_interfaces::msg::ParameterDescriptor_<std::allocator<void> >][m[K[m[K’
[5.254s] [01m[K/opt/ros/jazzy/include/sas_common/sas_common.hpp:117:52:[m[K   required from ‘[01m[Kvoid sas::[01;32m[Kget_ros_parameter[m[K(std::shared_ptr<rclcpp::Node>&, const std::string&, std::vector<BufferT>&) [35m[K[with T = long unsigned int; std::string = std::__cxx11::basic_string<char>][m[K[m[K’
[5.255s] [01m[K/home/robot/Documents/sas_robot_driver_px100/src/sas_robot_driver_px100/src/sas_robot_driver_PX100_node.cpp:38:31:[m[K   required from here
[5.255s] [01m[K/opt/ros/jazzy/include/rclcpp/rclcpp/parameter_value.hpp:350:3:[m[K [01;31m[Kerror: [m[Kno type named ‘[01m[Ktype[m[K’ in ‘[01m[Kstruct std::enable_if<false, const std::vector<std::__cxx11::basic_string<char>, std::allocator<std::__cxx11::basic_string<char> > >&>[m[K’
[6.253s] gmake[2]: *** [CMakeFiles/sas_robot_driver_PX100_node.dir/build.make:76: CMakeFiles/sas_robot_driver_PX100_node.dir/src/sas_robot_driver_PX100_node.cpp.o] Error 1
[6.253s] gmake[1]: *** [CMakeFiles/Makefile2:165: CMakeFiles/sas_robot_driver_PX100_node.dir/all] Error 2
[6.254s] gmake: *** [Makefile:146: all] Error 2
[6.256s] Invoked command in '/home/robot/Documents/sas_robot_driver_px100/build/sas_robot_driver_px100' returned '2': CMAKE_PREFIX_PATH=${CMAKE_PREFIX_PATH}:/opt/ros/jazzy DEBUGINFOD_URLS=https://debuginfod.ubuntu.com /usr/bin/cmake --build /home/robot/Documents/sas_robot_driver_px100/build/sas_robot_driver_px100 -- -j8 -l8
