[0.011s] Invoking command in '/home/robot/Documents/sas_robot_driver_px100/build/sas_robot_driver_px100': CMAKE_PREFIX_PATH=${CMAKE_PREFIX_PATH}:/opt/ros/jazzy DEBUGINFOD_URLS=https://debuginfod.ubuntu.com /usr/bin/cmake --build /home/robot/Documents/sas_robot_driver_px100/build/sas_robot_driver_px100 -- -j8 -l8
[0.067s] [ 25%] [32mBuilding CXX object CMakeFiles/sas_robot_driver_px100.dir/src/sas_robot_driver_PX100.cpp.o[0m
[1.301s] [01m[K/home/robot/Documents/sas_robot_driver_px100/src/sas_robot_driver_px100/src/sas_robot_driver_PX100.cpp:[m[K In constructor ‘[01m[Ksas::RobotDriverPX100::[01;32m[KRobotDriverPX100[m[K(const sas::RobotDriverPX100Configuration&, std::atomic_bool*)[m[K’:
[1.301s] [01m[K/home/robot/Documents/sas_robot_driver_px100/src/sas_robot_driver_px100/src/sas_robot_driver_PX100.cpp:48:145:[m[K [01;31m[Kerror: [m[Kno matching function for call to ‘[01m[Kdynamixel::GroupSyncWrite::GroupSyncWrite(std::shared_ptr<dynamixel::PortHandler>&, std::shared_ptr<dynamixel::PacketHandler>&, uint16_t&, uint16_t&)[m[K’
[1.301s]    48 | acketHandler_, impl_->goal_position_address, impl_->data_length_4byte[01;31m[K)[m[K;
[1.301s]       |                                                                      [01;31m[K^[m[K
[1.302s] 
[1.302s] In file included from [01m[K/usr/local/include/dynamixel_sdk/dynamixel_sdk.h:29[m[K,
[1.302s]                  from [01m[K/home/robot/Documents/sas_robot_driver_px100/src/sas_robot_driver_px100/src/sas_robot_driver_PX100.cpp:5[m[K:
[1.302s] [01m[K/usr/local/include/dynamixel_sdk/group_sync_write.h:52:3:[m[K [01;36m[Knote: [m[Kcandidate: ‘[01m[Kdynamixel::GroupSyncWrite::[01;32m[KGroupSyncWrite[m[K(dynamixel::PortHandler*, dynamixel::PacketHandler*, uint16_t, uint16_t)[m[K’
[1.302s]    52 |   [01;36m[KGroupSyncWrite[m[K(PortHandler *port, PacketHandler *ph, uint16_t start_address, uint16_t data_length);
[1.302s]       |   [01;36m[K^~~~~~~~~~~~~~[m[K
[1.302s] [01m[K/usr/local/include/dynamixel_sdk/group_sync_write.h:52:31:[m[K [01;36m[Knote: [m[K  no known conversion for argument 1 from ‘[01m[Kstd::shared_ptr<dynamixel::PortHandler>[m[K’ to ‘[01m[Kdynamixel::PortHandler*[m[K’
[1.302s]    52 |   GroupSyncWrite([01;36m[KPortHandler *port[m[K, PacketHandler *ph, uint16_t start_address, uint16_t data_length);
[1.302s]       |                  [01;36m[K~~~~~~~~~~~~~^~~~[m[K
[1.303s] [01m[K/usr/local/include/dynamixel_sdk/group_sync_write.h:36:19:[m[K [01;36m[Knote: [m[Kcandidate: ‘[01m[Kdynamixel::GroupSyncWrite::[01;32m[KGroupSyncWrite[m[K(const dynamixel::GroupSyncWrite&)[m[K’
[1.303s]    36 | class WINDECLSPEC [01;36m[KGroupSyncWrite[m[K : public GroupHandler
[1.303s]       |                   [01;36m[K^~~~~~~~~~~~~~[m[K
[1.303s] [01m[K/usr/local/include/dynamixel_sdk/group_sync_write.h:36:19:[m[K [01;36m[Knote: [m[K  candidate expects 1 argument, 4 provided
[1.303s] [01m[K/home/robot/Documents/sas_robot_driver_px100/src/sas_robot_driver_px100/src/sas_robot_driver_PX100.cpp:49:146:[m[K [01;31m[Kerror: [m[Kno matching function for call to ‘[01m[Kdynamixel::GroupSyncRead::GroupSyncRead(std::shared_ptr<dynamixel::PortHandler>&, std::shared_ptr<dynamixel::PacketHandler>&, uint16_t&, uint16_t&)[m[K’
[1.303s]    49 | etHandler_, impl_->present_position_address, impl_->data_length_4byte[01;31m[K)[m[K;
[1.303s]       |                                                                      [01;31m[K^[m[K
[1.304s] 
[1.304s] In file included from [01m[K/usr/local/include/dynamixel_sdk/dynamixel_sdk.h:28[m[K:
[1.304s] [01m[K/usr/local/include/dynamixel_sdk/group_sync_read.h:56:3:[m[K [01;36m[Knote: [m[Kcandidate: ‘[01m[Kdynamixel::GroupSyncRead::[01;32m[KGroupSyncRead[m[K(dynamixel::PortHandler*, dynamixel::PacketHandler*, uint16_t, uint16_t)[m[K’
[1.304s]    56 |   [01;36m[KGroupSyncRead[m[K(PortHandler *port, PacketHandler *ph, uint16_t start_address, uint16_t data_length);
[1.304s]       |   [01;36m[K^~~~~~~~~~~~~[m[K
[1.304s] [01m[K/usr/local/include/dynamixel_sdk/group_sync_read.h:56:30:[m[K [01;36m[Knote: [m[K  no known conversion for argument 1 from ‘[01m[Kstd::shared_ptr<dynamixel::PortHandler>[m[K’ to ‘[01m[Kdynamixel::PortHandler*[m[K’
[1.304s]    56 |   GroupSyncRead([01;36m[KPortHandler *port[m[K, PacketHandler *ph, uint16_t start_address, uint16_t data_length);
[1.304s]       |                 [01;36m[K~~~~~~~~~~~~~^~~~[m[K
[1.305s] [01m[K/usr/local/include/dynamixel_sdk/group_sync_read.h:36:19:[m[K [01;36m[Knote: [m[Kcandidate: ‘[01m[Kdynamixel::GroupSyncRead::[01;32m[KGroupSyncRead[m[K(const dynamixel::GroupSyncRead&)[m[K’
[1.305s]    36 | class WINDECLSPEC [01;36m[KGroupSyncRead[m[K : public GroupHandler
[1.305s]       |                   [01;36m[K^~~~~~~~~~~~~[m[K
[1.305s] [01m[K/usr/local/include/dynamixel_sdk/group_sync_read.h:36:19:[m[K [01;36m[Knote: [m[K  candidate expects 1 argument, 4 provided
[1.305s] [01m[K/home/robot/Documents/sas_robot_driver_px100/src/sas_robot_driver_px100/src/sas_robot_driver_PX100.cpp:[m[K In member function ‘[01m[Kvirtual void sas::RobotDriverPX100::[01;32m[Kinitialize[m[K()[m[K’:
[1.305s] [01m[K/home/robot/Documents/sas_robot_driver_px100/src/sas_robot_driver_px100/src/sas_robot_driver_PX100.cpp:138:79:[m[K [01;31m[Kerror: [m[Kcannot convert ‘[01m[Kstd::shared_ptr<dynamixel::PortHandler>[m[K’ to ‘[01m[Kdynamixel::PortHandler*[m[K’
[1.305s]   138 | _comm_result = impl_->packetHandler_->write1ByteTxRx([01;31m[Kimpl_->portHandler_[m[K, id, impl_->torque_on_address, data, &impl_->dxl_error);
[1.305s]       |                                                      [01;31m[K~~~~~~~^~~~~~~~~~~~[m[K
[1.305s]       |                                                             [01;31m[K|[m[K
[1.305s]       |                                                             [01;31m[Kstd::shared_ptr<dynamixel::PortHandler>[m[K
[1.306s] 
[1.306s] In file included from [01m[K/usr/local/include/dynamixel_sdk/group_bulk_read.h:27[m[K,
[1.306s]                  from [01m[K/usr/local/include/dynamixel_sdk/dynamixel_sdk.h:26[m[K:
[1.306s] [01m[K/usr/local/include/dynamixel_sdk/packet_handler.h:476:45:[m[K [01;36m[Knote: [m[K  initializing argument 1 of ‘[01m[Kvirtual int dynamixel::PacketHandler::[01;32m[Kwrite1ByteTxRx[m[K(dynamixel::PortHandler*, uint8_t, uint16_t, uint8_t, uint8_t*)[m[K’
[1.306s]   476 |   virtual int write1ByteTxRx  ([01;36m[KPortHandler *port[m[K, uint8_t id, uint16_t address, uint8_t data, uint8_t *error = 0) = 0;
[1.306s]       |                                [01;36m[K~~~~~~~~~~~~~^~~~[m[K
[1.311s] [01m[K/home/robot/Documents/sas_robot_driver_px100/src/sas_robot_driver_px100/src/sas_robot_driver_PX100.cpp:149:38:[m[K [01;31m[Kerror: [m[K‘[01m[KgroupSyncRead[m[K’ was not declared in this scope
[1.311s]   149 |         impl_->dxl_addparam_result = [01;31m[KgroupSyncRead[m[K.addParam(id);
[1.312s]       |                                      [01;31m[K^~~~~~~~~~~~~[m[K
[1.312s] [01m[K/home/robot/Documents/sas_robot_driver_px100/src/sas_robot_driver_px100/src/sas_robot_driver_PX100.cpp:151:37:[m[K [01;31m[Kerror: [m[Kexpected primary-expression before ‘[01m[K([m[K’ token
[1.312s]   151 |             throw std::runtime_error[01;31m[K([m[K["ID:" + std::to_string(static_cast<int>(id)) +"]groupSyncRead addparam failed"]);
[1.312s]       |                                     [01;31m[K^[m[K
[1.312s] [01m[K/home/robot/Documents/sas_robot_driver_px100/src/sas_robot_driver_px100/src/sas_robot_driver_PX100.cpp:151:39:[m[K [01;31m[Kerror: [m[Kexpected identifier before string constant
[1.312s]   151 |             throw std::runtime_error([[01;31m[K"ID:"[m[K + std::to_string(static_cast<int>(id)) +"]groupSyncRead addparam failed"]);
[1.312s]       |                                       [01;31m[K^~~~~[m[K
[1.312s] [01m[K/home/robot/Documents/sas_robot_driver_px100/src/sas_robot_driver_px100/src/sas_robot_driver_PX100.cpp:[m[K In lambda function:
[1.312s] [01m[K/home/robot/Documents/sas_robot_driver_px100/src/sas_robot_driver_px100/src/sas_robot_driver_PX100.cpp:151:118:[m[K [01;31m[Kerror: [m[Kexpected ‘[01m[K{[m[K’ before ‘[01m[K)[m[K’ token
[1.312s]   151 | d::to_string(static_cast<int>(id)) +"]groupSyncRead addparam failed"][01;31m[K)[m[K;
[1.312s]       |                                                                      [01;31m[K^[m[K
[1.312s] 
[1.461s] gmake[2]: *** [CMakeFiles/sas_robot_driver_px100.dir/build.make:76: CMakeFiles/sas_robot_driver_px100.dir/src/sas_robot_driver_PX100.cpp.o] Error 1
[1.462s] gmake[1]: *** [CMakeFiles/Makefile2:139: CMakeFiles/sas_robot_driver_px100.dir/all] Error 2
[1.462s] gmake: *** [Makefile:146: all] Error 2
[1.464s] Invoked command in '/home/robot/Documents/sas_robot_driver_px100/build/sas_robot_driver_px100' returned '2': CMAKE_PREFIX_PATH=${CMAKE_PREFIX_PATH}:/opt/ros/jazzy DEBUGINFOD_URLS=https://debuginfod.ubuntu.com /usr/bin/cmake --build /home/robot/Documents/sas_robot_driver_px100/build/sas_robot_driver_px100 -- -j8 -l8
